TN:
SF:src/serde_support/tests.rs
FN:76,cim_graph::serde_support::tests::tests::test_serialization_errors
FN:57,cim_graph::serde_support::tests::tests::test_context_serialization
FN:88,cim_graph::serde_support::tests::tests::test_file_operations
FN:117,cim_graph::serde_support::tests::tests::test_helper_functions
FN:64,cim_graph::serde_support::tests::tests::test_concept_serialization
FN:12,cim_graph::serde_support::tests::tests::test_workflow_serialization
FN:64,cim_graph::serde_support::tests::tests::test_concept_serialization
FN:17,cim_graph::serde_support::tests::tests::test_ipld_serialization
FN:71,cim_graph::serde_support::tests::tests::test_composed_serialization
FN:17,cim_graph::serde_support::tests::tests::test_ipld_serialization
FN:71,cim_graph::serde_support::tests::tests::test_composed_serialization
FN:57,cim_graph::serde_support::tests::tests::test_context_serialization
FN:12,cim_graph::serde_support::tests::tests::test_workflow_serialization
FN:76,cim_graph::serde_support::tests::tests::test_serialization_errors
FNDA:1,cim_graph::serde_support::tests::tests::test_serialization_errors
FNDA:0,cim_graph::serde_support::tests::tests::test_context_serialization
FNDA:1,cim_graph::serde_support::tests::tests::test_file_operations
FNDA:1,cim_graph::serde_support::tests::tests::test_helper_functions
FNDA:0,cim_graph::serde_support::tests::tests::test_concept_serialization
FNDA:0,cim_graph::serde_support::tests::tests::test_workflow_serialization
FNDA:0,cim_graph::serde_support::tests::tests::test_concept_serialization
FNDA:1,cim_graph::serde_support::tests::tests::test_ipld_serialization
FNDA:0,cim_graph::serde_support::tests::tests::test_composed_serialization
FNDA:0,cim_graph::serde_support::tests::tests::test_ipld_serialization
FNDA:0,cim_graph::serde_support::tests::tests::test_composed_serialization
FNDA:0,cim_graph::serde_support::tests::tests::test_context_serialization
FNDA:0,cim_graph::serde_support::tests::tests::test_workflow_serialization
FNDA:0,cim_graph::serde_support::tests::tests::test_serialization_errors
FNF:14
FNH:4
BRF:0
BRH:0
DA:12,0
DA:14,0
DA:17,1
DA:18,1
DA:21,1
DA:22,1
DA:23,1
DA:25,1
DA:26,1
DA:27,1
DA:29,1
DA:32,1
DA:33,1
DA:34,1
DA:35,1
DA:38,1
DA:39,1
DA:41,1
DA:44,1
DA:45,1
DA:46,1
DA:49,1
DA:50,1
DA:51,1
DA:52,1
DA:57,0
DA:59,0
DA:64,0
DA:66,0
DA:71,0
DA:73,0
DA:76,1
DA:78,1
DA:79,1
DA:82,1
DA:83,1
DA:84,1
DA:85,1
DA:88,1
DA:91,1
DA:92,1
DA:93,1
DA:96,1
DA:97,1
DA:98,1
DA:99,1
DA:102,1
DA:103,1
DA:106,1
DA:107,1
DA:110,1
DA:113,1
DA:114,1
DA:117,1
DA:129,1
DA:130,1
DA:131,1
DA:132,1
DA:133,1
DA:136,1
DA:137,1
DA:138,1
DA:139,1
DA:140,1
DA:141,1
DA:142,1
LF:66
LH:58
end_of_record
SF:src/core/builder.rs
FN:43,<cim_graph::core::builder::GraphBuilder<cim_graph::graphs::concept::ConceptNode, cim_graph::graphs::concept::ConceptEdge>>::graph_type
FN:43,<cim_graph::core::builder::GraphBuilder<cim_graph::graphs::ipld::IpldNode, cim_graph::graphs::ipld::IpldEdge>>::graph_type
FN:82,<cim_graph::core::builder::GraphBuilder<cim_graph::core::node::GenericNode<&str>, cim_graph::core::edge::GenericEdge<()>>>::build_event
FN:43,<cim_graph::core::builder::GraphBuilder<cim_graph::graphs::context::ContextNode, cim_graph::graphs::context::ContextEdge>>::graph_type
FN:82,<cim_graph::core::builder::GraphBuilder<cim_graph::graphs::concept::ConceptNode, cim_graph::graphs::concept::ConceptEdge>>::build_event
FN:146,cim_graph::core::builder::tests::test_builder_creates_unique_ids
FN:32,<cim_graph::core::builder::GraphBuilder<cim_graph::graphs::workflow::WorkflowNode, cim_graph::graphs::workflow::WorkflowEdge>>::new
FN:146,cim_graph::core::builder::tests::test_builder_creates_unique_ids
FN:43,<cim_graph::core::builder::GraphBuilder<cim_graph::core::node::GenericNode<alloc::string::String>, cim_graph::core::edge::GenericEdge<()>>>::graph_type
FN:43,<cim_graph::core::builder::GraphBuilder<cim_graph::graphs::context::ContextNode, cim_graph::graphs::context::ContextEdge>>::graph_type
FN:32,<cim_graph::core::builder::GraphBuilder<cim_graph::core::node::GenericNode<&str>, cim_graph::core::edge::GenericEdge<()>>>::new
FN:32,<cim_graph::core::builder::GraphBuilder<cim_graph::graphs::ipld::IpldNode, cim_graph::graphs::ipld::IpldEdge>>::new
FN:82,<cim_graph::core::builder::GraphBuilder<cim_graph::graphs::workflow::WorkflowNode, cim_graph::graphs::workflow::WorkflowEdge>>::build_event
FN:32,<cim_graph::core::builder::GraphBuilder<cim_graph::core::node::GenericNode<&str>, cim_graph::core::edge::GenericEdge<f64>>>::new
FN:43,<cim_graph::core::builder::GraphBuilder<cim_graph::graphs::ipld::IpldNode, cim_graph::graphs::ipld::IpldEdge>>::graph_type
FN:32,<cim_graph::core::builder::GraphBuilder<cim_graph::core::node::GenericNode<alloc::string::String>, cim_graph::core::edge::GenericEdge<()>>>::new
FN:121,cim_graph::core::builder::tests::test_builder_default
FN:82,<cim_graph::core::builder::GraphBuilder<cim_graph::core::node::GenericNode<&str>, cim_graph::core::edge::GenericEdge<f64>>>::build_event
FN:49,<cim_graph::core::builder::GraphBuilder<cim_graph::core::node::GenericNode<&str>, cim_graph::core::edge::GenericEdge<()>>>::name::<&str>
FN:82,<cim_graph::core::builder::GraphBuilder<cim_graph::core::node::GenericNode<&str>, cim_graph::core::edge::GenericEdge<f64>>>::build_event
FN:82,<cim_graph::core::builder::GraphBuilder<cim_graph::core::node::GenericNode<&str>, cim_graph::core::edge::GenericEdge<()>>>::build_event
FN:82,<cim_graph::core::builder::GraphBuilder<cim_graph::graphs::context::ContextNode, cim_graph::graphs::context::ContextEdge>>::build_event
FN:107,<cim_graph::core::builder::GraphBuilder<_, _> as core::default::Default>::default
FN:32,<cim_graph::core::builder::GraphBuilder<cim_graph::graphs::workflow::WorkflowNode, cim_graph::graphs::workflow::WorkflowEdge>>::new
FN:49,<cim_graph::core::builder::GraphBuilder<cim_graph::core::node::GenericNode<&str>, cim_graph::core::edge::GenericEdge<()>>>::name::<&str>
FN:82,<cim_graph::core::builder::GraphBuilder<cim_graph::graphs::composed::ComposedNode, cim_graph::graphs::composed::ComposedEdge>>::build_event
FN:32,<cim_graph::core::builder::GraphBuilder<cim_graph::graphs::concept::ConceptNode, cim_graph::graphs::concept::ConceptEdge>>::new
FN:43,<cim_graph::core::builder::GraphBuilder<cim_graph::core::node::GenericNode<&str>, cim_graph::core::edge::GenericEdge<()>>>::graph_type
FN:67,<cim_graph::core::builder::GraphBuilder<cim_graph::core::node::GenericNode<alloc::string::String>, cim_graph::core::edge::GenericEdge<()>>>::build
FN:32,<cim_graph::core::builder::GraphBuilder<cim_graph::graphs::context::ContextNode, cim_graph::graphs::context::ContextEdge>>::new
FN:43,<cim_graph::core::builder::GraphBuilder<cim_graph::graphs::workflow::WorkflowNode, cim_graph::graphs::workflow::WorkflowEdge>>::graph_type
FN:49,<cim_graph::core::builder::GraphBuilder<cim_graph::core::node::GenericNode<alloc::string::String>, cim_graph::core::edge::GenericEdge<()>>>::name::<&str>
FN:43,<cim_graph::core::builder::GraphBuilder<cim_graph::core::node::GenericNode<&str>, cim_graph::core::edge::GenericEdge<f64>>>::graph_type
FN:32,<cim_graph::core::builder::GraphBuilder<cim_graph::graphs::ipld::IpldNode, cim_graph::graphs::ipld::IpldEdge>>::new
FN:43,<cim_graph::core::builder::GraphBuilder<cim_graph::graphs::concept::ConceptNode, cim_graph::graphs::concept::ConceptEdge>>::graph_type
FN:55,<cim_graph::core::builder::GraphBuilder<cim_graph::core::node::GenericNode<&str>, cim_graph::core::edge::GenericEdge<()>>>::description::<&str>
FN:67,<cim_graph::core::builder::GraphBuilder<cim_graph::core::node::GenericNode<alloc::string::String>, cim_graph::core::edge::GenericEdge<()>>>::build
FN:32,<cim_graph::core::builder::GraphBuilder<cim_graph::graphs::composed::ComposedNode, cim_graph::graphs::composed::ComposedEdge>>::new
FN:82,<cim_graph::core::builder::GraphBuilder<cim_graph::graphs::ipld::IpldNode, cim_graph::graphs::ipld::IpldEdge>>::build_event
FN:55,<cim_graph::core::builder::GraphBuilder<cim_graph::core::node::GenericNode<alloc::string::String>, cim_graph::core::edge::GenericEdge<()>>>::description::<&str>
FN:61,<cim_graph::core::builder::GraphBuilder<cim_graph::core::node::GenericNode<&str>, cim_graph::core::edge::GenericEdge<()>>>::add_handler
FN:82,<cim_graph::core::builder::GraphBuilder<cim_graph::graphs::composed::ComposedNode, cim_graph::graphs::composed::ComposedEdge>>::build_event
FN:61,<cim_graph::core::builder::GraphBuilder<cim_graph::core::node::GenericNode<&str>, cim_graph::core::edge::GenericEdge<()>>>::add_handler
FN:55,<cim_graph::core::builder::GraphBuilder<cim_graph::core::node::GenericNode<alloc::string::String>, cim_graph::core::edge::GenericEdge<()>>>::description::<&str>
FN:129,cim_graph::core::builder::tests::test_builder_with_metadata
FN:49,<cim_graph::core::builder::GraphBuilder<cim_graph::core::node::GenericNode<alloc::string::String>, cim_graph::core::edge::GenericEdge<()>>>::name::<&str>
FN:32,<cim_graph::core::builder::GraphBuilder<cim_graph::graphs::concept::ConceptNode, cim_graph::graphs::concept::ConceptEdge>>::new
FN:32,<cim_graph::core::builder::GraphBuilder<cim_graph::graphs::composed::ComposedNode, cim_graph::graphs::composed::ComposedEdge>>::new
FN:82,<cim_graph::core::builder::GraphBuilder<cim_graph::graphs::context::ContextNode, cim_graph::graphs::context::ContextEdge>>::build_event
FN:43,<cim_graph::core::builder::GraphBuilder<cim_graph::core::node::GenericNode<alloc::string::String>, cim_graph::core::edge::GenericEdge<()>>>::graph_type
FN:43,<cim_graph::core::builder::GraphBuilder<cim_graph::graphs::composed::ComposedNode, cim_graph::graphs::composed::ComposedEdge>>::graph_type
FN:82,<cim_graph::core::builder::GraphBuilder<cim_graph::graphs::workflow::WorkflowNode, cim_graph::graphs::workflow::WorkflowEdge>>::build_event
FN:43,<cim_graph::core::builder::GraphBuilder<cim_graph::graphs::composed::ComposedNode, cim_graph::graphs::composed::ComposedEdge>>::graph_type
FN:20,<cim_graph::core::builder::GraphBuilder<_, _> as core::fmt::Debug>::fmt
FN:82,<cim_graph::core::builder::GraphBuilder<cim_graph::graphs::ipld::IpldNode, cim_graph::graphs::ipld::IpldEdge>>::build_event
FN:43,<cim_graph::core::builder::GraphBuilder<cim_graph::core::node::GenericNode<&str>, cim_graph::core::edge::GenericEdge<()>>>::graph_type
FN:55,<cim_graph::core::builder::GraphBuilder<cim_graph::core::node::GenericNode<&str>, cim_graph::core::edge::GenericEdge<()>>>::description::<&str>
FN:32,<cim_graph::core::builder::GraphBuilder<cim_graph::core::node::GenericNode<&str>, cim_graph::core::edge::GenericEdge<f64>>>::new
FN:67,<cim_graph::core::builder::GraphBuilder<cim_graph::core::node::GenericNode<&str>, cim_graph::core::edge::GenericEdge<()>>>::build
FN:32,<cim_graph::core::builder::GraphBuilder<cim_graph::graphs::context::ContextNode, cim_graph::graphs::context::ContextEdge>>::new
FN:43,<cim_graph::core::builder::GraphBuilder<cim_graph::core::node::GenericNode<&str>, cim_graph::core::edge::GenericEdge<f64>>>::graph_type
FN:32,<cim_graph::core::builder::GraphBuilder<cim_graph::core::node::GenericNode<alloc::string::String>, cim_graph::core::edge::GenericEdge<()>>>::new
FN:20,<cim_graph::core::builder::GraphBuilder<_, _> as core::fmt::Debug>::fmt
FN:43,<cim_graph::core::builder::GraphBuilder<cim_graph::graphs::workflow::WorkflowNode, cim_graph::graphs::workflow::WorkflowEdge>>::graph_type
FN:82,<cim_graph::core::builder::GraphBuilder<cim_graph::graphs::concept::ConceptNode, cim_graph::graphs::concept::ConceptEdge>>::build_event
FN:32,<cim_graph::core::builder::GraphBuilder<cim_graph::core::node::GenericNode<&str>, cim_graph::core::edge::GenericEdge<()>>>::new
FN:121,cim_graph::core::builder::tests::test_builder_default
FN:129,cim_graph::core::builder::tests::test_builder_with_metadata
FN:107,<cim_graph::core::builder::GraphBuilder<_, _> as core::default::Default>::default
FN:67,<cim_graph::core::builder::GraphBuilder<cim_graph::core::node::GenericNode<&str>, cim_graph::core::edge::GenericEdge<()>>>::build
FNDA:1,<cim_graph::core::builder::GraphBuilder<cim_graph::graphs::concept::ConceptNode, cim_graph::graphs::concept::ConceptEdge>>::graph_type
FNDA:0,<cim_graph::core::builder::GraphBuilder<cim_graph::graphs::ipld::IpldNode, cim_graph::graphs::ipld::IpldEdge>>::graph_type
FNDA:1,<cim_graph::core::builder::GraphBuilder<cim_graph::core::node::GenericNode<&str>, cim_graph::core::edge::GenericEdge<()>>>::build_event
FNDA:1,<cim_graph::core::builder::GraphBuilder<cim_graph::graphs::context::ContextNode, cim_graph::graphs::context::ContextEdge>>::graph_type
FNDA:0,<cim_graph::core::builder::GraphBuilder<cim_graph::graphs::concept::ConceptNode, cim_graph::graphs::concept::ConceptEdge>>::build_event
FNDA:1,cim_graph::core::builder::tests::test_builder_creates_unique_ids
FNDA:0,<cim_graph::core::builder::GraphBuilder<cim_graph::graphs::workflow::WorkflowNode, cim_graph::graphs::workflow::WorkflowEdge>>::new
FNDA:0,cim_graph::core::builder::tests::test_builder_creates_unique_ids
FNDA:0,<cim_graph::core::builder::GraphBuilder<cim_graph::core::node::GenericNode<alloc::string::String>, cim_graph::core::edge::GenericEdge<()>>>::graph_type
FNDA:0,<cim_graph::core::builder::GraphBuilder<cim_graph::graphs::context::ContextNode, cim_graph::graphs::context::ContextEdge>>::graph_type
FNDA:1,<cim_graph::core::builder::GraphBuilder<cim_graph::core::node::GenericNode<&str>, cim_graph::core::edge::GenericEdge<()>>>::new
FNDA:1,<cim_graph::core::builder::GraphBuilder<cim_graph::graphs::ipld::IpldNode, cim_graph::graphs::ipld::IpldEdge>>::new
FNDA:0,<cim_graph::core::builder::GraphBuilder<cim_graph::graphs::workflow::WorkflowNode, cim_graph::graphs::workflow::WorkflowEdge>>::build_event
FNDA:1,<cim_graph::core::builder::GraphBuilder<cim_graph::core::node::GenericNode<&str>, cim_graph::core::edge::GenericEdge<f64>>>::new
FNDA:1,<cim_graph::core::builder::GraphBuilder<cim_graph::graphs::ipld::IpldNode, cim_graph::graphs::ipld::IpldEdge>>::graph_type
FNDA:0,<cim_graph::core::builder::GraphBuilder<cim_graph::core::node::GenericNode<alloc::string::String>, cim_graph::core::edge::GenericEdge<()>>>::new
FNDA:1,cim_graph::core::builder::tests::test_builder_default
FNDA:0,<cim_graph::core::builder::GraphBuilder<cim_graph::core::node::GenericNode<&str>, cim_graph::core::edge::GenericEdge<f64>>>::build_event
FNDA:0,<cim_graph::core::builder::GraphBuilder<cim_graph::core::node::GenericNode<&str>, cim_graph::core::edge::GenericEdge<()>>>::name::<&str>
FNDA:1,<cim_graph::core::builder::GraphBuilder<cim_graph::core::node::GenericNode<&str>, cim_graph::core::edge::GenericEdge<f64>>>::build_event
FNDA:0,<cim_graph::core::builder::GraphBuilder<cim_graph::core::node::GenericNode<&str>, cim_graph::core::edge::GenericEdge<()>>>::build_event
FNDA:1,<cim_graph::core::builder::GraphBuilder<cim_graph::graphs::context::ContextNode, cim_graph::graphs::context::ContextEdge>>::build_event
FNDA:0,<cim_graph::core::builder::GraphBuilder<_, _> as core::default::Default>::default
FNDA:1,<cim_graph::core::builder::GraphBuilder<cim_graph::graphs::workflow::WorkflowNode, cim_graph::graphs::workflow::WorkflowEdge>>::new
FNDA:1,<cim_graph::core::builder::GraphBuilder<cim_graph::core::node::GenericNode<&str>, cim_graph::core::edge::GenericEdge<()>>>::name::<&str>
FNDA:0,<cim_graph::core::builder::GraphBuilder<cim_graph::graphs::composed::ComposedNode, cim_graph::graphs::composed::ComposedEdge>>::build_event
FNDA:1,<cim_graph::core::builder::GraphBuilder<cim_graph::graphs::concept::ConceptNode, cim_graph::graphs::concept::ConceptEdge>>::new
FNDA:1,<cim_graph::core::builder::GraphBuilder<cim_graph::core::node::GenericNode<&str>, cim_graph::core::edge::GenericEdge<()>>>::graph_type
FNDA:1,<cim_graph::core::builder::GraphBuilder<cim_graph::core::node::GenericNode<alloc::string::String>, cim_graph::core::edge::GenericEdge<()>>>::build
FNDA:0,<cim_graph::core::builder::GraphBuilder<cim_graph::graphs::context::ContextNode, cim_graph::graphs::context::ContextEdge>>::new
FNDA:1,<cim_graph::core::builder::GraphBuilder<cim_graph::graphs::workflow::WorkflowNode, cim_graph::graphs::workflow::WorkflowEdge>>::graph_type
FNDA:0,<cim_graph::core::builder::GraphBuilder<cim_graph::core::node::GenericNode<alloc::string::String>, cim_graph::core::edge::GenericEdge<()>>>::name::<&str>
FNDA:0,<cim_graph::core::builder::GraphBuilder<cim_graph::core::node::GenericNode<&str>, cim_graph::core::edge::GenericEdge<f64>>>::graph_type
FNDA:0,<cim_graph::core::builder::GraphBuilder<cim_graph::graphs::ipld::IpldNode, cim_graph::graphs::ipld::IpldEdge>>::new
FNDA:0,<cim_graph::core::builder::GraphBuilder<cim_graph::graphs::concept::ConceptNode, cim_graph::graphs::concept::ConceptEdge>>::graph_type
FNDA:1,<cim_graph::core::builder::GraphBuilder<cim_graph::core::node::GenericNode<&str>, cim_graph::core::edge::GenericEdge<()>>>::description::<&str>
FNDA:0,<cim_graph::core::builder::GraphBuilder<cim_graph::core::node::GenericNode<alloc::string::String>, cim_graph::core::edge::GenericEdge<()>>>::build
FNDA:0,<cim_graph::core::builder::GraphBuilder<cim_graph::graphs::composed::ComposedNode, cim_graph::graphs::composed::ComposedEdge>>::new
FNDA:1,<cim_graph::core::builder::GraphBuilder<cim_graph::graphs::ipld::IpldNode, cim_graph::graphs::ipld::IpldEdge>>::build_event
FNDA:0,<cim_graph::core::builder::GraphBuilder<cim_graph::core::node::GenericNode<alloc::string::String>, cim_graph::core::edge::GenericEdge<()>>>::description::<&str>
FNDA:1,<cim_graph::core::builder::GraphBuilder<cim_graph::core::node::GenericNode<&str>, cim_graph::core::edge::GenericEdge<()>>>::add_handler
FNDA:1,<cim_graph::core::builder::GraphBuilder<cim_graph::graphs::composed::ComposedNode, cim_graph::graphs::composed::ComposedEdge>>::build_event
FNDA:0,<cim_graph::core::builder::GraphBuilder<cim_graph::core::node::GenericNode<&str>, cim_graph::core::edge::GenericEdge<()>>>::add_handler
FNDA:1,<cim_graph::core::builder::GraphBuilder<cim_graph::core::node::GenericNode<alloc::string::String>, cim_graph::core::edge::GenericEdge<()>>>::description::<&str>
FNDA:0,cim_graph::core::builder::tests::test_builder_with_metadata
FNDA:1,<cim_graph::core::builder::GraphBuilder<cim_graph::core::node::GenericNode<alloc::string::String>, cim_graph::core::edge::GenericEdge<()>>>::name::<&str>
FNDA:0,<cim_graph::core::builder::GraphBuilder<cim_graph::graphs::concept::ConceptNode, cim_graph::graphs::concept::ConceptEdge>>::new
FNDA:1,<cim_graph::core::builder::GraphBuilder<cim_graph::graphs::composed::ComposedNode, cim_graph::graphs::composed::ComposedEdge>>::new
FNDA:0,<cim_graph::core::builder::GraphBuilder<cim_graph::graphs::context::ContextNode, cim_graph::graphs::context::ContextEdge>>::build_event
FNDA:1,<cim_graph::core::builder::GraphBuilder<cim_graph::core::node::GenericNode<alloc::string::String>, cim_graph::core::edge::GenericEdge<()>>>::graph_type
FNDA:0,<cim_graph::core::builder::GraphBuilder<cim_graph::graphs::composed::ComposedNode, cim_graph::graphs::composed::ComposedEdge>>::graph_type
FNDA:1,<cim_graph::core::builder::GraphBuilder<cim_graph::graphs::workflow::WorkflowNode, cim_graph::graphs::workflow::WorkflowEdge>>::build_event
FNDA:1,<cim_graph::core::builder::GraphBuilder<cim_graph::graphs::composed::ComposedNode, cim_graph::graphs::composed::ComposedEdge>>::graph_type
FNDA:0,<cim_graph::core::builder::GraphBuilder<_, _> as core::fmt::Debug>::fmt
FNDA:0,<cim_graph::core::builder::GraphBuilder<cim_graph::graphs::ipld::IpldNode, cim_graph::graphs::ipld::IpldEdge>>::build_event
FNDA:0,<cim_graph::core::builder::GraphBuilder<cim_graph::core::node::GenericNode<&str>, cim_graph::core::edge::GenericEdge<()>>>::graph_type
FNDA:0,<cim_graph::core::builder::GraphBuilder<cim_graph::core::node::GenericNode<&str>, cim_graph::core::edge::GenericEdge<()>>>::description::<&str>
FNDA:0,<cim_graph::core::builder::GraphBuilder<cim_graph::core::node::GenericNode<&str>, cim_graph::core::edge::GenericEdge<f64>>>::new
FNDA:1,<cim_graph::core::builder::GraphBuilder<cim_graph::core::node::GenericNode<&str>, cim_graph::core::edge::GenericEdge<()>>>::build
FNDA:1,<cim_graph::core::builder::GraphBuilder<cim_graph::graphs::context::ContextNode, cim_graph::graphs::context::ContextEdge>>::new
FNDA:1,<cim_graph::core::builder::GraphBuilder<cim_graph::core::node::GenericNode<&str>, cim_graph::core::edge::GenericEdge<f64>>>::graph_type
FNDA:1,<cim_graph::core::builder::GraphBuilder<cim_graph::core::node::GenericNode<alloc::string::String>, cim_graph::core::edge::GenericEdge<()>>>::new
FNDA:0,<cim_graph::core::builder::GraphBuilder<_, _> as core::fmt::Debug>::fmt
FNDA:0,<cim_graph::core::builder::GraphBuilder<cim_graph::graphs::workflow::WorkflowNode, cim_graph::graphs::workflow::WorkflowEdge>>::graph_type
FNDA:1,<cim_graph::core::builder::GraphBuilder<cim_graph::graphs::concept::ConceptNode, cim_graph::graphs::concept::ConceptEdge>>::build_event
FNDA:0,<cim_graph::core::builder::GraphBuilder<cim_graph::core::node::GenericNode<&str>, cim_graph::core::edge::GenericEdge<()>>>::new
FNDA:0,cim_graph::core::builder::tests::test_builder_default
FNDA:1,cim_graph::core::builder::tests::test_builder_with_metadata
FNDA:0,<cim_graph::core::builder::GraphBuilder<_, _> as core::default::Default>::default
FNDA:0,<cim_graph::core::builder::GraphBuilder<cim_graph::core::node::GenericNode<&str>, cim_graph::core::edge::GenericEdge<()>>>::build
FNF:70
FNH:33
BRF:0
BRH:0
DA:20,0
DA:21,0
DA:22,0
DA:23,0
DA:24,0
DA:25,0
DA:26,0
DA:27,0
DA:32,52
DA:33,52
DA:34,52
DA:35,52
DA:36,52
DA:37,52
DA:38,52
DA:39,52
DA:40,52
DA:43,48
DA:44,48
DA:45,48
DA:46,48
DA:49,3
DA:50,3
DA:51,3
DA:52,3
DA:55,3
DA:56,3
DA:57,3
DA:58,3
DA:61,2
DA:62,2
DA:63,2
DA:64,2
DA:67,6
DA:68,6
DA:70,6
DA:71,3
DA:72,3
DA:74,6
DA:75,3
DA:76,3
DA:78,6
DA:79,6
DA:82,46
DA:83,46
DA:84,46
DA:85,46
DA:87,46
DA:89,46
DA:90,0
DA:91,46
DA:93,46
DA:94,0
DA:95,46
DA:98,47
DA:99,1
DA:100,1
DA:102,46
DA:103,46
DA:107,0
DA:108,0
DA:109,0
DA:121,1
DA:122,1
DA:123,1
DA:124,1
DA:125,1
DA:126,1
DA:129,1
DA:130,1
DA:131,1
DA:132,1
DA:133,1
DA:134,1
DA:135,1
DA:137,1
DA:138,1
DA:139,1
DA:140,1
DA:141,1
DA:143,1
DA:146,1
DA:147,1
DA:148,1
DA:150,1
DA:151,1
LF:86
LH:73
end_of_record
SF:src/error.rs
FN:98,<cim_graph::error::GraphError as core::convert::From<serde_json::error::Error>>::from
FN:98,<cim_graph::error::GraphError as core::convert::From<serde_json::error::Error>>::from
FNDA:1,<cim_graph::error::GraphError as core::convert::From<serde_json::error::Error>>::from
FNDA:0,<cim_graph::error::GraphError as core::convert::From<serde_json::error::Error>>::from
FNF:2
FNH:1
BRF:0
BRH:0
DA:98,1
DA:99,1
DA:100,1
LF:3
LH:3
end_of_record
SF:src/core/graph.rs
FN:191,<cim_graph::core::graph::BasicGraph<cim_graph::core::node::GenericNode<&str>, cim_graph::core::edge::GenericEdge<()>> as cim_graph::core::graph::Graph>::metadata_mut
FN:195,<cim_graph::core::graph::BasicGraph<cim_graph::core::node::GenericNode<&str>, cim_graph::core::edge::GenericEdge<()>> as cim_graph::core::graph::Graph>::add_node
FN:394,cim_graph::core::graph::tests::test_add_node
FN:380,<cim_graph::core::graph::tests::TestEdge as cim_graph::core::edge::Edge>::target
FN:269,<cim_graph::core::graph::BasicGraph<_, _> as cim_graph::core::graph::Graph>::remove_edge
FN:380,<cim_graph::core::graph::tests::TestEdge as cim_graph::core::edge::Edge>::target
FN:311,<cim_graph::core::graph::BasicGraph<cim_graph::core::node::GenericNode<alloc::string::String>, cim_graph::core::edge::GenericEdge<()>> as cim_graph::core::graph::Graph>::node_count
FN:376,<cim_graph::core::graph::tests::TestEdge as cim_graph::core::edge::Edge>::source
FN:61,<cim_graph::core::graph::GraphMetadata as core::default::Default>::default
FN:230,<cim_graph::core::graph::BasicGraph<cim_graph::core::node::GenericNode<&str>, cim_graph::core::edge::GenericEdge<()>> as cim_graph::core::graph::Graph>::remove_node::{closure#3}
FN:163,<cim_graph::core::graph::BasicGraph<cim_graph::core::graph::tests::TestNode, cim_graph::core::graph::tests::TestEdge>>::new
FN:237,<cim_graph::core::graph::BasicGraph<cim_graph::core::node::GenericNode<&str>, cim_graph::core::edge::GenericEdge<()>> as cim_graph::core::graph::Graph>::add_edge
FN:287,<cim_graph::core::graph::BasicGraph<_, _> as cim_graph::core::graph::Graph>::edges_between::{closure#0}
FN:311,<cim_graph::core::graph::BasicGraph<cim_graph::core::graph::tests::TestNode, cim_graph::core::graph::tests::TestEdge> as cim_graph::core::graph::Graph>::node_count
FN:291,<cim_graph::core::graph::BasicGraph<cim_graph::core::graph::tests::TestNode, cim_graph::core::graph::tests::TestEdge> as cim_graph::core::graph::Graph>::get_node
FN:277,<cim_graph::core::graph::BasicGraph<_, _> as cim_graph::core::graph::Graph>::remove_edge::{closure#1}
FN:287,<cim_graph::core::graph::BasicGraph<_, _> as cim_graph::core::graph::Graph>::edges_between::{closure#0}
FN:303,<cim_graph::core::graph::BasicGraph<_, _> as cim_graph::core::graph::Graph>::node_ids
FN:311,<cim_graph::core::graph::BasicGraph<cim_graph::core::node::GenericNode<&str>, cim_graph::core::edge::GenericEdge<()>> as cim_graph::core::graph::Graph>::node_count
FN:358,<cim_graph::core::graph::tests::TestNode as cim_graph::core::node::Node>::id
FN:409,cim_graph::core::graph::tests::test_duplicate_node_error
FN:135,<cim_graph::core::graph::BasicGraph<cim_graph::core::node::GenericNode<&str>, cim_graph::core::edge::GenericEdge<()>> as cim_graph::core::graph::Graph>::contains_edge
FN:386,cim_graph::core::graph::tests::test_create_empty_graph
FN:187,<cim_graph::core::graph::BasicGraph<cim_graph::core::node::GenericNode<alloc::string::String>, cim_graph::core::edge::GenericEdge<()>> as cim_graph::core::graph::Graph>::metadata
FN:311,<cim_graph::core::graph::BasicGraph<cim_graph::core::node::GenericNode<&str>, cim_graph::core::edge::GenericEdge<()>> as cim_graph::core::graph::Graph>::node_count
FN:326,<cim_graph::core::graph::BasicGraph<_, _> as cim_graph::core::graph::Graph>::to_json
FN:315,<cim_graph::core::graph::BasicGraph<cim_graph::core::node::GenericNode<alloc::string::String>, cim_graph::core::edge::GenericEdge<()>> as cim_graph::core::graph::Graph>::edge_count
FN:291,<cim_graph::core::graph::BasicGraph<cim_graph::core::node::GenericNode<&str>, cim_graph::core::edge::GenericEdge<()>> as cim_graph::core::graph::Graph>::get_node
FN:315,<cim_graph::core::graph::BasicGraph<cim_graph::core::graph::tests::TestNode, cim_graph::core::graph::tests::TestEdge> as cim_graph::core::graph::Graph>::edge_count
FN:295,<cim_graph::core::graph::BasicGraph<_, _> as cim_graph::core::graph::Graph>::get_node_mut
FN:372,<cim_graph::core::graph::tests::TestEdge as cim_graph::core::edge::Edge>::id
FN:230,<cim_graph::core::graph::BasicGraph<cim_graph::core::node::GenericNode<&str>, cim_graph::core::edge::GenericEdge<()>> as cim_graph::core::graph::Graph>::remove_node::{closure#3}
FN:213,<cim_graph::core::graph::BasicGraph<cim_graph::core::node::GenericNode<&str>, cim_graph::core::edge::GenericEdge<()>> as cim_graph::core::graph::Graph>::remove_node::{closure#0}
FN:376,<cim_graph::core::graph::tests::TestEdge as cim_graph::core::edge::Edge>::source
FN:295,<cim_graph::core::graph::BasicGraph<_, _> as cim_graph::core::graph::Graph>::get_node_mut
FN:311,<cim_graph::core::graph::BasicGraph<cim_graph::core::graph::tests::TestNode, cim_graph::core::graph::tests::TestEdge> as cim_graph::core::graph::Graph>::node_count
FN:386,cim_graph::core::graph::tests::test_create_empty_graph
FN:38,<cim_graph::core::graph::GraphId as core::default::Default>::default
FN:195,<cim_graph::core::graph::BasicGraph<cim_graph::core::graph::tests::TestNode, cim_graph::core::graph::tests::TestEdge> as cim_graph::core::graph::Graph>::add_node
FN:32,<cim_graph::core::graph::GraphId>::new
FN:394,cim_graph::core::graph::tests::test_add_node
FN:61,<cim_graph::core::graph::GraphMetadata as core::default::Default>::default
FN:273,<cim_graph::core::graph::BasicGraph<_, _> as cim_graph::core::graph::Graph>::remove_edge::{closure#0}
FN:219,<cim_graph::core::graph::BasicGraph<cim_graph::core::node::GenericNode<&str>, cim_graph::core::edge::GenericEdge<()>> as cim_graph::core::graph::Graph>::remove_node::{closure#1}
FN:315,<cim_graph::core::graph::BasicGraph<cim_graph::core::node::GenericNode<&str>, cim_graph::core::edge::GenericEdge<()>> as cim_graph::core::graph::Graph>::edge_count
FN:187,<cim_graph::core::graph::BasicGraph<cim_graph::core::node::GenericNode<&str>, cim_graph::core::edge::GenericEdge<()>> as cim_graph::core::graph::Graph>::metadata
FN:130,<cim_graph::core::graph::BasicGraph<cim_graph::core::node::GenericNode<&str>, cim_graph::core::edge::GenericEdge<()>> as cim_graph::core::graph::Graph>::contains_node
FN:315,<cim_graph::core::graph::BasicGraph<cim_graph::core::node::GenericNode<&str>, cim_graph::core::edge::GenericEdge<()>> as cim_graph::core::graph::Graph>::edge_count
FN:191,<cim_graph::core::graph::BasicGraph<cim_graph::core::node::GenericNode<&str>, cim_graph::core::edge::GenericEdge<()>> as cim_graph::core::graph::Graph>::metadata_mut
FN:315,<cim_graph::core::graph::BasicGraph<cim_graph::core::node::GenericNode<alloc::string::String>, cim_graph::core::edge::GenericEdge<()>> as cim_graph::core::graph::Graph>::edge_count
FN:183,<cim_graph::core::graph::BasicGraph<cim_graph::core::graph::tests::TestNode, cim_graph::core::graph::tests::TestEdge> as cim_graph::core::graph::Graph>::graph_type
FN:326,<cim_graph::core::graph::BasicGraph<_, _> as cim_graph::core::graph::Graph>::to_json
FN:187,<cim_graph::core::graph::BasicGraph<cim_graph::core::node::GenericNode<alloc::string::String>, cim_graph::core::edge::GenericEdge<()>> as cim_graph::core::graph::Graph>::metadata
FN:163,<cim_graph::core::graph::BasicGraph<cim_graph::core::node::GenericNode<alloc::string::String>, cim_graph::core::edge::GenericEdge<()>>>::new
FN:299,<cim_graph::core::graph::BasicGraph<cim_graph::core::node::GenericNode<&str>, cim_graph::core::edge::GenericEdge<()>> as cim_graph::core::graph::Graph>::get_edge
FN:307,<cim_graph::core::graph::BasicGraph<_, _> as cim_graph::core::graph::Graph>::edge_ids
FN:187,<cim_graph::core::graph::BasicGraph<cim_graph::core::node::GenericNode<&str>, cim_graph::core::edge::GenericEdge<()>> as cim_graph::core::graph::Graph>::metadata
FN:284,<cim_graph::core::graph::BasicGraph<_, _> as cim_graph::core::graph::Graph>::edges_between
FN:209,<cim_graph::core::graph::BasicGraph<cim_graph::core::node::GenericNode<&str>, cim_graph::core::edge::GenericEdge<()>> as cim_graph::core::graph::Graph>::remove_node
FN:319,<cim_graph::core::graph::BasicGraph<cim_graph::core::node::GenericNode<&str>, cim_graph::core::edge::GenericEdge<()>> as cim_graph::core::graph::Graph>::neighbors
FN:372,<cim_graph::core::graph::tests::TestEdge as cim_graph::core::edge::Edge>::id
FN:130,<cim_graph::core::graph::BasicGraph<cim_graph::core::graph::tests::TestNode, cim_graph::core::graph::tests::TestEdge> as cim_graph::core::graph::Graph>::contains_node
FN:220,<cim_graph::core::graph::BasicGraph<cim_graph::core::node::GenericNode<&str>, cim_graph::core::edge::GenericEdge<()>> as cim_graph::core::graph::Graph>::remove_node::{closure#2}
FN:183,<cim_graph::core::graph::BasicGraph<cim_graph::core::node::GenericNode<alloc::string::String>, cim_graph::core::edge::GenericEdge<()>> as cim_graph::core::graph::Graph>::graph_type
FN:135,<cim_graph::core::graph::BasicGraph<cim_graph::core::node::GenericNode<&str>, cim_graph::core::edge::GenericEdge<()>> as cim_graph::core::graph::Graph>::contains_edge
FN:358,<cim_graph::core::graph::tests::TestNode as cim_graph::core::node::Node>::id
FN:163,<cim_graph::core::graph::BasicGraph<cim_graph::core::node::GenericNode<&str>, cim_graph::core::edge::GenericEdge<()>>>::new
FN:303,<cim_graph::core::graph::BasicGraph<_, _> as cim_graph::core::graph::Graph>::node_ids
FN:163,<cim_graph::core::graph::BasicGraph<cim_graph::core::node::GenericNode<alloc::string::String>, cim_graph::core::edge::GenericEdge<()>>>::new
FN:284,<cim_graph::core::graph::BasicGraph<_, _> as cim_graph::core::graph::Graph>::edges_between
FN:311,<cim_graph::core::graph::BasicGraph<cim_graph::core::node::GenericNode<alloc::string::String>, cim_graph::core::edge::GenericEdge<()>> as cim_graph::core::graph::Graph>::node_count
FN:273,<cim_graph::core::graph::BasicGraph<_, _> as cim_graph::core::graph::Graph>::remove_edge::{closure#0}
FN:338,<cim_graph::core::graph::BasicGraph<_, _> as cim_graph::core::graph::Graph>::clear
FN:409,cim_graph::core::graph::tests::test_duplicate_node_error
FN:220,<cim_graph::core::graph::BasicGraph<cim_graph::core::node::GenericNode<&str>, cim_graph::core::edge::GenericEdge<()>> as cim_graph::core::graph::Graph>::remove_node::{closure#2}
FN:219,<cim_graph::core::graph::BasicGraph<cim_graph::core::node::GenericNode<&str>, cim_graph::core::edge::GenericEdge<()>> as cim_graph::core::graph::Graph>::remove_node::{closure#1}
FN:179,<cim_graph::core::graph::BasicGraph<cim_graph::core::node::GenericNode<alloc::string::String>, cim_graph::core::edge::GenericEdge<()>> as cim_graph::core::graph::Graph>::id
FN:191,<cim_graph::core::graph::BasicGraph<cim_graph::core::node::GenericNode<alloc::string::String>, cim_graph::core::edge::GenericEdge<()>> as cim_graph::core::graph::Graph>::metadata_mut
FN:183,<cim_graph::core::graph::BasicGraph<cim_graph::core::node::GenericNode<alloc::string::String>, cim_graph::core::edge::GenericEdge<()>> as cim_graph::core::graph::Graph>::graph_type
FN:213,<cim_graph::core::graph::BasicGraph<cim_graph::core::node::GenericNode<&str>, cim_graph::core::edge::GenericEdge<()>> as cim_graph::core::graph::Graph>::remove_node::{closure#0}
FN:237,<cim_graph::core::graph::BasicGraph<cim_graph::core::node::GenericNode<&str>, cim_graph::core::edge::GenericEdge<()>> as cim_graph::core::graph::Graph>::add_edge
FN:183,<cim_graph::core::graph::BasicGraph<cim_graph::core::node::GenericNode<&str>, cim_graph::core::edge::GenericEdge<()>> as cim_graph::core::graph::Graph>::graph_type
FN:183,<cim_graph::core::graph::BasicGraph<cim_graph::core::graph::tests::TestNode, cim_graph::core::graph::tests::TestEdge> as cim_graph::core::graph::Graph>::graph_type
FN:130,<cim_graph::core::graph::BasicGraph<cim_graph::core::graph::tests::TestNode, cim_graph::core::graph::tests::TestEdge> as cim_graph::core::graph::Graph>::contains_node
FN:323,<cim_graph::core::graph::BasicGraph<cim_graph::core::node::GenericNode<&str>, cim_graph::core::edge::GenericEdge<()>> as cim_graph::core::graph::Graph>::neighbors::{closure#0}
FN:179,<cim_graph::core::graph::BasicGraph<cim_graph::core::node::GenericNode<alloc::string::String>, cim_graph::core::edge::GenericEdge<()>> as cim_graph::core::graph::Graph>::id
FN:315,<cim_graph::core::graph::BasicGraph<cim_graph::core::graph::tests::TestNode, cim_graph::core::graph::tests::TestEdge> as cim_graph::core::graph::Graph>::edge_count
FN:269,<cim_graph::core::graph::BasicGraph<_, _> as cim_graph::core::graph::Graph>::remove_edge
FN:32,<cim_graph::core::graph::GraphId>::new
FN:191,<cim_graph::core::graph::BasicGraph<cim_graph::core::node::GenericNode<alloc::string::String>, cim_graph::core::edge::GenericEdge<()>> as cim_graph::core::graph::Graph>::metadata_mut
FN:307,<cim_graph::core::graph::BasicGraph<_, _> as cim_graph::core::graph::Graph>::edge_ids
FN:338,<cim_graph::core::graph::BasicGraph<_, _> as cim_graph::core::graph::Graph>::clear
FN:291,<cim_graph::core::graph::BasicGraph<cim_graph::core::node::GenericNode<&str>, cim_graph::core::edge::GenericEdge<()>> as cim_graph::core::graph::Graph>::get_node
FN:163,<cim_graph::core::graph::BasicGraph<cim_graph::core::node::GenericNode<&str>, cim_graph::core::edge::GenericEdge<()>>>::new
FN:195,<cim_graph::core::graph::BasicGraph<cim_graph::core::graph::tests::TestNode, cim_graph::core::graph::tests::TestEdge> as cim_graph::core::graph::Graph>::add_node
FN:130,<cim_graph::core::graph::BasicGraph<cim_graph::core::node::GenericNode<&str>, cim_graph::core::edge::GenericEdge<()>> as cim_graph::core::graph::Graph>::contains_node
FN:299,<cim_graph::core::graph::BasicGraph<cim_graph::core::node::GenericNode<&str>, cim_graph::core::edge::GenericEdge<()>> as cim_graph::core::graph::Graph>::get_edge
FN:277,<cim_graph::core::graph::BasicGraph<_, _> as cim_graph::core::graph::Graph>::remove_edge::{closure#1}
FN:183,<cim_graph::core::graph::BasicGraph<cim_graph::core::node::GenericNode<&str>, cim_graph::core::edge::GenericEdge<()>> as cim_graph::core::graph::Graph>::graph_type
FN:163,<cim_graph::core::graph::BasicGraph<cim_graph::core::graph::tests::TestNode, cim_graph::core::graph::tests::TestEdge>>::new
FN:209,<cim_graph::core::graph::BasicGraph<cim_graph::core::node::GenericNode<&str>, cim_graph::core::edge::GenericEdge<()>> as cim_graph::core::graph::Graph>::remove_node
FN:195,<cim_graph::core::graph::BasicGraph<cim_graph::core::node::GenericNode<&str>, cim_graph::core::edge::GenericEdge<()>> as cim_graph::core::graph::Graph>::add_node
FN:319,<cim_graph::core::graph::BasicGraph<cim_graph::core::node::GenericNode<&str>, cim_graph::core::edge::GenericEdge<()>> as cim_graph::core::graph::Graph>::neighbors
FN:291,<cim_graph::core::graph::BasicGraph<cim_graph::core::graph::tests::TestNode, cim_graph::core::graph::tests::TestEdge> as cim_graph::core::graph::Graph>::get_node
FN:38,<cim_graph::core::graph::GraphId as core::default::Default>::default
FN:323,<cim_graph::core::graph::BasicGraph<cim_graph::core::node::GenericNode<&str>, cim_graph::core::edge::GenericEdge<()>> as cim_graph::core::graph::Graph>::neighbors::{closure#0}
FNDA:0,<cim_graph::core::graph::BasicGraph<cim_graph::core::node::GenericNode<&str>, cim_graph::core::edge::GenericEdge<()>> as cim_graph::core::graph::Graph>::metadata_mut
FNDA:1,<cim_graph::core::graph::BasicGraph<cim_graph::core::node::GenericNode<&str>, cim_graph::core::edge::GenericEdge<()>> as cim_graph::core::graph::Graph>::add_node
FNDA:1,cim_graph::core::graph::tests::test_add_node
FNDA:0,<cim_graph::core::graph::tests::TestEdge as cim_graph::core::edge::Edge>::target
FNDA:0,<cim_graph::core::graph::BasicGraph<_, _> as cim_graph::core::graph::Graph>::remove_edge
FNDA:0,<cim_graph::core::graph::tests::TestEdge as cim_graph::core::edge::Edge>::target
FNDA:0,<cim_graph::core::graph::BasicGraph<cim_graph::core::node::GenericNode<alloc::string::String>, cim_graph::core::edge::GenericEdge<()>> as cim_graph::core::graph::Graph>::node_count
FNDA:0,<cim_graph::core::graph::tests::TestEdge as cim_graph::core::edge::Edge>::source
FNDA:0,<cim_graph::core::graph::GraphMetadata as core::default::Default>::default
FNDA:0,<cim_graph::core::graph::BasicGraph<cim_graph::core::node::GenericNode<&str>, cim_graph::core::edge::GenericEdge<()>> as cim_graph::core::graph::Graph>::remove_node::{closure#3}
FNDA:1,<cim_graph::core::graph::BasicGraph<cim_graph::core::graph::tests::TestNode, cim_graph::core::graph::tests::TestEdge>>::new
FNDA:1,<cim_graph::core::graph::BasicGraph<cim_graph::core::node::GenericNode<&str>, cim_graph::core::edge::GenericEdge<()>> as cim_graph::core::graph::Graph>::add_edge
FNDA:0,<cim_graph::core::graph::BasicGraph<_, _> as cim_graph::core::graph::Graph>::edges_between::{closure#0}
FNDA:0,<cim_graph::core::graph::BasicGraph<cim_graph::core::graph::tests::TestNode, cim_graph::core::graph::tests::TestEdge> as cim_graph::core::graph::Graph>::node_count
FNDA:1,<cim_graph::core::graph::BasicGraph<cim_graph::core::graph::tests::TestNode, cim_graph::core::graph::tests::TestEdge> as cim_graph::core::graph::Graph>::get_node
FNDA:0,<cim_graph::core::graph::BasicGraph<_, _> as cim_graph::core::graph::Graph>::remove_edge::{closure#1}
FNDA:0,<cim_graph::core::graph::BasicGraph<_, _> as cim_graph::core::graph::Graph>::edges_between::{closure#0}
FNDA:0,<cim_graph::core::graph::BasicGraph<_, _> as cim_graph::core::graph::Graph>::node_ids
FNDA:1,<cim_graph::core::graph::BasicGraph<cim_graph::core::node::GenericNode<&str>, cim_graph::core::edge::GenericEdge<()>> as cim_graph::core::graph::Graph>::node_count
FNDA:1,<cim_graph::core::graph::tests::TestNode as cim_graph::core::node::Node>::id
FNDA:0,cim_graph::core::graph::tests::test_duplicate_node_error
FNDA:1,<cim_graph::core::graph::BasicGraph<cim_graph::core::node::GenericNode<&str>, cim_graph::core::edge::GenericEdge<()>> as cim_graph::core::graph::Graph>::contains_edge
FNDA:0,cim_graph::core::graph::tests::test_create_empty_graph
FNDA:0,<cim_graph::core::graph::BasicGraph<cim_graph::core::node::GenericNode<alloc::string::String>, cim_graph::core::edge::GenericEdge<()>> as cim_graph::core::graph::Graph>::metadata
FNDA:0,<cim_graph::core::graph::BasicGraph<cim_graph::core::node::GenericNode<&str>, cim_graph::core::edge::GenericEdge<()>> as cim_graph::core::graph::Graph>::node_count
FNDA:0,<cim_graph::core::graph::BasicGraph<_, _> as cim_graph::core::graph::Graph>::to_json
FNDA:0,<cim_graph::core::graph::BasicGraph<cim_graph::core::node::GenericNode<alloc::string::String>, cim_graph::core::edge::GenericEdge<()>> as cim_graph::core::graph::Graph>::edge_count
FNDA:0,<cim_graph::core::graph::BasicGraph<cim_graph::core::node::GenericNode<&str>, cim_graph::core::edge::GenericEdge<()>> as cim_graph::core::graph::Graph>::get_node
FNDA:0,<cim_graph::core::graph::BasicGraph<cim_graph::core::graph::tests::TestNode, cim_graph::core::graph::tests::TestEdge> as cim_graph::core::graph::Graph>::edge_count
FNDA:0,<cim_graph::core::graph::BasicGraph<_, _> as cim_graph::core::graph::Graph>::get_node_mut
FNDA:0,<cim_graph::core::graph::tests::TestEdge as cim_graph::core::edge::Edge>::id
FNDA:0,<cim_graph::core::graph::BasicGraph<cim_graph::core::node::GenericNode<&str>, cim_graph::core::edge::GenericEdge<()>> as cim_graph::core::graph::Graph>::remove_node::{closure#3}
FNDA:1,<cim_graph::core::graph::BasicGraph<cim_graph::core::node::GenericNode<&str>, cim_graph::core::edge::GenericEdge<()>> as cim_graph::core::graph::Graph>::remove_node::{closure#0}
FNDA:0,<cim_graph::core::graph::tests::TestEdge as cim_graph::core::edge::Edge>::source
FNDA:0,<cim_graph::core::graph::BasicGraph<_, _> as cim_graph::core::graph::Graph>::get_node_mut
FNDA:1,<cim_graph::core::graph::BasicGraph<cim_graph::core::graph::tests::TestNode, cim_graph::core::graph::tests::TestEdge> as cim_graph::core::graph::Graph>::node_count
FNDA:1,cim_graph::core::graph::tests::test_create_empty_graph
FNDA:0,<cim_graph::core::graph::GraphId as core::default::Default>::default
FNDA:1,<cim_graph::core::graph::BasicGraph<cim_graph::core::graph::tests::TestNode, cim_graph::core::graph::tests::TestEdge> as cim_graph::core::graph::Graph>::add_node
FNDA:0,<cim_graph::core::graph::GraphId>::new
FNDA:0,cim_graph::core::graph::tests::test_add_node
FNDA:1,<cim_graph::core::graph::GraphMetadata as core::default::Default>::default
FNDA:0,<cim_graph::core::graph::BasicGraph<_, _> as cim_graph::core::graph::Graph>::remove_edge::{closure#0}
FNDA:1,<cim_graph::core::graph::BasicGraph<cim_graph::core::node::GenericNode<&str>, cim_graph::core::edge::GenericEdge<()>> as cim_graph::core::graph::Graph>::remove_node::{closure#1}
FNDA:1,<cim_graph::core::graph::BasicGraph<cim_graph::core::node::GenericNode<&str>, cim_graph::core::edge::GenericEdge<()>> as cim_graph::core::graph::Graph>::edge_count
FNDA:1,<cim_graph::core::graph::BasicGraph<cim_graph::core::node::GenericNode<&str>, cim_graph::core::edge::GenericEdge<()>> as cim_graph::core::graph::Graph>::metadata
FNDA:1,<cim_graph::core::graph::BasicGraph<cim_graph::core::node::GenericNode<&str>, cim_graph::core::edge::GenericEdge<()>> as cim_graph::core::graph::Graph>::contains_node
FNDA:0,<cim_graph::core::graph::BasicGraph<cim_graph::core::node::GenericNode<&str>, cim_graph::core::edge::GenericEdge<()>> as cim_graph::core::graph::Graph>::edge_count
FNDA:1,<cim_graph::core::graph::BasicGraph<cim_graph::core::node::GenericNode<&str>, cim_graph::core::edge::GenericEdge<()>> as cim_graph::core::graph::Graph>::metadata_mut
FNDA:1,<cim_graph::core::graph::BasicGraph<cim_graph::core::node::GenericNode<alloc::string::String>, cim_graph::core::edge::GenericEdge<()>> as cim_graph::core::graph::Graph>::edge_count
FNDA:1,<cim_graph::core::graph::BasicGraph<cim_graph::core::graph::tests::TestNode, cim_graph::core::graph::tests::TestEdge> as cim_graph::core::graph::Graph>::graph_type
FNDA:0,<cim_graph::core::graph::BasicGraph<_, _> as cim_graph::core::graph::Graph>::to_json
FNDA:1,<cim_graph::core::graph::BasicGraph<cim_graph::core::node::GenericNode<alloc::string::String>, cim_graph::core::edge::GenericEdge<()>> as cim_graph::core::graph::Graph>::metadata
FNDA:0,<cim_graph::core::graph::BasicGraph<cim_graph::core::node::GenericNode<alloc::string::String>, cim_graph::core::edge::GenericEdge<()>>>::new
FNDA:0,<cim_graph::core::graph::BasicGraph<cim_graph::core::node::GenericNode<&str>, cim_graph::core::edge::GenericEdge<()>> as cim_graph::core::graph::Graph>::get_edge
FNDA:0,<cim_graph::core::graph::BasicGraph<_, _> as cim_graph::core::graph::Graph>::edge_ids
FNDA:0,<cim_graph::core::graph::BasicGraph<cim_graph::core::node::GenericNode<&str>, cim_graph::core::edge::GenericEdge<()>> as cim_graph::core::graph::Graph>::metadata
FNDA:0,<cim_graph::core::graph::BasicGraph<_, _> as cim_graph::core::graph::Graph>::edges_between
FNDA:1,<cim_graph::core::graph::BasicGraph<cim_graph::core::node::GenericNode<&str>, cim_graph::core::edge::GenericEdge<()>> as cim_graph::core::graph::Graph>::remove_node
FNDA:0,<cim_graph::core::graph::BasicGraph<cim_graph::core::node::GenericNode<&str>, cim_graph::core::edge::GenericEdge<()>> as cim_graph::core::graph::Graph>::neighbors
FNDA:0,<cim_graph::core::graph::tests::TestEdge as cim_graph::core::edge::Edge>::id
FNDA:1,<cim_graph::core::graph::BasicGraph<cim_graph::core::graph::tests::TestNode, cim_graph::core::graph::tests::TestEdge> as cim_graph::core::graph::Graph>::contains_node
FNDA:0,<cim_graph::core::graph::BasicGraph<cim_graph::core::node::GenericNode<&str>, cim_graph::core::edge::GenericEdge<()>> as cim_graph::core::graph::Graph>::remove_node::{closure#2}
FNDA:1,<cim_graph::core::graph::BasicGraph<cim_graph::core::node::GenericNode<alloc::string::String>, cim_graph::core::edge::GenericEdge<()>> as cim_graph::core::graph::Graph>::graph_type
FNDA:0,<cim_graph::core::graph::BasicGraph<cim_graph::core::node::GenericNode<&str>, cim_graph::core::edge::GenericEdge<()>> as cim_graph::core::graph::Graph>::contains_edge
FNDA:0,<cim_graph::core::graph::tests::TestNode as cim_graph::core::node::Node>::id
FNDA:0,<cim_graph::core::graph::BasicGraph<cim_graph::core::node::GenericNode<&str>, cim_graph::core::edge::GenericEdge<()>>>::new
FNDA:0,<cim_graph::core::graph::BasicGraph<_, _> as cim_graph::core::graph::Graph>::node_ids
FNDA:1,<cim_graph::core::graph::BasicGraph<cim_graph::core::node::GenericNode<alloc::string::String>, cim_graph::core::edge::GenericEdge<()>>>::new
FNDA:0,<cim_graph::core::graph::BasicGraph<_, _> as cim_graph::core::graph::Graph>::edges_between
FNDA:1,<cim_graph::core::graph::BasicGraph<cim_graph::core::node::GenericNode<alloc::string::String>, cim_graph::core::edge::GenericEdge<()>> as cim_graph::core::graph::Graph>::node_count
FNDA:0,<cim_graph::core::graph::BasicGraph<_, _> as cim_graph::core::graph::Graph>::remove_edge::{closure#0}
FNDA:0,<cim_graph::core::graph::BasicGraph<_, _> as cim_graph::core::graph::Graph>::clear
FNDA:1,cim_graph::core::graph::tests::test_duplicate_node_error
FNDA:1,<cim_graph::core::graph::BasicGraph<cim_graph::core::node::GenericNode<&str>, cim_graph::core::edge::GenericEdge<()>> as cim_graph::core::graph::Graph>::remove_node::{closure#2}
FNDA:0,<cim_graph::core::graph::BasicGraph<cim_graph::core::node::GenericNode<&str>, cim_graph::core::edge::GenericEdge<()>> as cim_graph::core::graph::Graph>::remove_node::{closure#1}
FNDA:0,<cim_graph::core::graph::BasicGraph<cim_graph::core::node::GenericNode<alloc::string::String>, cim_graph::core::edge::GenericEdge<()>> as cim_graph::core::graph::Graph>::id
FNDA:0,<cim_graph::core::graph::BasicGraph<cim_graph::core::node::GenericNode<alloc::string::String>, cim_graph::core::edge::GenericEdge<()>> as cim_graph::core::graph::Graph>::metadata_mut
FNDA:0,<cim_graph::core::graph::BasicGraph<cim_graph::core::node::GenericNode<alloc::string::String>, cim_graph::core::edge::GenericEdge<()>> as cim_graph::core::graph::Graph>::graph_type
FNDA:0,<cim_graph::core::graph::BasicGraph<cim_graph::core::node::GenericNode<&str>, cim_graph::core::edge::GenericEdge<()>> as cim_graph::core::graph::Graph>::remove_node::{closure#0}
FNDA:0,<cim_graph::core::graph::BasicGraph<cim_graph::core::node::GenericNode<&str>, cim_graph::core::edge::GenericEdge<()>> as cim_graph::core::graph::Graph>::add_edge
FNDA:1,<cim_graph::core::graph::BasicGraph<cim_graph::core::node::GenericNode<&str>, cim_graph::core::edge::GenericEdge<()>> as cim_graph::core::graph::Graph>::graph_type
FNDA:0,<cim_graph::core::graph::BasicGraph<cim_graph::core::graph::tests::TestNode, cim_graph::core::graph::tests::TestEdge> as cim_graph::core::graph::Graph>::graph_type
FNDA:0,<cim_graph::core::graph::BasicGraph<cim_graph::core::graph::tests::TestNode, cim_graph::core::graph::tests::TestEdge> as cim_graph::core::graph::Graph>::contains_node
FNDA:0,<cim_graph::core::graph::BasicGraph<cim_graph::core::node::GenericNode<&str>, cim_graph::core::edge::GenericEdge<()>> as cim_graph::core::graph::Graph>::neighbors::{closure#0}
FNDA:1,<cim_graph::core::graph::BasicGraph<cim_graph::core::node::GenericNode<alloc::string::String>, cim_graph::core::edge::GenericEdge<()>> as cim_graph::core::graph::Graph>::id
FNDA:1,<cim_graph::core::graph::BasicGraph<cim_graph::core::graph::tests::TestNode, cim_graph::core::graph::tests::TestEdge> as cim_graph::core::graph::Graph>::edge_count
FNDA:0,<cim_graph::core::graph::BasicGraph<_, _> as cim_graph::core::graph::Graph>::remove_edge
FNDA:1,<cim_graph::core::graph::GraphId>::new
FNDA:1,<cim_graph::core::graph::BasicGraph<cim_graph::core::node::GenericNode<alloc::string::String>, cim_graph::core::edge::GenericEdge<()>> as cim_graph::core::graph::Graph>::metadata_mut
FNDA:0,<cim_graph::core::graph::BasicGraph<_, _> as cim_graph::core::graph::Graph>::edge_ids
FNDA:0,<cim_graph::core::graph::BasicGraph<_, _> as cim_graph::core::graph::Graph>::clear
FNDA:1,<cim_graph::core::graph::BasicGraph<cim_graph::core::node::GenericNode<&str>, cim_graph::core::edge::GenericEdge<()>> as cim_graph::core::graph::Graph>::get_node
FNDA:1,<cim_graph::core::graph::BasicGraph<cim_graph::core::node::GenericNode<&str>, cim_graph::core::edge::GenericEdge<()>>>::new
FNDA:0,<cim_graph::core::graph::BasicGraph<cim_graph::core::graph::tests::TestNode, cim_graph::core::graph::tests::TestEdge> as cim_graph::core::graph::Graph>::add_node
FNDA:0,<cim_graph::core::graph::BasicGraph<cim_graph::core::node::GenericNode<&str>, cim_graph::core::edge::GenericEdge<()>> as cim_graph::core::graph::Graph>::contains_node
FNDA:1,<cim_graph::core::graph::BasicGraph<cim_graph::core::node::GenericNode<&str>, cim_graph::core::edge::GenericEdge<()>> as cim_graph::core::graph::Graph>::get_edge
FNDA:0,<cim_graph::core::graph::BasicGraph<_, _> as cim_graph::core::graph::Graph>::remove_edge::{closure#1}
FNDA:0,<cim_graph::core::graph::BasicGraph<cim_graph::core::node::GenericNode<&str>, cim_graph::core::edge::GenericEdge<()>> as cim_graph::core::graph::Graph>::graph_type
FNDA:0,<cim_graph::core::graph::BasicGraph<cim_graph::core::graph::tests::TestNode, cim_graph::core::graph::tests::TestEdge>>::new
FNDA:0,<cim_graph::core::graph::BasicGraph<cim_graph::core::node::GenericNode<&str>, cim_graph::core::edge::GenericEdge<()>> as cim_graph::core::graph::Graph>::remove_node
FNDA:0,<cim_graph::core::graph::BasicGraph<cim_graph::core::node::GenericNode<&str>, cim_graph::core::edge::GenericEdge<()>> as cim_graph::core::graph::Graph>::add_node
FNDA:1,<cim_graph::core::graph::BasicGraph<cim_graph::core::node::GenericNode<&str>, cim_graph::core::edge::GenericEdge<()>> as cim_graph::core::graph::Graph>::neighbors
FNDA:0,<cim_graph::core::graph::BasicGraph<cim_graph::core::graph::tests::TestNode, cim_graph::core::graph::tests::TestEdge> as cim_graph::core::graph::Graph>::get_node
FNDA:0,<cim_graph::core::graph::GraphId as core::default::Default>::default
FNDA:0,<cim_graph::core::graph::BasicGraph<cim_graph::core::node::GenericNode<&str>, cim_graph::core::edge::GenericEdge<()>> as cim_graph::core::graph::Graph>::neighbors::{closure#0}
FNF:106
FNH:37
BRF:0
BRH:0
DA:32,59
DA:33,59
DA:34,59
DA:38,0
DA:39,0
DA:40,0
DA:61,56
DA:62,56
DA:63,56
DA:64,56
DA:65,56
DA:66,56
DA:67,56
DA:68,56
DA:69,56
DA:70,56
DA:71,56
DA:130,2
DA:131,2
DA:132,2
DA:135,1
DA:136,1
DA:137,1
DA:163,10
DA:164,10
DA:165,10
DA:166,10
DA:167,10
DA:168,10
DA:169,10
DA:170,10
DA:171,10
DA:172,10
DA:179,2
DA:180,2
DA:181,2
DA:183,5
DA:184,5
DA:185,5
DA:187,7
DA:188,7
DA:189,7
DA:191,7
DA:192,7
DA:193,7
DA:195,5
DA:196,5
DA:198,5
DA:199,1
DA:200,4
DA:202,4
DA:203,4
DA:204,4
DA:206,4
DA:207,5
DA:209,2
DA:210,2
DA:211,2
DA:212,2
DA:213,2
DA:216,1
DA:217,1
DA:218,1
DA:219,1
DA:220,1
DA:221,1
DA:223,2
DA:224,1
DA:225,1
DA:228,1
DA:229,1
DA:230,1
DA:233,1
DA:234,1
DA:235,2
DA:237,1
DA:238,1
DA:239,1
DA:240,1
DA:243,1
DA:244,0
DA:245,1
DA:246,1
DA:247,0
DA:248,1
DA:251,1
DA:252,0
DA:253,0
DA:254,0
DA:255,0
DA:256,1
DA:258,1
DA:261,1
DA:262,1
DA:263,1
DA:265,1
DA:266,1
DA:267,1
DA:269,0
DA:270,0
DA:271,0
DA:272,0
DA:273,0
DA:276,0
DA:277,0
DA:278,0
DA:280,0
DA:281,0
DA:282,0
DA:284,0
DA:285,0
DA:286,0
DA:287,0
DA:288,0
DA:289,0
DA:291,4
DA:292,4
DA:293,4
DA:295,0
DA:296,0
DA:297,0
DA:299,2
DA:300,2
DA:301,2
DA:303,0
DA:304,0
DA:305,0
DA:307,0
DA:308,0
DA:309,0
DA:311,5
DA:312,5
DA:313,5
DA:315,5
DA:316,5
DA:317,5
DA:319,1
DA:320,1
DA:321,1
DA:322,1
DA:323,1
DA:324,1
DA:326,0
DA:327,0
DA:328,0
DA:329,0
DA:330,0
DA:331,0
DA:332,0
DA:333,0
DA:334,0
DA:335,0
DA:336,0
DA:338,0
DA:339,0
DA:340,0
DA:341,0
DA:342,0
DA:343,0
DA:358,3
DA:359,3
DA:360,3
DA:372,0
DA:373,0
DA:374,0
DA:376,0
DA:377,0
DA:378,0
DA:380,0
DA:381,0
DA:382,0
DA:386,1
DA:387,1
DA:388,1
DA:389,1
DA:390,1
DA:391,1
DA:394,1
DA:395,1
DA:396,1
DA:397,1
DA:398,1
DA:399,1
DA:401,1
DA:402,1
DA:403,1
DA:404,1
DA:405,1
DA:406,1
DA:409,1
DA:410,1
DA:411,1
DA:412,1
DA:413,1
DA:414,1
DA:415,1
DA:416,1
DA:417,1
DA:418,1
DA:420,1
DA:421,1
DA:422,1
DA:425,1
LF:203
LH:142
end_of_record
SF:src/performance/mod.rs
FN:195,<cim_graph::performance::NodePool<_>>::new
FN:460,cim_graph::performance::tests::test_parallel_degrees::{closure#0}
FN:118,<cim_graph::performance::EdgeIndex<cim_graph::core::edge::GenericEdge<()>>>::edges_from
FN:329,<cim_graph::performance::monitoring::PerfCounter>::average_time
FN:101,<cim_graph::performance::EdgeIndex<cim_graph::core::edge::GenericEdge<()>>>::insert
FN:236,cim_graph::performance::parallel::parallel_bfs::<cim_graph::performance::tests::test_parallel_bfs::{closure#0}>::{closure#0}
FN:165,<cim_graph::performance::GraphCache>::get_shortest_path::<cim_graph::tests::test_performance_features::{closure#0}>
FN:144,<cim_graph::performance::GraphCache>::new
FN:220,cim_graph::performance::parallel::parallel_bfs::<_>
FN:29,<cim_graph::performance::NodeIndex<cim_graph::core::node::GenericNode<&str>>>::new
FN:50,<cim_graph::performance::NodeIndex<cim_graph::performance::tests::TestNode>>::remove
FN:29,<cim_graph::performance::NodeIndex<cim_graph::core::node::GenericNode<&str>>>::new
FN:165,<cim_graph::performance::GraphCache>::get_shortest_path::<cim_graph::tests::test_performance_features::{closure#0}>
FN:423,cim_graph::performance::tests::test_parallel_bfs
FN:270,cim_graph::performance::parallel::parallel_degrees::<_, _>::{closure#0}
FN:370,cim_graph::performance::tests::test_cache_invalidation
FN:203,<cim_graph::performance::NodePool<_>>::acquire
FN:435,cim_graph::performance::tests::test_parallel_bfs::{closure#0}
FN:208,<cim_graph::performance::NodePool<cim_graph::performance::tests::test_node_pool::TestPoolNode>>::release
FN:251,cim_graph::performance::parallel::parallel_bfs::<cim_graph::performance::tests::test_parallel_bfs::{closure#0}>::{closure#1}
FN:391,cim_graph::performance::tests::test_node_pool
FN:54,<cim_graph::performance::NodeIndex<cim_graph::performance::tests::TestNode>>::remove::{closure#0}
FN:63,<cim_graph::performance::NodeIndex<cim_graph::core::node::GenericNode<&str>>>::get
FN:101,<cim_graph::performance::EdgeIndex<cim_graph::core::edge::GenericEdge<()>>>::insert
FN:370,cim_graph::performance::tests::test_cache_invalidation
FN:220,cim_graph::performance::parallel::parallel_bfs::<cim_graph::performance::tests::test_parallel_bfs::{closure#0}>
FN:68,<cim_graph::performance::NodeIndex<cim_graph::core::node::GenericNode<&str>>>::get_by_type
FN:63,<cim_graph::performance::NodeIndex<cim_graph::core::node::GenericNode<&str>>>::get
FN:195,<cim_graph::performance::NodePool<cim_graph::performance::tests::test_node_pool::TestPoolNode>>::new
FN:92,<cim_graph::performance::EdgeIndex<cim_graph::core::edge::GenericEdge<()>>>::new
FN:448,cim_graph::performance::tests::test_parallel_degrees
FN:118,<cim_graph::performance::EdgeIndex<cim_graph::core::edge::GenericEdge<()>>>::edges_from
FN:314,<cim_graph::performance::monitoring::PerfCounter>::measure::<cim_graph::performance::tests::test_perf_counter::{closure#0}, i32>
FN:486,cim_graph::performance::tests::test_perf_counter::{closure#1}
FN:144,<cim_graph::performance::GraphCache>::new
FN:329,<cim_graph::performance::monitoring::PerfCounter>::average_time
FN:305,<cim_graph::performance::monitoring::PerfCounter>::new::<&str>
FN:165,<cim_graph::performance::GraphCache>::get_shortest_path::<cim_graph::performance::tests::test_cache_invalidation::{closure#0}>
FN:251,cim_graph::performance::parallel::parallel_bfs::<_>::{closure#1}
FN:154,<cim_graph::performance::GraphCache>::invalidate
FN:123,<cim_graph::performance::EdgeIndex<cim_graph::core::edge::GenericEdge<()>>>::edges_to
FN:54,<cim_graph::performance::NodeIndex<cim_graph::performance::tests::TestNode>>::remove::{closure#0}
FN:375,cim_graph::performance::tests::test_cache_invalidation::{closure#0}
FN:497,cim_graph::performance::tests::test_perf_counter_empty
FN:38,<cim_graph::performance::NodeIndex<cim_graph::performance::tests::TestNode>>::insert
FN:314,<cim_graph::performance::monitoring::PerfCounter>::measure::<_, _>
FN:358,cim_graph::performance::tests::test_node_index
FN:68,<cim_graph::performance::NodeIndex<cim_graph::core::node::GenericNode<&str>>>::get_by_type
FN:270,cim_graph::performance::parallel::parallel_degrees::<rayon::slice::Iter<alloc::string::String>, cim_graph::performance::tests::test_parallel_degrees::{closure#0}>::{closure#0}
FN:165,<cim_graph::performance::GraphCache>::get_shortest_path::<cim_graph::tests::test_performance_features::{closure#1}>
FN:208,<cim_graph::performance::NodePool<_>>::release
FN:92,<cim_graph::performance::EdgeIndex<cim_graph::core::edge::GenericEdge<()>>>::new
FN:352,<cim_graph::performance::tests::TestNode as cim_graph::core::node::Node>::id
FN:63,<cim_graph::performance::NodeIndex<cim_graph::performance::tests::TestNode>>::get
FN:29,<cim_graph::performance::NodeIndex<cim_graph::performance::tests::TestNode>>::new
FN:479,cim_graph::performance::tests::test_perf_counter::{closure#0}
FN:471,cim_graph::performance::tests::test_perf_counter
FN:305,<cim_graph::performance::monitoring::PerfCounter>::new::<_>
FN:375,cim_graph::performance::tests::test_cache_invalidation::{closure#0}
FN:38,<cim_graph::performance::NodeIndex<cim_graph::performance::tests::TestNode>>::insert
FN:38,<cim_graph::performance::NodeIndex<cim_graph::core::node::GenericNode<&str>>>::insert
FN:154,<cim_graph::performance::GraphCache>::invalidate
FN:38,<cim_graph::performance::NodeIndex<cim_graph::core::node::GenericNode<&str>>>::insert
FN:165,<cim_graph::performance::GraphCache>::get_shortest_path::<cim_graph::performance::tests::test_cache_invalidation::{closure#0}>
FN:123,<cim_graph::performance::EdgeIndex<cim_graph::core::edge::GenericEdge<()>>>::edges_to
FN:358,cim_graph::performance::tests::test_node_index
FN:261,cim_graph::performance::parallel::parallel_degrees::<rayon::slice::Iter<alloc::string::String>, cim_graph::performance::tests::test_parallel_degrees::{closure#0}>
FN:63,<cim_graph::performance::NodeIndex<cim_graph::performance::tests::TestNode>>::get
FN:29,<cim_graph::performance::NodeIndex<cim_graph::performance::tests::TestNode>>::new
FN:165,<cim_graph::performance::GraphCache>::get_shortest_path::<cim_graph::tests::test_performance_features::{closure#1}>
FN:50,<cim_graph::performance::NodeIndex<cim_graph::performance::tests::TestNode>>::remove
FN:261,cim_graph::performance::parallel::parallel_degrees::<_, _>
FN:314,<cim_graph::performance::monitoring::PerfCounter>::measure::<cim_graph::performance::tests::test_perf_counter::{closure#1}, ()>
FN:203,<cim_graph::performance::NodePool<cim_graph::performance::tests::test_node_pool::TestPoolNode>>::acquire
FN:352,<cim_graph::performance::tests::TestNode as cim_graph::core::node::Node>::id
FN:236,cim_graph::performance::parallel::parallel_bfs::<_>::{closure#0}
FNDA:0,<cim_graph::performance::NodePool<_>>::new
FNDA:1,cim_graph::performance::tests::test_parallel_degrees::{closure#0}
FNDA:1,<cim_graph::performance::EdgeIndex<cim_graph::core::edge::GenericEdge<()>>>::edges_from
FNDA:0,<cim_graph::performance::monitoring::PerfCounter>::average_time
FNDA:1,<cim_graph::performance::EdgeIndex<cim_graph::core::edge::GenericEdge<()>>>::insert
FNDA:1,cim_graph::performance::parallel::parallel_bfs::<cim_graph::performance::tests::test_parallel_bfs::{closure#0}>::{closure#0}
FNDA:0,<cim_graph::performance::GraphCache>::get_shortest_path::<cim_graph::tests::test_performance_features::{closure#0}>
FNDA:0,<cim_graph::performance::GraphCache>::new
FNDA:0,cim_graph::performance::parallel::parallel_bfs::<_>
FNDA:1,<cim_graph::performance::NodeIndex<cim_graph::core::node::GenericNode<&str>>>::new
FNDA:1,<cim_graph::performance::NodeIndex<cim_graph::performance::tests::TestNode>>::remove
FNDA:0,<cim_graph::performance::NodeIndex<cim_graph::core::node::GenericNode<&str>>>::new
FNDA:1,<cim_graph::performance::GraphCache>::get_shortest_path::<cim_graph::tests::test_performance_features::{closure#0}>
FNDA:1,cim_graph::performance::tests::test_parallel_bfs
FNDA:0,cim_graph::performance::parallel::parallel_degrees::<_, _>::{closure#0}
FNDA:0,cim_graph::performance::tests::test_cache_invalidation
FNDA:0,<cim_graph::performance::NodePool<_>>::acquire
FNDA:1,cim_graph::performance::tests::test_parallel_bfs::{closure#0}
FNDA:1,<cim_graph::performance::NodePool<cim_graph::performance::tests::test_node_pool::TestPoolNode>>::release
FNDA:1,cim_graph::performance::parallel::parallel_bfs::<cim_graph::performance::tests::test_parallel_bfs::{closure#0}>::{closure#1}
FNDA:1,cim_graph::performance::tests::test_node_pool
FNDA:0,<cim_graph::performance::NodeIndex<cim_graph::performance::tests::TestNode>>::remove::{closure#0}
FNDA:1,<cim_graph::performance::NodeIndex<cim_graph::core::node::GenericNode<&str>>>::get
FNDA:0,<cim_graph::performance::EdgeIndex<cim_graph::core::edge::GenericEdge<()>>>::insert
FNDA:1,cim_graph::performance::tests::test_cache_invalidation
FNDA:1,cim_graph::performance::parallel::parallel_bfs::<cim_graph::performance::tests::test_parallel_bfs::{closure#0}>
FNDA:1,<cim_graph::performance::NodeIndex<cim_graph::core::node::GenericNode<&str>>>::get_by_type
FNDA:0,<cim_graph::performance::NodeIndex<cim_graph::core::node::GenericNode<&str>>>::get
FNDA:1,<cim_graph::performance::NodePool<cim_graph::performance::tests::test_node_pool::TestPoolNode>>::new
FNDA:0,<cim_graph::performance::EdgeIndex<cim_graph::core::edge::GenericEdge<()>>>::new
FNDA:1,cim_graph::performance::tests::test_parallel_degrees
FNDA:0,<cim_graph::performance::EdgeIndex<cim_graph::core::edge::GenericEdge<()>>>::edges_from
FNDA:1,<cim_graph::performance::monitoring::PerfCounter>::measure::<cim_graph::performance::tests::test_perf_counter::{closure#0}, i32>
FNDA:1,cim_graph::performance::tests::test_perf_counter::{closure#1}
FNDA:1,<cim_graph::performance::GraphCache>::new
FNDA:1,<cim_graph::performance::monitoring::PerfCounter>::average_time
FNDA:1,<cim_graph::performance::monitoring::PerfCounter>::new::<&str>
FNDA:0,<cim_graph::performance::GraphCache>::get_shortest_path::<cim_graph::performance::tests::test_cache_invalidation::{closure#0}>
FNDA:0,cim_graph::performance::parallel::parallel_bfs::<_>::{closure#1}
FNDA:1,<cim_graph::performance::GraphCache>::invalidate
FNDA:1,<cim_graph::performance::EdgeIndex<cim_graph::core::edge::GenericEdge<()>>>::edges_to
FNDA:1,<cim_graph::performance::NodeIndex<cim_graph::performance::tests::TestNode>>::remove::{closure#0}
FNDA:1,cim_graph::performance::tests::test_cache_invalidation::{closure#0}
FNDA:1,cim_graph::performance::tests::test_perf_counter_empty
FNDA:1,<cim_graph::performance::NodeIndex<cim_graph::performance::tests::TestNode>>::insert
FNDA:0,<cim_graph::performance::monitoring::PerfCounter>::measure::<_, _>
FNDA:0,cim_graph::performance::tests::test_node_index
FNDA:0,<cim_graph::performance::NodeIndex<cim_graph::core::node::GenericNode<&str>>>::get_by_type
FNDA:1,cim_graph::performance::parallel::parallel_degrees::<rayon::slice::Iter<alloc::string::String>, cim_graph::performance::tests::test_parallel_degrees::{closure#0}>::{closure#0}
FNDA:1,<cim_graph::performance::GraphCache>::get_shortest_path::<cim_graph::tests::test_performance_features::{closure#1}>
FNDA:0,<cim_graph::performance::NodePool<_>>::release
FNDA:1,<cim_graph::performance::EdgeIndex<cim_graph::core::edge::GenericEdge<()>>>::new
FNDA:0,<cim_graph::performance::tests::TestNode as cim_graph::core::node::Node>::id
FNDA:1,<cim_graph::performance::NodeIndex<cim_graph::performance::tests::TestNode>>::get
FNDA:1,<cim_graph::performance::NodeIndex<cim_graph::performance::tests::TestNode>>::new
FNDA:1,cim_graph::performance::tests::test_perf_counter::{closure#0}
FNDA:1,cim_graph::performance::tests::test_perf_counter
FNDA:0,<cim_graph::performance::monitoring::PerfCounter>::new::<_>
FNDA:0,cim_graph::performance::tests::test_cache_invalidation::{closure#0}
FNDA:0,<cim_graph::performance::NodeIndex<cim_graph::performance::tests::TestNode>>::insert
FNDA:1,<cim_graph::performance::NodeIndex<cim_graph::core::node::GenericNode<&str>>>::insert
FNDA:0,<cim_graph::performance::GraphCache>::invalidate
FNDA:0,<cim_graph::performance::NodeIndex<cim_graph::core::node::GenericNode<&str>>>::insert
FNDA:1,<cim_graph::performance::GraphCache>::get_shortest_path::<cim_graph::performance::tests::test_cache_invalidation::{closure#0}>
FNDA:0,<cim_graph::performance::EdgeIndex<cim_graph::core::edge::GenericEdge<()>>>::edges_to
FNDA:1,cim_graph::performance::tests::test_node_index
FNDA:1,cim_graph::performance::parallel::parallel_degrees::<rayon::slice::Iter<alloc::string::String>, cim_graph::performance::tests::test_parallel_degrees::{closure#0}>
FNDA:0,<cim_graph::performance::NodeIndex<cim_graph::performance::tests::TestNode>>::get
FNDA:0,<cim_graph::performance::NodeIndex<cim_graph::performance::tests::TestNode>>::new
FNDA:0,<cim_graph::performance::GraphCache>::get_shortest_path::<cim_graph::tests::test_performance_features::{closure#1}>
FNDA:0,<cim_graph::performance::NodeIndex<cim_graph::performance::tests::TestNode>>::remove
FNDA:0,cim_graph::performance::parallel::parallel_degrees::<_, _>
FNDA:1,<cim_graph::performance::monitoring::PerfCounter>::measure::<cim_graph::performance::tests::test_perf_counter::{closure#1}, ()>
FNDA:1,<cim_graph::performance::NodePool<cim_graph::performance::tests::test_node_pool::TestPoolNode>>::acquire
FNDA:1,<cim_graph::performance::tests::TestNode as cim_graph::core::node::Node>::id
FNDA:0,cim_graph::performance::parallel::parallel_bfs::<_>::{closure#0}
FNF:76
FNH:43
BRF:0
BRH:0
DA:29,2
DA:30,2
DA:31,2
DA:32,2
DA:33,2
DA:34,2
DA:35,2
DA:38,2
DA:39,2
DA:40,2
DA:44,2
DA:45,2
DA:46,2
DA:47,2
DA:50,1
DA:51,1
DA:53,1
DA:54,1
DA:56,1
DA:58,0
DA:60,1
DA:63,3
DA:64,3
DA:65,3
DA:68,1
DA:69,1
DA:70,1
DA:92,1
DA:93,1
DA:94,1
DA:95,1
DA:96,1
DA:97,1
DA:98,1
DA:101,1
DA:102,1
DA:103,1
DA:104,1
DA:106,1
DA:108,1
DA:109,1
DA:110,1
DA:112,1
DA:113,1
DA:114,1
DA:115,1
DA:118,1
DA:119,1
DA:120,1
DA:123,1
DA:124,1
DA:125,1
DA:144,2
DA:145,2
DA:146,2
DA:147,2
DA:148,2
DA:149,2
DA:150,2
DA:151,2
DA:154,1
DA:155,1
DA:156,1
DA:159,1
DA:160,1
DA:161,1
DA:162,1
DA:165,3
DA:166,3
DA:167,3
DA:168,3
DA:169,3
DA:170,3
DA:171,3
DA:172,3
DA:174,3
DA:177,3
DA:178,1
DA:179,2
DA:182,2
DA:183,2
DA:184,2
DA:185,3
DA:195,1
DA:196,1
DA:197,1
DA:198,1
DA:199,1
DA:200,1
DA:203,8
DA:204,8
DA:205,8
DA:208,11
DA:209,11
DA:210,6
DA:211,6
DA:212,11
DA:220,1
DA:221,1
DA:222,1
DA:223,1
DA:224,1
DA:225,1
DA:228,1
DA:229,1
DA:230,1
DA:232,4
DA:234,3
DA:235,3
DA:236,5
DA:237,5
DA:238,5
DA:239,4
DA:241,1
DA:243,5
DA:244,3
DA:246,3
DA:249,3
DA:250,3
DA:251,4
DA:252,3
DA:254,3
DA:257,1
DA:258,1
DA:261,1
DA:262,1
DA:263,1
DA:264,1
DA:265,1
DA:266,1
DA:267,1
DA:269,1
DA:270,3
DA:271,1
DA:272,1
DA:305,2
DA:306,2
DA:307,2
DA:308,2
DA:309,2
DA:310,2
DA:311,2
DA:314,2
DA:315,2
DA:316,2
DA:318,2
DA:319,2
DA:320,2
DA:322,2
DA:323,2
DA:325,2
DA:326,2
DA:329,2
DA:330,2
DA:331,2
DA:333,2
DA:334,1
DA:336,1
DA:338,2
DA:352,2
DA:353,2
DA:354,2
DA:358,1
DA:359,1
DA:360,1
DA:362,1
DA:363,1
DA:365,1
DA:366,1
DA:367,1
DA:370,1
DA:371,1
DA:374,1
DA:375,1
DA:378,1
DA:379,1
DA:380,1
DA:383,1
DA:386,1
DA:387,1
DA:388,1
DA:391,1
DA:397,1
DA:400,1
DA:401,1
DA:404,1
DA:405,1
DA:406,1
DA:407,1
DA:410,11
DA:411,10
DA:412,10
DA:414,1
DA:415,7
DA:416,6
DA:417,6
DA:419,1
DA:420,1
DA:423,1
DA:428,1
DA:429,1
DA:430,1
DA:431,1
DA:432,1
DA:433,1
DA:435,4
DA:436,4
DA:437,4
DA:439,1
DA:440,1
DA:441,1
DA:442,1
DA:443,1
DA:444,1
DA:445,1
DA:448,1
DA:453,1
DA:454,1
DA:455,1
DA:456,1
DA:457,1
DA:458,1
DA:460,3
DA:461,3
DA:462,3
DA:464,1
DA:465,1
DA:466,1
DA:467,1
DA:468,1
DA:471,1
DA:476,1
DA:479,1
DA:480,1
DA:481,1
DA:482,1
DA:483,1
DA:486,1
DA:487,1
DA:488,1
DA:491,1
DA:492,1
DA:493,1
DA:494,1
DA:497,1
DA:500,1
DA:502,1
DA:503,1
LF:248
LH:247
end_of_record
SF:src/algorithms/pathfinding.rs
FN:11,cim_graph::algorithms::pathfinding::shortest_path::<cim_graph::core::node::GenericNode<&str>, cim_graph::core::edge::GenericEdge<f64>>
FN:55,cim_graph::algorithms::pathfinding::shortest_path::<cim_graph::core::node::GenericNode<&str>, cim_graph::core::edge::GenericEdge<f64>>::{closure#0}
FN:77,cim_graph::algorithms::pathfinding::all_paths::<_, _>
FN:55,cim_graph::algorithms::pathfinding::shortest_path::<cim_graph::core::node::GenericNode<&str>, cim_graph::core::edge::GenericEdge<f64>>::{closure#0}
FN:11,cim_graph::algorithms::pathfinding::shortest_path::<cim_graph::core::node::GenericNode<&str>, cim_graph::core::edge::GenericEdge<f64>>
FN:158,<cim_graph::algorithms::pathfinding::State as core::cmp::PartialOrd>::partial_cmp
FN:55,cim_graph::algorithms::pathfinding::shortest_path::<cim_graph::core::node::GenericNode<&str>, cim_graph::core::edge::GenericEdge<()>>::{closure#0}
FN:55,cim_graph::algorithms::pathfinding::shortest_path::<cim_graph::core::node::GenericNode<&str>, cim_graph::core::edge::GenericEdge<()>>::{closure#0}
FN:171,cim_graph::algorithms::pathfinding::tests::test_shortest_path
FN:151,<cim_graph::algorithms::pathfinding::State as core::cmp::Ord>::cmp
FN:11,cim_graph::algorithms::pathfinding::shortest_path::<cim_graph::core::node::GenericNode<&str>, cim_graph::core::edge::GenericEdge<()>>
FN:158,<cim_graph::algorithms::pathfinding::State as core::cmp::PartialOrd>::partial_cmp
FN:77,cim_graph::algorithms::pathfinding::all_paths::<_, _>
FN:106,cim_graph::algorithms::pathfinding::find_paths_dfs::<_, _>
FN:171,cim_graph::algorithms::pathfinding::tests::test_shortest_path
FN:106,cim_graph::algorithms::pathfinding::find_paths_dfs::<_, _>
FN:151,<cim_graph::algorithms::pathfinding::State as core::cmp::Ord>::cmp
FN:11,cim_graph::algorithms::pathfinding::shortest_path::<cim_graph::core::node::GenericNode<&str>, cim_graph::core::edge::GenericEdge<()>>
FNDA:0,cim_graph::algorithms::pathfinding::shortest_path::<cim_graph::core::node::GenericNode<&str>, cim_graph::core::edge::GenericEdge<f64>>
FNDA:0,cim_graph::algorithms::pathfinding::shortest_path::<cim_graph::core::node::GenericNode<&str>, cim_graph::core::edge::GenericEdge<f64>>::{closure#0}
FNDA:0,cim_graph::algorithms::pathfinding::all_paths::<_, _>
FNDA:1,cim_graph::algorithms::pathfinding::shortest_path::<cim_graph::core::node::GenericNode<&str>, cim_graph::core::edge::GenericEdge<f64>>::{closure#0}
FNDA:1,cim_graph::algorithms::pathfinding::shortest_path::<cim_graph::core::node::GenericNode<&str>, cim_graph::core::edge::GenericEdge<f64>>
FNDA:0,<cim_graph::algorithms::pathfinding::State as core::cmp::PartialOrd>::partial_cmp
FNDA:1,cim_graph::algorithms::pathfinding::shortest_path::<cim_graph::core::node::GenericNode<&str>, cim_graph::core::edge::GenericEdge<()>>::{closure#0}
FNDA:0,cim_graph::algorithms::pathfinding::shortest_path::<cim_graph::core::node::GenericNode<&str>, cim_graph::core::edge::GenericEdge<()>>::{closure#0}
FNDA:0,cim_graph::algorithms::pathfinding::tests::test_shortest_path
FNDA:1,<cim_graph::algorithms::pathfinding::State as core::cmp::Ord>::cmp
FNDA:0,cim_graph::algorithms::pathfinding::shortest_path::<cim_graph::core::node::GenericNode<&str>, cim_graph::core::edge::GenericEdge<()>>
FNDA:1,<cim_graph::algorithms::pathfinding::State as core::cmp::PartialOrd>::partial_cmp
FNDA:0,cim_graph::algorithms::pathfinding::all_paths::<_, _>
FNDA:0,cim_graph::algorithms::pathfinding::find_paths_dfs::<_, _>
FNDA:1,cim_graph::algorithms::pathfinding::tests::test_shortest_path
FNDA:0,cim_graph::algorithms::pathfinding::find_paths_dfs::<_, _>
FNDA:0,<cim_graph::algorithms::pathfinding::State as core::cmp::Ord>::cmp
FNDA:1,cim_graph::algorithms::pathfinding::shortest_path::<cim_graph::core::node::GenericNode<&str>, cim_graph::core::edge::GenericEdge<()>>
FNF:18
FNH:7
BRF:0
BRH:0
DA:11,2
DA:12,2
DA:13,2
DA:14,2
DA:15,2
DA:17,2
DA:18,0
DA:19,2
DA:21,2
DA:22,0
DA:23,2
DA:26,2
DA:27,2
DA:28,2
DA:31,2
DA:32,2
DA:35,7
DA:37,7
DA:38,2
DA:39,2
DA:41,6
DA:42,4
DA:43,4
DA:44,4
DA:45,0
DA:49,2
DA:50,2
DA:51,2
DA:52,5
DA:55,5
DA:56,0
DA:57,5
DA:60,5
DA:61,11
DA:62,6
DA:64,6
DA:65,5
DA:66,5
DA:67,5
DA:68,5
DA:70,0
DA:73,0
DA:74,2
DA:77,0
DA:78,0
DA:79,0
DA:80,0
DA:81,0
DA:82,0
DA:83,0
DA:84,0
DA:85,0
DA:87,0
DA:88,0
DA:89,0
DA:90,0
DA:92,0
DA:93,0
DA:94,0
DA:95,0
DA:96,0
DA:97,0
DA:98,0
DA:99,0
DA:100,0
DA:102,0
DA:103,0
DA:106,0
DA:107,0
DA:108,0
DA:109,0
DA:110,0
DA:111,0
DA:112,0
DA:113,0
DA:114,0
DA:115,0
DA:116,0
DA:117,0
DA:118,0
DA:120,0
DA:121,0
DA:122,0
DA:124,0
DA:125,0
DA:126,0
DA:127,0
DA:128,0
DA:130,0
DA:132,0
DA:133,0
DA:134,0
DA:136,0
DA:138,0
DA:139,0
DA:151,2
DA:153,2
DA:154,2
DA:158,2
DA:159,2
DA:160,2
DA:171,1
DA:172,1
DA:173,1
DA:174,1
DA:175,1
DA:179,1
DA:180,1
DA:181,1
DA:182,1
DA:184,1
DA:185,1
DA:186,1
DA:187,1
DA:190,1
DA:191,1
DA:193,1
DA:194,1
DA:195,1
DA:196,1
DA:197,1
LF:121
LH:63
end_of_record
SF:src/core/node.rs
FN:29,<cim_graph::core::node::GenericNode<&str>>::data
FN:34,<cim_graph::core::node::GenericNode<_>>::data_mut
FN:21,<cim_graph::core::node::GenericNode<cim_graph::serde_support::tests::tests::test_helper_functions::TestData>>::new::<&str>
FN:57,cim_graph::core::node::tests::test_node_trait_implementation
FN:34,<cim_graph::core::node::GenericNode<_>>::data_mut
FN:21,<cim_graph::core::node::GenericNode<i32>>::new::<&str>
FN:50,cim_graph::core::node::tests::test_generic_node_creation
FN:21,<cim_graph::core::node::GenericNode<&str>>::new::<&str>
FN:21,<cim_graph::core::node::GenericNode<i32>>::new::<&str>
FN:21,<cim_graph::core::node::GenericNode<&str>>::new::<&str>
FN:29,<cim_graph::core::node::GenericNode<i32>>::data
FN:50,cim_graph::core::node::tests::test_generic_node_creation
FN:29,<cim_graph::core::node::GenericNode<i32>>::data
FN:29,<cim_graph::core::node::GenericNode<&str>>::data
FN:40,<cim_graph::core::node::GenericNode<&str> as cim_graph::core::node::Node>::id
FN:40,<cim_graph::core::node::GenericNode<i32> as cim_graph::core::node::Node>::id
FN:57,cim_graph::core::node::tests::test_node_trait_implementation
FN:40,<cim_graph::core::node::GenericNode<cim_graph::serde_support::tests::tests::test_helper_functions::TestData> as cim_graph::core::node::Node>::id
FN:40,<cim_graph::core::node::GenericNode<i32> as cim_graph::core::node::Node>::id
FN:40,<cim_graph::core::node::GenericNode<&str> as cim_graph::core::node::Node>::id
FNDA:1,<cim_graph::core::node::GenericNode<&str>>::data
FNDA:0,<cim_graph::core::node::GenericNode<_>>::data_mut
FNDA:1,<cim_graph::core::node::GenericNode<cim_graph::serde_support::tests::tests::test_helper_functions::TestData>>::new::<&str>
FNDA:1,cim_graph::core::node::tests::test_node_trait_implementation
FNDA:0,<cim_graph::core::node::GenericNode<_>>::data_mut
FNDA:1,<cim_graph::core::node::GenericNode<i32>>::new::<&str>
FNDA:0,cim_graph::core::node::tests::test_generic_node_creation
FNDA:0,<cim_graph::core::node::GenericNode<&str>>::new::<&str>
FNDA:0,<cim_graph::core::node::GenericNode<i32>>::new::<&str>
FNDA:1,<cim_graph::core::node::GenericNode<&str>>::new::<&str>
FNDA:1,<cim_graph::core::node::GenericNode<i32>>::data
FNDA:1,cim_graph::core::node::tests::test_generic_node_creation
FNDA:0,<cim_graph::core::node::GenericNode<i32>>::data
FNDA:0,<cim_graph::core::node::GenericNode<&str>>::data
FNDA:1,<cim_graph::core::node::GenericNode<&str> as cim_graph::core::node::Node>::id
FNDA:0,<cim_graph::core::node::GenericNode<i32> as cim_graph::core::node::Node>::id
FNDA:0,cim_graph::core::node::tests::test_node_trait_implementation
FNDA:1,<cim_graph::core::node::GenericNode<cim_graph::serde_support::tests::tests::test_helper_functions::TestData> as cim_graph::core::node::Node>::id
FNDA:1,<cim_graph::core::node::GenericNode<i32> as cim_graph::core::node::Node>::id
FNDA:0,<cim_graph::core::node::GenericNode<&str> as cim_graph::core::node::Node>::id
FNF:20
FNH:10
BRF:0
BRH:0
DA:21,30
DA:22,30
DA:23,30
DA:24,30
DA:25,30
DA:26,30
DA:29,3
DA:30,3
DA:31,3
DA:34,0
DA:35,0
DA:36,0
DA:40,30
DA:41,30
DA:42,30
DA:50,1
DA:51,1
DA:52,1
DA:53,1
DA:54,1
DA:57,1
DA:58,1
DA:61,1
DA:62,1
LF:24
LH:21
end_of_record
SF:src/serde_support.rs
FN:118,cim_graph::serde_support::serialize_node::<cim_graph::core::node::GenericNode<cim_graph::serde_support::tests::tests::test_helper_functions::TestData>>
FN:110,<_ as cim_graph::serde_support::GraphSerialize>::load_from_file
FN:89,<cim_graph::graphs::ipld::IpldGraph as cim_graph::serde_support::GraphSerialize>::to_json
FN:103,<cim_graph::graphs::ipld::IpldGraph as cim_graph::serde_support::GraphSerialize>::save_to_file
FN:120,cim_graph::serde_support::serialize_node::<cim_graph::core::node::GenericNode<cim_graph::serde_support::tests::tests::test_helper_functions::TestData>>::{closure#0}
FN:98,<cim_graph::graphs::ipld::IpldGraph as cim_graph::serde_support::GraphSerialize>::from_json::{closure#0}
FN:130,cim_graph::serde_support::serialize_edge::<_>
FN:96,<cim_graph::graphs::ipld::IpldGraph as cim_graph::serde_support::GraphSerialize>::from_json
FN:110,<cim_graph::graphs::ipld::IpldGraph as cim_graph::serde_support::GraphSerialize>::load_from_file
FN:130,cim_graph::serde_support::serialize_edge::<cim_graph::core::edge::GenericEdge<cim_graph::serde_support::tests::tests::test_helper_functions::TestData>>
FN:112,<_ as cim_graph::serde_support::GraphSerialize>::load_from_file::{closure#0}
FN:112,<cim_graph::graphs::ipld::IpldGraph as cim_graph::serde_support::GraphSerialize>::load_from_file::{closure#0}
FN:103,<_ as cim_graph::serde_support::GraphSerialize>::save_to_file
FN:132,cim_graph::serde_support::serialize_edge::<cim_graph::core::edge::GenericEdge<cim_graph::serde_support::tests::tests::test_helper_functions::TestData>>::{closure#0}
FN:106,<cim_graph::graphs::ipld::IpldGraph as cim_graph::serde_support::GraphSerialize>::save_to_file::{closure#0}
FN:89,<cim_graph::graphs::ipld::IpldGraph as cim_graph::serde_support::GraphSerialize>::to_json
FN:96,<cim_graph::graphs::ipld::IpldGraph as cim_graph::serde_support::GraphSerialize>::from_json
FN:120,cim_graph::serde_support::serialize_node::<_>::{closure#0}
FN:92,<cim_graph::graphs::ipld::IpldGraph as cim_graph::serde_support::GraphSerialize>::to_json::{closure#0}
[...]
FNDA:1,<cim_graph::graphs::context::ContextGraph>::add_entity::<&str, &str, &str>::{closure#0}
FNDA:0,<cim_graph::graphs::context::ContextNode>::name
FNDA:1,<cim_graph::graphs::context::ContextGraph>::graph
FNDA:0,<cim_graph::graphs::context::ContextGraph>::add_entity::<&str, &str, &str>::{closure#0}
FNDA:1,<cim_graph::graphs::context::ContextGraph>::add_bounded_context::<&str, &str>
FNDA:1,<cim_graph::graphs::context::ContextEdge>::relationship_type
FNDA:0,<cim_graph::graphs::context::ContextGraph as core::default::Default>::default
FNDA:1,cim_graph::graphs::context::tests::test_aggregate_hierarchy
FNDA:0,<cim_graph::graphs::context::ContextNode>::with_context::<alloc::string::String>
FNDA:1,<cim_graph::graphs::context::ContextGraph>::add_entity::<&str, &str, &str>
FNDA:1,<cim_graph::graphs::context::ContextNode>::object_type
FNDA:1,<cim_graph::graphs::context::ContextEdge as cim_graph::core::edge::Edge>::source
FNDA:0,<cim_graph::graphs::context::ContextNode>::with_context::<&str>
FNDA:1,<cim_graph::graphs::context::ContextGraph>::graph_mut
FNDA:0,<cim_graph::graphs::context::ContextNode>::with_properties
FNDA:1,<cim_graph::graphs::context::ContextEdge as cim_graph::core::edge::Edge>::id
FNDA:0,<cim_graph::graphs::context::ContextNode>::new::<alloc::string::String, &str>
FNDA:0,<cim_graph::graphs::context::ContextGraph>::get_aggregates::{closure#0}
FNDA:1,<cim_graph::graphs::context::ContextGraph>::get_aggregates::{closure#0}
FNDA:1,<cim_graph::graphs::context::ContextGraph>::get_context_objects
FNDA:0,<cim_graph::graphs::context::ContextGraph>::add_entity::<&str, &str, &str>
FNDA:0,<cim_graph::graphs::context::ContextNode>::bounded_context
FNDA:0,<cim_graph::graphs::context::ContextGraph>::validate_boundaries::{closure#1}
FNDA:0,<cim_graph::graphs::context::ContextEdge>::new::<&alloc::string::String, &str>
FNF:92
FNH:41
BRF:0
BRH:0
DA:46,18
DA:47,18
DA:48,18
DA:49,18
DA:50,18
DA:51,18
DA:52,18
DA:53,18
DA:54,18
DA:55,18
DA:56,18
DA:57,18
DA:58,18
DA:59,18
DA:62,10
DA:63,10
DA:64,10
DA:65,10
DA:68,0
DA:69,0
DA:70,0
DA:71,0
DA:74,0
DA:75,0
DA:76,0
DA:79,2
DA:80,2
DA:81,2
DA:84,1
DA:85,1
DA:86,1
DA:89,9
DA:90,9
DA:91,9
DA:95,20
DA:96,20
DA:97,20
DA:140,6
DA:141,6
DA:142,6
DA:143,6
DA:144,6
DA:145,6
DA:146,6
DA:147,6
DA:149,6
DA:150,6
DA:151,6
DA:152,6
DA:153,6
DA:154,6
DA:155,6
DA:156,6
DA:159,1
DA:160,1
DA:161,1
DA:165,6
DA:166,6
DA:167,6
DA:169,8
DA:170,8
DA:171,8
DA:173,8
DA:174,8
DA:175,8
DA:186,6
DA:187,6
DA:188,6
DA:189,6
DA:190,6
DA:192,6
DA:193,6
DA:196,0
DA:197,0
DA:198,0
DA:199,0
DA:200,0
DA:201,0
DA:203,0
DA:204,0
DA:207,7
DA:208,7
DA:209,7
DA:210,7
DA:213,5
DA:214,5
DA:215,5
DA:216,5
DA:217,5
DA:218,5
DA:219,5
DA:220,5
DA:221,5
DA:222,5
DA:225,4
DA:226,4
DA:227,4
DA:228,4
DA:229,4
DA:230,4
DA:231,4
DA:232,4
DA:235,4
DA:236,4
DA:237,4
DA:238,3
DA:240,3
DA:241,3
DA:243,3
DA:246,3
DA:247,3
DA:249,3
DA:250,4
DA:253,3
DA:254,3
DA:255,3
DA:256,3
DA:257,3
DA:258,3
DA:259,3
DA:260,3
DA:261,3
DA:264,2
DA:265,2
DA:266,2
DA:267,3
DA:268,3
DA:269,2
DA:270,2
DA:273,1
DA:274,1
DA:275,1
DA:276,1
DA:277,1
DA:278,1
DA:281,1
DA:282,1
DA:284,1
DA:285,1
DA:287,1
DA:292,0
DA:293,1
DA:297,1
DA:298,1
DA:299,1
DA:300,1
DA:302,1
DA:303,1
DA:304,1
DA:305,1
DA:306,1
DA:307,1
DA:308,1
DA:309,0
DA:312,1
DA:313,1
DA:316,11
DA:317,11
DA:318,11
DA:321,2
DA:322,2
DA:323,2
DA:327,0
DA:328,0
DA:329,0
DA:337,1
DA:338,1
DA:339,1
DA:340,1
DA:341,1
DA:344,1
DA:345,1
DA:348,1
DA:349,1
DA:351,1
DA:352,1
DA:355,1
DA:356,1
DA:359,1
DA:360,1
DA:363,1
DA:366,1
DA:367,1
DA:370,1
DA:371,1
DA:372,1
DA:375,1
DA:376,1
DA:379,1
DA:380,1
DA:383,1
DA:384,1
DA:387,1
DA:390,1
DA:391,1
DA:392,1
DA:393,1
LF:197
LH:177
end_of_record
SF:src/graphs/concept.rs
FN:228,<cim_graph::graphs::concept::ConceptEdge as cim_graph::core::edge::Edge>::id
FN:347,<cim_graph::graphs::concept::ConceptGraph>::has_relation::{closure#0}
FN:127,<cim_graph::graphs::concept::SemanticRelation as core::fmt::Display>::fmt
FN:550,cim_graph::graphs::concept::tests::test_concept_graph_creation
FN:362,<cim_graph::graphs::concept::ConceptGraph>::run_inference
FN:585,cim_graph::graphs::concept::tests::test_instance_inference
FN:391,<cim_graph::graphs::concept::ConceptGraph>::get_superclasses
FN:524,<cim_graph::graphs::concept::ConceptGraph>::get_all_concepts::{closure#0}
FN:609,cim_graph::graphs::concept::tests::test_consistency_checking
FN:222,<cim_graph::graphs::concept::ConceptEdge>::confidence
FN:344,<cim_graph::graphs::concept::ConceptGraph>::has_relation
FN:189,<cim_graph::graphs::concept::ConceptEdge>::custom::<_, _, _>
FN:303,<cim_graph::graphs::concept::ConceptGraph>::with_handler
FN:322,<cim_graph::graphs::concept::ConceptGraph>::add_concept
FN:529,<cim_graph::graphs::concept::ConceptGraph>::graph
FN:236,<cim_graph::graphs::concept::ConceptEdge as cim_graph::core::edge::Edge>::target
FN:236,<cim_graph::graphs::concept::ConceptEdge as cim_graph::core::edge::Edge>::target
FN:481,<cim_graph::graphs::concept::ConceptGraph>::add_rule
FN:217,<cim_graph::graphs::concept::ConceptEdge>::relation
FN:303,<cim_graph::graphs::concept::ConceptGraph>::with_handler
FN:534,<cim_graph::graphs::concept::ConceptGraph>::graph_mut
FN:222,<cim_graph::graphs::concept::ConceptEdge>::confidence
FN:285,<cim_graph::graphs::concept::ConceptGraph>::new::{closure#2}
FN:167,<cim_graph::graphs::concept::ConceptEdge>::new::<&str, &str>
FN:524,<cim_graph::graphs::concept::ConceptGraph>::get_all_concepts::{closure#0}
FN:486,<cim_graph::graphs::concept::ConceptGraph>::rules
FN:56,<cim_graph::graphs::concept::ConceptNode>::add_property::<&alloc::string::String>
FN:211,<cim_graph::graphs::concept::ConceptEdge>::with_confidence
FN:529,<cim_graph::graphs::concept::ConceptGraph>::graph
FN:442,<cim_graph::graphs::concept::ConceptGraph>::check_consistency
FN:84,<cim_graph::graphs::concept::ConceptNode>::name
FN:521,<cim_graph::graphs::concept::ConceptGraph>::get_all_concepts
FN:167,<cim_graph::graphs::concept::ConceptEdge>::new::<&str, &str>
FN:74,<cim_graph::graphs::concept::ConceptNode>::concept_type
FN:84,<cim_graph::graphs::concept::ConceptNode>::name
FN:74,<cim_graph::graphs::concept::ConceptNode>::concept_type
FN:336,<cim_graph::graphs::concept::ConceptGraph>::add_relation
FN:287,<cim_graph::graphs::concept::ConceptGraph>::new::{closure#2}::{closure#0}
FN:521,<cim_graph::graphs::concept::ConceptGraph>::get_all_concepts
FN:211,<cim_graph::graphs::concept::ConceptEdge>::with_confidence
FN:353,<cim_graph::graphs::concept::ConceptGraph>::has_relation::{closure#1}
FN:45,<cim_graph::graphs::concept::ConceptNode>::new::<&str, &str>
FN:557,cim_graph::graphs::concept::tests::test_class_hierarchy
FN:353,<cim_graph::graphs::concept::ConceptGraph>::has_relation::{closure#1}
FN:442,<cim_graph::graphs::concept::ConceptGraph>::check_consistency
FN:292,<cim_graph::graphs::concept::ConceptGraph>::new::{closure#3}
FN:287,<cim_graph::graphs::concept::ConceptGraph>::new::{closure#2}::{closure#0}
FN:217,<cim_graph::graphs::concept::ConceptEdge>::relation
FN:90,<cim_graph::graphs::concept::ConceptNode as cim_graph::core::node::Node>::id
FN:486,<cim_graph::graphs::concept::ConceptGraph>::rules
FN:609,cim_graph::graphs::concept::tests::test_consistency_checking
FN:232,<cim_graph::graphs::concept::ConceptEdge as cim_graph::core::edge::Edge>::source
FN:285,<cim_graph::graphs::concept::ConceptGraph>::new::{closure#2}
FN:64,<cim_graph::graphs::concept::ConceptNode>::get_property
FN:540,<cim_graph::graphs::concept::ConceptGraph as core::default::Default>::default
FN:273,<cim_graph::graphs::concept::ConceptGraph>::new::{closure#0}
FN:322,<cim_graph::graphs::concept::ConceptGraph>::add_concept
FN:280,<cim_graph::graphs::concept::ConceptGraph>::new::{closure#1}
FN:481,<cim_graph::graphs::concept::ConceptGraph>::add_rule
FN:362,<cim_graph::graphs::concept::ConceptGraph>::run_inference
FN:498,<cim_graph::graphs::concept::ConceptGraph>::get_relations
FN:79,<cim_graph::graphs::concept::ConceptNode>::label
FN:336,<cim_graph::graphs::concept::ConceptGraph>::add_relation
FN:491,<cim_graph::graphs::concept::ConceptGraph>::apply_inference
FN:232,<cim_graph::graphs::concept::ConceptEdge as cim_graph::core::edge::Edge>::source
FN:69,<cim_graph::graphs::concept::ConceptNode>::add_annotation::<_, _>
FN:64,<cim_graph::graphs::concept::ConceptNode>::get_property
FN:420,<cim_graph::graphs::concept::ConceptGraph>::get_instances
FN:275,<cim_graph::graphs::concept::ConceptGraph>::new::{closure#0}::{closure#0}
FN:262,<cim_graph::graphs::concept::ConceptGraph>::new
FN:90,<cim_graph::graphs::concept::ConceptNode as cim_graph::core::node::Node>::id
FN:280,<cim_graph::graphs::concept::ConceptGraph>::new::{closure#1}
FN:69,<cim_graph::graphs::concept::ConceptNode>::add_annotation::<_, _>
FN:292,<cim_graph::graphs::concept::ConceptGraph>::new::{closure#3}
FN:540,<cim_graph::graphs::concept::ConceptGraph as core::default::Default>::default
FN:262,<cim_graph::graphs::concept::ConceptGraph>::new
FN:534,<cim_graph::graphs::concept::ConceptGraph>::graph_mut
FN:273,<cim_graph::graphs::concept::ConceptGraph>::new::{closure#0}
FN:514,<cim_graph::graphs::concept::ConceptGraph>::get_inferred
FN:557,cim_graph::graphs::concept::tests::test_class_hierarchy
FN:127,<cim_graph::graphs::concept::SemanticRelation as core::fmt::Display>::fmt
FN:228,<cim_graph::graphs::concept::ConceptEdge as cim_graph::core::edge::Edge>::id
FN:585,cim_graph::graphs::concept::tests::test_instance_inference
FN:498,<cim_graph::graphs::concept::ConceptGraph>::get_relations
FN:391,<cim_graph::graphs::concept::ConceptGraph>::get_superclasses
FN:189,<cim_graph::graphs::concept::ConceptEdge>::custom::<_, _, _>
FN:514,<cim_graph::graphs::concept::ConceptGraph>::get_inferred
FN:275,<cim_graph::graphs::concept::ConceptGraph>::new::{closure#0}::{closure#0}
FN:491,<cim_graph::graphs::concept::ConceptGraph>::apply_inference
FN:347,<cim_graph::graphs::concept::ConceptGraph>::has_relation::{closure#0}
FN:79,<cim_graph::graphs::concept::ConceptNode>::label
FN:45,<cim_graph::graphs::concept::ConceptNode>::new::<&str, &str>
FN:550,cim_graph::graphs::concept::tests::test_concept_graph_creation
FN:344,<cim_graph::graphs::concept::ConceptGraph>::has_relation
FN:56,<cim_graph::graphs::concept::ConceptNode>::add_property::<&alloc::string::String>
FN:420,<cim_graph::graphs::concept::ConceptGraph>::get_instances
FNDA:1,<cim_graph::graphs::concept::ConceptEdge as cim_graph::core::edge::Edge>::id
FNDA:0,<cim_graph::graphs::concept::ConceptGraph>::has_relation::{closure#0}
FNDA:0,<cim_graph::graphs::concept::SemanticRelation as core::fmt::Display>::fmt
FNDA:0,cim_graph::graphs::concept::tests::test_concept_graph_creation
FNDA:0,<cim_graph::graphs::concept::ConceptGraph>::run_inference
FNDA:0,cim_graph::graphs::concept::tests::test_instance_inference
FNDA:0,<cim_graph::graphs::concept::ConceptGraph>::get_superclasses
FNDA:1,<cim_graph::graphs::concept::ConceptGraph>::get_all_concepts::{closure#0}
FNDA:0,cim_graph::graphs::concept::tests::test_consistency_checking
FNDA:0,<cim_graph::graphs::concept::ConceptEdge>::confidence
FNDA:1,<cim_graph::graphs::concept::ConceptGraph>::has_relation
FNDA:0,<cim_graph::graphs::concept::ConceptEdge>::custom::<_, _, _>
FNDA:0,<cim_graph::graphs::concept::ConceptGraph>::with_handler
FNDA:1,<cim_graph::graphs::concept::ConceptGraph>::add_concept
FNDA:1,<cim_graph::graphs::concept::ConceptGraph>::graph
FNDA:0,<cim_graph::graphs::concept::ConceptEdge as cim_graph::core::edge::Edge>::target
FNDA:1,<cim_graph::graphs::concept::ConceptEdge as cim_graph::core::edge::Edge>::target
FNDA:0,<cim_graph::graphs::concept::ConceptGraph>::add_rule
FNDA:1,<cim_graph::graphs::concept::ConceptEdge>::relation
FNDA:0,<cim_graph::graphs::concept::ConceptGraph>::with_handler
FNDA:0,<cim_graph::graphs::concept::ConceptGraph>::graph_mut
FNDA:0,<cim_graph::graphs::concept::ConceptEdge>::confidence
FNDA:0,<cim_graph::graphs::concept::ConceptGraph>::new::{closure#2}
FNDA:0,<cim_graph::graphs::concept::ConceptEdge>::new::<&str, &str>
FNDA:0,<cim_graph::graphs::concept::ConceptGraph>::get_all_concepts::{closure#0}
FNDA:0,<cim_graph::graphs::concept::ConceptGraph>::rules
FNDA:1,<cim_graph::graphs::concept::ConceptNode>::add_property::<&alloc::string::String>
FNDA:0,<cim_graph::graphs::concept::ConceptEdge>::with_confidence
FNDA:0,<cim_graph::graphs::concept::ConceptGraph>::graph
FNDA:1,<cim_graph::graphs::concept::ConceptGraph>::check_consistency
FNDA:0,<cim_graph::graphs::concept::ConceptNode>::name
FNDA:1,<cim_graph::graphs::concept::ConceptGraph>::get_all_concepts
FNDA:1,<cim_graph::graphs::concept::ConceptEdge>::new::<&str, &str>
FNDA:1,<cim_graph::graphs::concept::ConceptNode>::concept_type
FNDA:0,<cim_graph::graphs::concept::ConceptNode>::name
FNDA:0,<cim_graph::graphs::concept::ConceptNode>::concept_type
FNDA:0,<cim_graph::graphs::concept::ConceptGraph>::add_relation
FNDA:1,<cim_graph::graphs::concept::ConceptGraph>::new::{closure#2}::{closure#0}
FNDA:0,<cim_graph::graphs::concept::ConceptGraph>::get_all_concepts
FNDA:0,<cim_graph::graphs::concept::ConceptEdge>::with_confidence
FNDA:0,<cim_graph::graphs::concept::ConceptGraph>::has_relation::{closure#1}
FNDA:0,<cim_graph::graphs::concept::ConceptNode>::new::<&str, &str>
FNDA:0,cim_graph::graphs::concept::tests::test_class_hierarchy
FNDA:1,<cim_graph::graphs::concept::ConceptGraph>::has_relation::{closure#1}
FNDA:0,<cim_graph::graphs::concept::ConceptGraph>::check_consistency
FNDA:0,<cim_graph::graphs::concept::ConceptGraph>::new::{closure#3}
FNDA:0,<cim_graph::graphs::concept::ConceptGraph>::new::{closure#2}::{closure#0}
FNDA:0,<cim_graph::graphs::concept::ConceptEdge>::relation
FNDA:0,<cim_graph::graphs::concept::ConceptNode as cim_graph::core::node::Node>::id
FNDA:0,<cim_graph::graphs::concept::ConceptGraph>::rules
FNDA:1,cim_graph::graphs::concept::tests::test_consistency_checking
FNDA:0,<cim_graph::graphs::concept::ConceptEdge as cim_graph::core::edge::Edge>::source
FNDA:1,<cim_graph::graphs::concept::ConceptGraph>::new::{closure#2}
FNDA:0,<cim_graph::graphs::concept::ConceptNode>::get_property
FNDA:0,<cim_graph::graphs::concept::ConceptGraph as core::default::Default>::default
FNDA:1,<cim_graph::graphs::concept::ConceptGraph>::new::{closure#0}
FNDA:0,<cim_graph::graphs::concept::ConceptGraph>::add_concept
FNDA:0,<cim_graph::graphs::concept::ConceptGraph>::new::{closure#1}
FNDA:0,<cim_graph::graphs::concept::ConceptGraph>::add_rule
FNDA:1,<cim_graph::graphs::concept::ConceptGraph>::run_inference
FNDA:0,<cim_graph::graphs::concept::ConceptGraph>::get_relations
FNDA:0,<cim_graph::graphs::concept::ConceptNode>::label
FNDA:1,<cim_graph::graphs::concept::ConceptGraph>::add_relation
FNDA:1,<cim_graph::graphs::concept::ConceptGraph>::apply_inference
FNDA:1,<cim_graph::graphs::concept::ConceptEdge as cim_graph::core::edge::Edge>::source
FNDA:0,<cim_graph::graphs::concept::ConceptNode>::add_annotation::<_, _>
FNDA:0,<cim_graph::graphs::concept::ConceptNode>::get_property
FNDA:0,<cim_graph::graphs::concept::ConceptGraph>::get_instances
FNDA:1,<cim_graph::graphs::concept::ConceptGraph>::new::{closure#0}::{closure#0}
FNDA:1,<cim_graph::graphs::concept::ConceptGraph>::new
FNDA:1,<cim_graph::graphs::concept::ConceptNode as cim_graph::core::node::Node>::id
FNDA:1,<cim_graph::graphs::concept::ConceptGraph>::new::{closure#1}
FNDA:0,<cim_graph::graphs::concept::ConceptNode>::add_annotation::<_, _>
FNDA:1,<cim_graph::graphs::concept::ConceptGraph>::new::{closure#3}
FNDA:0,<cim_graph::graphs::concept::ConceptGraph as core::default::Default>::default
FNDA:0,<cim_graph::graphs::concept::ConceptGraph>::new
FNDA:0,<cim_graph::graphs::concept::ConceptGraph>::graph_mut
FNDA:0,<cim_graph::graphs::concept::ConceptGraph>::new::{closure#0}
FNDA:0,<cim_graph::graphs::concept::ConceptGraph>::get_inferred
FNDA:1,cim_graph::graphs::concept::tests::test_class_hierarchy
FNDA:0,<cim_graph::graphs::concept::SemanticRelation as core::fmt::Display>::fmt
FNDA:0,<cim_graph::graphs::concept::ConceptEdge as cim_graph::core::edge::Edge>::id
FNDA:1,cim_graph::graphs::concept::tests::test_instance_inference
FNDA:1,<cim_graph::graphs::concept::ConceptGraph>::get_relations
FNDA:1,<cim_graph::graphs::concept::ConceptGraph>::get_superclasses
FNDA:0,<cim_graph::graphs::concept::ConceptEdge>::custom::<_, _, _>
FNDA:0,<cim_graph::graphs::concept::ConceptGraph>::get_inferred
FNDA:0,<cim_graph::graphs::concept::ConceptGraph>::new::{closure#0}::{closure#0}
FNDA:0,<cim_graph::graphs::concept::ConceptGraph>::apply_inference
FNDA:1,<cim_graph::graphs::concept::ConceptGraph>::has_relation::{closure#0}
FNDA:1,<cim_graph::graphs::concept::ConceptNode>::label
FNDA:1,<cim_graph::graphs::concept::ConceptNode>::new::<&str, &str>
FNDA:1,cim_graph::graphs::concept::tests::test_concept_graph_creation
FNDA:0,<cim_graph::graphs::concept::ConceptGraph>::has_relation
FNDA:0,<cim_graph::graphs::concept::ConceptNode>::add_property::<&alloc::string::String>
FNDA:1,<cim_graph::graphs::concept::ConceptGraph>::get_instances
FNF:96
FNH:35
BRF:0
BRH:0
DA:45,19
DA:46,19
DA:47,19
DA:48,19
DA:49,19
DA:50,19
DA:51,19
DA:52,19
DA:53,19
DA:56,8
DA:57,8
DA:58,8
DA:59,8
DA:60,8
DA:61,8
DA:64,0
DA:65,0
DA:66,0
DA:69,0
DA:70,0
DA:71,0
DA:74,1
DA:75,1
DA:76,1
DA:79,1
DA:80,1
DA:81,1
DA:84,0
DA:85,0
DA:86,0
DA:90,23
DA:91,23
DA:92,23
DA:127,0
DA:128,0
DA:129,0
DA:130,0
DA:131,0
DA:132,0
DA:133,0
DA:134,0
DA:135,0
DA:136,0
DA:137,0
DA:138,0
DA:139,0
DA:140,0
DA:141,0
DA:143,0
DA:167,12
DA:168,12
DA:169,12
DA:170,12
DA:171,12
DA:172,12
DA:173,12
DA:174,12
DA:175,12
DA:177,12
DA:178,12
DA:179,12
DA:180,12
DA:181,12
DA:182,12
DA:183,12
DA:184,12
DA:185,12
DA:186,12
DA:189,0
DA:190,0
DA:191,0
DA:192,0
DA:193,0
DA:194,0
DA:195,0
DA:196,0
DA:197,0
DA:199,0
DA:200,0
DA:201,0
DA:202,0
DA:203,0
DA:204,0
DA:205,0
DA:206,0
DA:207,0
DA:208,0
DA:211,0
DA:212,0
DA:213,0
DA:214,0
DA:217,36
DA:218,36
DA:219,36
DA:222,0
DA:223,0
DA:224,0
DA:228,12
DA:229,12
DA:230,12
DA:232,12
DA:233,12
DA:234,12
DA:236,12
DA:237,12
DA:238,12
DA:262,6
DA:263,6
DA:264,6
DA:265,6
DA:266,6
DA:268,6
DA:271,6
DA:272,6
DA:273,12
DA:275,36
DA:276,36
DA:277,6
DA:278,36
DA:279,12
DA:280,1
DA:283,6
DA:284,6
DA:285,12
DA:287,35
DA:288,35
DA:289,2
DA:290,35
DA:291,12
DA:292,1
DA:295,6
DA:296,6
DA:297,6
DA:298,6
DA:299,6
DA:300,6
DA:303,0
DA:304,0
DA:305,0
DA:306,0
DA:307,0
DA:308,0
DA:310,0
DA:311,0
DA:312,0
DA:313,0
DA:314,0
DA:317,0
DA:318,0
DA:319,0
DA:322,15
DA:323,15
DA:326,15
DA:327,23
DA:328,8
DA:329,8
DA:330,0
DA:332,15
DA:333,15
DA:336,12
DA:338,12
DA:339,12
DA:340,12
DA:341,12
DA:344,115
DA:346,115
DA:347,115
DA:348,17
DA:349,98
DA:352,98
DA:353,5
DA:354,3
DA:355,2
DA:356,93
DA:358,95
DA:359,115
DA:362,2
DA:363,2
DA:366,6
DA:367,12
DA:368,36
DA:369,36
DA:370,2
DA:373,2
DA:374,2
DA:375,2
DA:376,34
DA:382,4
DA:383,2
DA:384,2
DA:385,2
DA:386,2
DA:387,2
DA:388,2
DA:391,5
DA:392,5
DA:393,5
DA:395,14
DA:397,9
DA:398,7
DA:399,14
DA:400,7
DA:401,3
DA:402,4
DA:407,9
DA:408,2
DA:409,1
DA:410,1
DA:411,1
DA:413,8
DA:416,5
DA:417,5
DA:420,3
DA:421,3
DA:424,10
DA:425,10
DA:426,3
DA:427,7
DA:431,10
DA:432,10
DA:433,1
DA:434,1
DA:435,9
DA:438,3
DA:439,3
DA:442,1
DA:443,1
DA:446,3
DA:447,3
DA:448,3
DA:449,0
DA:450,3
DA:454,3
DA:455,3
DA:458,9
DA:459,9
DA:460,2
DA:461,7
DA:465,5
DA:466,6
DA:467,4
DA:468,1
DA:469,1
DA:470,1
DA:471,1
DA:472,3
DA:477,1
DA:478,1
DA:481,0
DA:482,0
DA:483,0
DA:486,0
DA:487,0
DA:488,0
DA:491,2
DA:494,2
DA:495,2
DA:498,1
DA:499,1
DA:502,1
DA:503,2
DA:504,1
DA:505,1
DA:506,1
DA:508,0
DA:510,1
DA:511,1
DA:514,0
DA:515,0
DA:516,0
DA:517,0
DA:518,0
DA:521,1
DA:522,1
DA:523,1
DA:524,4
DA:525,1
DA:526,1
DA:529,5
DA:530,5
DA:531,5
DA:534,0
DA:535,0
DA:536,0
DA:540,0
DA:541,0
DA:542,0
DA:550,1
DA:551,1
DA:552,1
DA:553,1
DA:554,1
DA:557,1
DA:558,1
DA:561,1
DA:562,1
DA:563,1
DA:566,1
DA:567,1
DA:570,1
DA:573,1
DA:576,1
DA:579,1
DA:580,1
DA:581,1
DA:582,1
DA:585,1
DA:586,1
DA:589,1
DA:590,1
DA:591,1
DA:594,1
DA:595,1
DA:598,1
DA:601,1
DA:604,1
DA:605,1
DA:606,1
DA:609,1
DA:610,1
DA:613,1
DA:614,1
DA:615,1
DA:618,1
DA:621,1
DA:622,1
DA:625,1
DA:626,1
DA:627,1
DA:628,1
LF:330
LH:245
end_of_record
