TN:
SF:src/core/builder.rs
FN:67,<cim_graph::core::builder::GraphBuilder<cim_graph::core::node::GenericNode<&str>, cim_graph::core::edge::GenericEdge<()>>>::build
FN:43,<cim_graph::core::builder::GraphBuilder<cim_graph::graphs::concept::ConceptNode, cim_graph::graphs::concept::ConceptEdge>>::graph_type
FN:107,<cim_graph::core::builder::GraphBuilder<_, _> as core::default::Default>::default
FN:67,<cim_graph::core::builder::GraphBuilder<cim_graph::core::node::GenericNode<alloc::string::String>, cim_graph::core::edge::GenericEdge<()>>>::build
FN:32,<cim_graph::core::builder::GraphBuilder<cim_graph::graphs::composed::ComposedNode, cim_graph::graphs::composed::ComposedEdge>>::new
FN:82,<cim_graph::core::builder::GraphBuilder<cim_graph::graphs::concept::ConceptNode, cim_graph::graphs::concept::ConceptEdge>>::build_event
FN:55,<cim_graph::core::builder::GraphBuilder<cim_graph::core::node::GenericNode<alloc::string::String>, cim_graph::core::edge::GenericEdge<()>>>::description::<&str>
FN:32,<cim_graph::core::builder::GraphBuilder<cim_graph::graphs::workflow::WorkflowNode, cim_graph::graphs::workflow::WorkflowEdge>>::new
FN:146,cim_graph::core::builder::tests::test_builder_creates_unique_ids
FN:43,<cim_graph::core::builder::GraphBuilder<cim_graph::core::node::GenericNode<alloc::string::String>, cim_graph::core::edge::GenericEdge<()>>>::graph_type
FN:43,<cim_graph::core::builder::GraphBuilder<cim_graph::graphs::context::ContextNode, cim_graph::graphs::context::ContextEdge>>::graph_type
FN:129,cim_graph::core::builder::tests::test_builder_with_metadata
FN:32,<cim_graph::core::builder::GraphBuilder<cim_graph::graphs::concept::ConceptNode, cim_graph::graphs::concept::ConceptEdge>>::new
FN:82,<cim_graph::core::builder::GraphBuilder<cim_graph::graphs::workflow::WorkflowNode, cim_graph::graphs::workflow::WorkflowEdge>>::build_event
FN:82,<cim_graph::core::builder::GraphBuilder<cim_graph::graphs::context::ContextNode, cim_graph::graphs::context::ContextEdge>>::build_event
FN:43,<cim_graph::core::builder::GraphBuilder<cim_graph::graphs::composed::ComposedNode, cim_graph::graphs::composed::ComposedEdge>>::graph_type
FN:32,<cim_graph::core::builder::GraphBuilder<cim_graph::core::node::GenericNode<alloc::string::String>, cim_graph::core::edge::GenericEdge<()>>>::new
FN:82,<cim_graph::core::builder::GraphBuilder<cim_graph::core::node::GenericNode<&str>, cim_graph::core::edge::GenericEdge<f64>>>::build_event
FN:49,<cim_graph::core::builder::GraphBuilder<cim_graph::core::node::GenericNode<&str>, cim_graph::core::edge::GenericEdge<()>>>::name::<&str>
FN:20,<cim_graph::core::builder::GraphBuilder<_, _> as core::fmt::Debug>::fmt
FN:82,<cim_graph::core::builder::GraphBuilder<cim_graph::core::node::GenericNode<&str>, cim_graph::core::edge::GenericEdge<()>>>::build_event
FN:82,<cim_graph::core::builder::GraphBuilder<cim_graph::graphs::ipld::IpldNode, cim_graph::graphs::ipld::IpldEdge>>::build_event
FN:43,<cim_graph::core::builder::GraphBuilder<cim_graph::core::node::GenericNode<&str>, cim_graph::core::edge::GenericEdge<()>>>::graph_type
FN:55,<cim_graph::core::builder::GraphBuilder<cim_graph::core::node::GenericNode<&str>, cim_graph::core::edge::GenericEdge<()>>>::description::<&str>
FN:32,<cim_graph::core::builder::GraphBuilder<cim_graph::core::node::GenericNode<&str>, cim_graph::core::edge::GenericEdge<f64>>>::new
FN:61,<cim_graph::core::builder::GraphBuilder<_, _>>::add_handler
FN:82,<cim_graph::core::builder::GraphBuilder<cim_graph::graphs::composed::ComposedNode, cim_graph::graphs::composed::ComposedEdge>>::build_event
FN:32,<cim_graph::core::builder::GraphBuilder<cim_graph::graphs::context::ContextNode, cim_graph::graphs::context::ContextEdge>>::new
FN:43,<cim_graph::core::builder::GraphBuilder<cim_graph::graphs::workflow::WorkflowNode, cim_graph::graphs::workflow::WorkflowEdge>>::graph_type
FN:32,<cim_graph::core::builder::GraphBuilder<cim_graph::core::node::GenericNode<&str>, cim_graph::core::edge::GenericEdge<()>>>::new
FN:49,<cim_graph::core::builder::GraphBuilder<cim_graph::core::node::GenericNode<alloc::string::String>, cim_graph::core::edge::GenericEdge<()>>>::name::<&str>
FN:43,<cim_graph::core::builder::GraphBuilder<cim_graph::core::node::GenericNode<&str>, cim_graph::core::edge::GenericEdge<f64>>>::graph_type
FN:121,cim_graph::core::builder::tests::test_builder_default
FN:32,<cim_graph::core::builder::GraphBuilder<cim_graph::graphs::ipld::IpldNode, cim_graph::graphs::ipld::IpldEdge>>::new
FN:43,<cim_graph::core::builder::GraphBuilder<cim_graph::graphs::ipld::IpldNode, cim_graph::graphs::ipld::IpldEdge>>::graph_type
FNDA:1,<cim_graph::core::builder::GraphBuilder<cim_graph::core::node::GenericNode<&str>, cim_graph::core::edge::GenericEdge<()>>>::build
FNDA:1,<cim_graph::core::builder::GraphBuilder<cim_graph::graphs::concept::ConceptNode, cim_graph::graphs::concept::ConceptEdge>>::graph_type
FNDA:0,<cim_graph::core::builder::GraphBuilder<_, _> as core::default::Default>::default
FNDA:1,<cim_graph::core::builder::GraphBuilder<cim_graph::core::node::GenericNode<alloc::string::String>, cim_graph::core::edge::GenericEdge<()>>>::build
FNDA:1,<cim_graph::core::builder::GraphBuilder<cim_graph::graphs::composed::ComposedNode, cim_graph::graphs::composed::ComposedEdge>>::new
FNDA:1,<cim_graph::core::builder::GraphBuilder<cim_graph::graphs::concept::ConceptNode, cim_graph::graphs::concept::ConceptEdge>>::build_event
FNDA:1,<cim_graph::core::builder::GraphBuilder<cim_graph::core::node::GenericNode<alloc::string::String>, cim_graph::core::edge::GenericEdge<()>>>::description::<&str>
FNDA:1,<cim_graph::core::builder::GraphBuilder<cim_graph::graphs::workflow::WorkflowNode, cim_graph::graphs::workflow::WorkflowEdge>>::new
FNDA:1,cim_graph::core::builder::tests::test_builder_creates_unique_ids
FNDA:1,<cim_graph::core::builder::GraphBuilder<cim_graph::core::node::GenericNode<alloc::string::String>, cim_graph::core::edge::GenericEdge<()>>>::graph_type
FNDA:1,<cim_graph::core::builder::GraphBuilder<cim_graph::graphs::context::ContextNode, cim_graph::graphs::context::ContextEdge>>::graph_type
FNDA:1,cim_graph::core::builder::tests::test_builder_with_metadata
FNDA:1,<cim_graph::core::builder::GraphBuilder<cim_graph::graphs::concept::ConceptNode, cim_graph::graphs::concept::ConceptEdge>>::new
FNDA:1,<cim_graph::core::builder::GraphBuilder<cim_graph::graphs::workflow::WorkflowNode, cim_graph::graphs::workflow::WorkflowEdge>>::build_event
FNDA:1,<cim_graph::core::builder::GraphBuilder<cim_graph::graphs::context::ContextNode, cim_graph::graphs::context::ContextEdge>>::build_event
FNDA:1,<cim_graph::core::builder::GraphBuilder<cim_graph::graphs::composed::ComposedNode, cim_graph::graphs::composed::ComposedEdge>>::graph_type
FNDA:1,<cim_graph::core::builder::GraphBuilder<cim_graph::core::node::GenericNode<alloc::string::String>, cim_graph::core::edge::GenericEdge<()>>>::new
FNDA:1,<cim_graph::core::builder::GraphBuilder<cim_graph::core::node::GenericNode<&str>, cim_graph::core::edge::GenericEdge<f64>>>::build_event
FNDA:1,<cim_graph::core::builder::GraphBuilder<cim_graph::core::node::GenericNode<&str>, cim_graph::core::edge::GenericEdge<()>>>::name::<&str>
FNDA:0,<cim_graph::core::builder::GraphBuilder<_, _> as core::fmt::Debug>::fmt
FNDA:1,<cim_graph::core::builder::GraphBuilder<cim_graph::core::node::GenericNode<&str>, cim_graph::core::edge::GenericEdge<()>>>::build_event
FNDA:1,<cim_graph::core::builder::GraphBuilder<cim_graph::graphs::ipld::IpldNode, cim_graph::graphs::ipld::IpldEdge>>::build_event
FNDA:1,<cim_graph::core::builder::GraphBuilder<cim_graph::core::node::GenericNode<&str>, cim_graph::core::edge::GenericEdge<()>>>::graph_type
FNDA:1,<cim_graph::core::builder::GraphBuilder<cim_graph::core::node::GenericNode<&str>, cim_graph::core::edge::GenericEdge<()>>>::description::<&str>
FNDA:1,<cim_graph::core::builder::GraphBuilder<cim_graph::core::node::GenericNode<&str>, cim_graph::core::edge::GenericEdge<f64>>>::new
FNDA:0,<cim_graph::core::builder::GraphBuilder<_, _>>::add_handler
FNDA:1,<cim_graph::core::builder::GraphBuilder<cim_graph::graphs::composed::ComposedNode, cim_graph::graphs::composed::ComposedEdge>>::build_event
FNDA:1,<cim_graph::core::builder::GraphBuilder<cim_graph::graphs::context::ContextNode, cim_graph::graphs::context::ContextEdge>>::new
FNDA:1,<cim_graph::core::builder::GraphBuilder<cim_graph::graphs::workflow::WorkflowNode, cim_graph::graphs::workflow::WorkflowEdge>>::graph_type
FNDA:1,<cim_graph::core::builder::GraphBuilder<cim_graph::core::node::GenericNode<&str>, cim_graph::core::edge::GenericEdge<()>>>::new
FNDA:1,<cim_graph::core::builder::GraphBuilder<cim_graph::core::node::GenericNode<alloc::string::String>, cim_graph::core::edge::GenericEdge<()>>>::name::<&str>
FNDA:1,<cim_graph::core::builder::GraphBuilder<cim_graph::core::node::GenericNode<&str>, cim_graph::core::edge::GenericEdge<f64>>>::graph_type
FNDA:1,cim_graph::core::builder::tests::test_builder_default
FNDA:1,<cim_graph::core::builder::GraphBuilder<cim_graph::graphs::ipld::IpldNode, cim_graph::graphs::ipld::IpldEdge>>::new
FNDA:1,<cim_graph::core::builder::GraphBuilder<cim_graph::graphs::ipld::IpldNode, cim_graph::graphs::ipld::IpldEdge>>::graph_type
FNF:35
FNH:32
BRF:0
BRH:0
DA:20,0
DA:21,0
DA:22,0
DA:23,0
DA:24,0
DA:25,0
DA:26,0
DA:27,0
DA:32,39
DA:33,39
DA:34,39
DA:35,39
DA:36,39
DA:37,39
DA:38,39
DA:39,39
DA:40,39
DA:43,36
DA:44,36
DA:45,36
DA:46,36
DA:49,2
DA:50,2
DA:51,2
DA:52,2
DA:55,2
DA:56,2
DA:57,2
DA:58,2
DA:61,0
DA:62,0
DA:63,0
DA:64,0
DA:67,5
DA:68,5
DA:70,5
DA:71,2
DA:72,3
DA:74,5
DA:75,2
DA:76,3
DA:78,5
DA:79,5
DA:82,34
DA:83,34
DA:84,34
DA:85,34
DA:87,34
DA:89,34
DA:90,0
DA:91,34
DA:93,34
DA:94,0
DA:95,34
DA:98,34
DA:99,0
DA:100,0
DA:102,34
DA:103,34
DA:107,0
DA:108,0
DA:109,0
DA:121,1
DA:122,1
DA:123,1
DA:124,1
DA:125,1
DA:126,1
DA:129,1
DA:130,1
DA:131,1
DA:132,1
DA:133,1
DA:134,1
DA:135,1
DA:137,1
DA:138,1
DA:139,1
DA:140,1
DA:141,1
DA:143,1
DA:146,1
DA:147,1
DA:148,1
DA:150,1
DA:151,1
LF:86
LH:67
end_of_record
SF:src/error.rs
FN:98,<cim_graph::error::GraphError as core::convert::From<serde_json::error::Error>>::from
FNDA:0,<cim_graph::error::GraphError as core::convert::From<serde_json::error::Error>>::from
FNF:1
FNH:0
BRF:0
BRH:0
DA:98,0
DA:99,0
DA:100,0
LF:3
LH:0
end_of_record
SF:src/core/graph.rs
FN:163,<cim_graph::core::graph::BasicGraph<cim_graph::core::node::GenericNode<alloc::string::String>, cim_graph::core::edge::GenericEdge<()>>>::new
FN:191,<cim_graph::core::graph::BasicGraph<cim_graph::core::node::GenericNode<&str>, cim_graph::core::edge::GenericEdge<()>> as cim_graph::core::graph::Graph>::metadata_mut
FN:269,<cim_graph::core::graph::BasicGraph<_, _> as cim_graph::core::graph::Graph>::remove_edge
FN:380,<cim_graph::core::graph::tests::TestEdge as cim_graph::core::edge::Edge>::target
FN:213,<cim_graph::core::graph::BasicGraph<_, _> as cim_graph::core::graph::Graph>::remove_node::{closure#0}
FN:311,<cim_graph::core::graph::BasicGraph<cim_graph::core::node::GenericNode<alloc::string::String>, cim_graph::core::edge::GenericEdge<()>> as cim_graph::core::graph::Graph>::node_count
FN:61,<cim_graph::core::graph::GraphMetadata as core::default::Default>::default
FN:311,<cim_graph::core::graph::BasicGraph<cim_graph::core::graph::tests::TestNode, cim_graph::core::graph::tests::TestEdge> as cim_graph::core::graph::Graph>::node_count
FN:287,<cim_graph::core::graph::BasicGraph<_, _> as cim_graph::core::graph::Graph>::edges_between::{closure#0}
FN:319,<cim_graph::core::graph::BasicGraph<_, _> as cim_graph::core::graph::Graph>::neighbors
FN:358,<cim_graph::core::graph::tests::TestNode as cim_graph::core::node::Node>::id
FN:163,<cim_graph::core::graph::BasicGraph<cim_graph::core::node::GenericNode<&str>, cim_graph::core::edge::GenericEdge<()>>>::new
FN:303,<cim_graph::core::graph::BasicGraph<_, _> as cim_graph::core::graph::Graph>::node_ids
FN:409,cim_graph::core::graph::tests::test_duplicate_node_error
FN:284,<cim_graph::core::graph::BasicGraph<_, _> as cim_graph::core::graph::Graph>::edges_between
FN:338,<cim_graph::core::graph::BasicGraph<_, _> as cim_graph::core::graph::Graph>::clear
FN:386,cim_graph::core::graph::tests::test_create_empty_graph
FN:187,<cim_graph::core::graph::BasicGraph<cim_graph::core::node::GenericNode<alloc::string::String>, cim_graph::core::edge::GenericEdge<()>> as cim_graph::core::graph::Graph>::metadata
FN:315,<cim_graph::core::graph::BasicGraph<cim_graph::core::graph::tests::TestNode, cim_graph::core::graph::tests::TestEdge> as cim_graph::core::graph::Graph>::edge_count
FN:219,<cim_graph::core::graph::BasicGraph<_, _> as cim_graph::core::graph::Graph>::remove_node::{closure#1}
FN:326,<cim_graph::core::graph::BasicGraph<_, _> as cim_graph::core::graph::Graph>::to_json
FN:315,<cim_graph::core::graph::BasicGraph<cim_graph::core::node::GenericNode<alloc::string::String>, cim_graph::core::edge::GenericEdge<()>> as cim_graph::core::graph::Graph>::edge_count
FN:299,<cim_graph::core::graph::BasicGraph<_, _> as cim_graph::core::graph::Graph>::get_edge
FN:179,<cim_graph::core::graph::BasicGraph<cim_graph::core::node::GenericNode<alloc::string::String>, cim_graph::core::edge::GenericEdge<()>> as cim_graph::core::graph::Graph>::id
FN:191,<cim_graph::core::graph::BasicGraph<cim_graph::core::node::GenericNode<alloc::string::String>, cim_graph::core::edge::GenericEdge<()>> as cim_graph::core::graph::Graph>::metadata_mut
FN:183,<cim_graph::core::graph::BasicGraph<cim_graph::core::node::GenericNode<alloc::string::String>, cim_graph::core::edge::GenericEdge<()>> as cim_graph::core::graph::Graph>::graph_type
FN:372,<cim_graph::core::graph::tests::TestEdge as cim_graph::core::edge::Edge>::id
FN:376,<cim_graph::core::graph::tests::TestEdge as cim_graph::core::edge::Edge>::source
FN:295,<cim_graph::core::graph::BasicGraph<_, _> as cim_graph::core::graph::Graph>::get_node_mut
FN:183,<cim_graph::core::graph::BasicGraph<cim_graph::core::graph::tests::TestNode, cim_graph::core::graph::tests::TestEdge> as cim_graph::core::graph::Graph>::graph_type
FN:130,<cim_graph::core::graph::BasicGraph<cim_graph::core::graph::tests::TestNode, cim_graph::core::graph::tests::TestEdge> as cim_graph::core::graph::Graph>::contains_node
FN:38,<cim_graph::core::graph::GraphId as core::default::Default>::default
FN:32,<cim_graph::core::graph::GraphId>::new
FN:230,<cim_graph::core::graph::BasicGraph<_, _> as cim_graph::core::graph::Graph>::remove_node::{closure#3}
FN:307,<cim_graph::core::graph::BasicGraph<_, _> as cim_graph::core::graph::Graph>::edge_ids
FN:195,<cim_graph::core::graph::BasicGraph<cim_graph::core::graph::tests::TestNode, cim_graph::core::graph::tests::TestEdge> as cim_graph::core::graph::Graph>::add_node
FN:394,cim_graph::core::graph::tests::test_add_node
FN:323,<cim_graph::core::graph::BasicGraph<_, _> as cim_graph::core::graph::Graph>::neighbors::{closure#0}
FN:220,<cim_graph::core::graph::BasicGraph<_, _> as cim_graph::core::graph::Graph>::remove_node::{closure#2}
FN:277,<cim_graph::core::graph::BasicGraph<_, _> as cim_graph::core::graph::Graph>::remove_edge::{closure#1}
FN:273,<cim_graph::core::graph::BasicGraph<_, _> as cim_graph::core::graph::Graph>::remove_edge::{closure#0}
FN:163,<cim_graph::core::graph::BasicGraph<cim_graph::core::graph::tests::TestNode, cim_graph::core::graph::tests::TestEdge>>::new
FN:237,<cim_graph::core::graph::BasicGraph<_, _> as cim_graph::core::graph::Graph>::add_edge
FN:187,<cim_graph::core::graph::BasicGraph<cim_graph::core::node::GenericNode<&str>, cim_graph::core::edge::GenericEdge<()>> as cim_graph::core::graph::Graph>::metadata
FN:135,<_ as cim_graph::core::graph::Graph>::contains_edge
FN:291,<cim_graph::core::graph::BasicGraph<cim_graph::core::graph::tests::TestNode, cim_graph::core::graph::tests::TestEdge> as cim_graph::core::graph::Graph>::get_node
FN:209,<cim_graph::core::graph::BasicGraph<_, _> as cim_graph::core::graph::Graph>::remove_node
FNDA:1,<cim_graph::core::graph::BasicGraph<cim_graph::core::node::GenericNode<alloc::string::String>, cim_graph::core::edge::GenericEdge<()>>>::new
FNDA:1,<cim_graph::core::graph::BasicGraph<cim_graph::core::node::GenericNode<&str>, cim_graph::core::edge::GenericEdge<()>> as cim_graph::core::graph::Graph>::metadata_mut
FNDA:0,<cim_graph::core::graph::BasicGraph<_, _> as cim_graph::core::graph::Graph>::remove_edge
FNDA:0,<cim_graph::core::graph::tests::TestEdge as cim_graph::core::edge::Edge>::target
FNDA:0,<cim_graph::core::graph::BasicGraph<_, _> as cim_graph::core::graph::Graph>::remove_node::{closure#0}
FNDA:1,<cim_graph::core::graph::BasicGraph<cim_graph::core::node::GenericNode<alloc::string::String>, cim_graph::core::edge::GenericEdge<()>> as cim_graph::core::graph::Graph>::node_count
FNDA:1,<cim_graph::core::graph::GraphMetadata as core::default::Default>::default
FNDA:1,<cim_graph::core::graph::BasicGraph<cim_graph::core::graph::tests::TestNode, cim_graph::core::graph::tests::TestEdge> as cim_graph::core::graph::Graph>::node_count
FNDA:0,<cim_graph::core::graph::BasicGraph<_, _> as cim_graph::core::graph::Graph>::edges_between::{closure#0}
FNDA:0,<cim_graph::core::graph::BasicGraph<_, _> as cim_graph::core::graph::Graph>::neighbors
FNDA:1,<cim_graph::core::graph::tests::TestNode as cim_graph::core::node::Node>::id
FNDA:1,<cim_graph::core::graph::BasicGraph<cim_graph::core::node::GenericNode<&str>, cim_graph::core::edge::GenericEdge<()>>>::new
FNDA:0,<cim_graph::core::graph::BasicGraph<_, _> as cim_graph::core::graph::Graph>::node_ids
FNDA:1,cim_graph::core::graph::tests::test_duplicate_node_error
FNDA:0,<cim_graph::core::graph::BasicGraph<_, _> as cim_graph::core::graph::Graph>::edges_between
FNDA:0,<cim_graph::core::graph::BasicGraph<_, _> as cim_graph::core::graph::Graph>::clear
FNDA:1,cim_graph::core::graph::tests::test_create_empty_graph
FNDA:1,<cim_graph::core::graph::BasicGraph<cim_graph::core::node::GenericNode<alloc::string::String>, cim_graph::core::edge::GenericEdge<()>> as cim_graph::core::graph::Graph>::metadata
FNDA:1,<cim_graph::core::graph::BasicGraph<cim_graph::core::graph::tests::TestNode, cim_graph::core::graph::tests::TestEdge> as cim_graph::core::graph::Graph>::edge_count
FNDA:0,<cim_graph::core::graph::BasicGraph<_, _> as cim_graph::core::graph::Graph>::remove_node::{closure#1}
FNDA:0,<cim_graph::core::graph::BasicGraph<_, _> as cim_graph::core::graph::Graph>::to_json
FNDA:1,<cim_graph::core::graph::BasicGraph<cim_graph::core::node::GenericNode<alloc::string::String>, cim_graph::core::edge::GenericEdge<()>> as cim_graph::core::graph::Graph>::edge_count
FNDA:0,<cim_graph::core::graph::BasicGraph<_, _> as cim_graph::core::graph::Graph>::get_edge
FNDA:1,<cim_graph::core::graph::BasicGraph<cim_graph::core::node::GenericNode<alloc::string::String>, cim_graph::core::edge::GenericEdge<()>> as cim_graph::core::graph::Graph>::id
FNDA:1,<cim_graph::core::graph::BasicGraph<cim_graph::core::node::GenericNode<alloc::string::String>, cim_graph::core::edge::GenericEdge<()>> as cim_graph::core::graph::Graph>::metadata_mut
FNDA:1,<cim_graph::core::graph::BasicGraph<cim_graph::core::node::GenericNode<alloc::string::String>, cim_graph::core::edge::GenericEdge<()>> as cim_graph::core::graph::Graph>::graph_type
FNDA:0,<cim_graph::core::graph::tests::TestEdge as cim_graph::core::edge::Edge>::id
FNDA:0,<cim_graph::core::graph::tests::TestEdge as cim_graph::core::edge::Edge>::source
FNDA:0,<cim_graph::core::graph::BasicGraph<_, _> as cim_graph::core::graph::Graph>::get_node_mut
FNDA:1,<cim_graph::core::graph::BasicGraph<cim_graph::core::graph::tests::TestNode, cim_graph::core::graph::tests::TestEdge> as cim_graph::core::graph::Graph>::graph_type
FNDA:1,<cim_graph::core::graph::BasicGraph<cim_graph::core::graph::tests::TestNode, cim_graph::core::graph::tests::TestEdge> as cim_graph::core::graph::Graph>::contains_node
FNDA:0,<cim_graph::core::graph::GraphId as core::default::Default>::default
FNDA:1,<cim_graph::core::graph::GraphId>::new
FNDA:0,<cim_graph::core::graph::BasicGraph<_, _> as cim_graph::core::graph::Graph>::remove_node::{closure#3}
FNDA:0,<cim_graph::core::graph::BasicGraph<_, _> as cim_graph::core::graph::Graph>::edge_ids
FNDA:1,<cim_graph::core::graph::BasicGraph<cim_graph::core::graph::tests::TestNode, cim_graph::core::graph::tests::TestEdge> as cim_graph::core::graph::Graph>::add_node
FNDA:1,cim_graph::core::graph::tests::test_add_node
FNDA:0,<cim_graph::core::graph::BasicGraph<_, _> as cim_graph::core::graph::Graph>::neighbors::{closure#0}
FNDA:0,<cim_graph::core::graph::BasicGraph<_, _> as cim_graph::core::graph::Graph>::remove_node::{closure#2}
FNDA:0,<cim_graph::core::graph::BasicGraph<_, _> as cim_graph::core::graph::Graph>::remove_edge::{closure#1}
FNDA:0,<cim_graph::core::graph::BasicGraph<_, _> as cim_graph::core::graph::Graph>::remove_edge::{closure#0}
FNDA:1,<cim_graph::core::graph::BasicGraph<cim_graph::core::graph::tests::TestNode, cim_graph::core::graph::tests::TestEdge>>::new
FNDA:0,<cim_graph::core::graph::BasicGraph<_, _> as cim_graph::core::graph::Graph>::add_edge
FNDA:1,<cim_graph::core::graph::BasicGraph<cim_graph::core::node::GenericNode<&str>, cim_graph::core::edge::GenericEdge<()>> as cim_graph::core::graph::Graph>::metadata
FNDA:0,<_ as cim_graph::core::graph::Graph>::contains_edge
FNDA:1,<cim_graph::core::graph::BasicGraph<cim_graph::core::graph::tests::TestNode, cim_graph::core::graph::tests::TestEdge> as cim_graph::core::graph::Graph>::get_node
FNDA:0,<cim_graph::core::graph::BasicGraph<_, _> as cim_graph::core::graph::Graph>::remove_node
FNF:47
FNH:23
BRF:0
BRH:0
DA:32,42
DA:33,42
DA:34,42
DA:38,0
DA:39,0
DA:40,0
DA:61,42
DA:62,42
DA:63,42
DA:64,42
DA:65,42
DA:66,42
DA:67,42
DA:68,42
DA:69,42
DA:70,42
DA:71,42
DA:130,1
DA:131,1
DA:132,1
DA:135,0
DA:136,0
DA:137,0
DA:163,8
DA:164,8
DA:165,8
DA:166,8
DA:167,8
DA:168,8
DA:169,8
DA:170,8
DA:171,8
DA:172,8
DA:179,2
DA:180,2
DA:181,2
DA:183,3
DA:184,3
DA:185,3
DA:187,4
DA:188,4
DA:189,4
DA:191,4
DA:192,4
DA:193,4
DA:195,3
DA:196,3
DA:198,3
DA:199,1
DA:200,2
DA:202,2
DA:203,2
DA:204,2
DA:206,2
DA:207,3
DA:209,0
DA:210,0
DA:211,0
DA:212,0
DA:213,0
DA:216,0
DA:217,0
DA:218,0
DA:219,0
DA:220,0
DA:221,0
DA:223,0
DA:224,0
DA:225,0
DA:228,0
DA:229,0
DA:230,0
DA:233,0
DA:234,0
DA:235,0
DA:237,0
DA:238,0
DA:239,0
DA:240,0
DA:243,0
DA:244,0
DA:245,0
DA:246,0
DA:247,0
DA:248,0
DA:251,0
DA:252,0
DA:253,0
DA:254,0
DA:255,0
DA:256,0
DA:258,0
DA:261,0
DA:262,0
DA:263,0
DA:265,0
DA:266,0
DA:267,0
DA:269,0
DA:270,0
DA:271,0
DA:272,0
DA:273,0
DA:276,0
DA:277,0
DA:278,0
DA:280,0
DA:281,0
DA:282,0
DA:284,0
DA:285,0
DA:286,0
DA:287,0
DA:288,0
DA:289,0
DA:291,1
DA:292,1
DA:293,1
DA:295,0
DA:296,0
DA:297,0
DA:299,0
DA:300,0
DA:301,0
DA:303,0
DA:304,0
DA:305,0
DA:307,0
DA:308,0
DA:309,0
DA:311,3
DA:312,3
DA:313,3
DA:315,2
DA:316,2
DA:317,2
DA:319,0
DA:320,0
DA:321,0
DA:322,0
DA:323,0
DA:324,0
DA:326,0
DA:327,0
DA:328,0
DA:329,0
DA:330,0
DA:331,0
DA:332,0
DA:333,0
DA:334,0
DA:335,0
DA:336,0
DA:338,0
DA:339,0
DA:340,0
DA:341,0
DA:342,0
DA:343,0
DA:358,3
DA:359,3
DA:360,3
DA:372,0
DA:373,0
DA:374,0
DA:376,0
DA:377,0
DA:378,0
DA:380,0
DA:381,0
DA:382,0
DA:386,1
DA:387,1
DA:388,1
DA:389,1
DA:390,1
DA:391,1
DA:394,1
DA:395,1
DA:396,1
DA:397,1
DA:398,1
DA:399,1
DA:401,1
DA:402,1
DA:403,1
DA:404,1
DA:405,1
DA:406,1
DA:409,1
DA:410,1
DA:411,1
DA:412,1
DA:413,1
DA:414,1
DA:415,1
DA:416,1
DA:417,1
DA:418,1
DA:420,1
DA:421,1
DA:422,1
DA:425,1
LF:203
LH:93
end_of_record
SF:src/performance/mod.rs
FN:195,<cim_graph::performance::NodePool<_>>::new
FN:329,<cim_graph::performance::monitoring::PerfCounter>::average_time
FN:251,cim_graph::performance::parallel::parallel_bfs::<_>::{closure#1}
FN:165,<cim_graph::performance::GraphCache>::get_shortest_path::<cim_graph::tests::test_performance_features::{closure#0}>
FN:144,<cim_graph::performance::GraphCache>::new
FN:314,<cim_graph::performance::monitoring::PerfCounter>::measure::<_, _>
FN:220,cim_graph::performance::parallel::parallel_bfs::<_>
FN:358,cim_graph::performance::tests::test_node_index
FN:68,<cim_graph::performance::NodeIndex<cim_graph::core::node::GenericNode<&str>>>::get_by_type
FN:208,<cim_graph::performance::NodePool<_>>::release
FN:352,<cim_graph::performance::tests::TestNode as cim_graph::core::node::Node>::id
FN:29,<cim_graph::performance::NodeIndex<cim_graph::core::node::GenericNode<&str>>>::new
FN:305,<cim_graph::performance::monitoring::PerfCounter>::new::<_>
FN:375,cim_graph::performance::tests::test_cache_invalidation::{closure#0}
FN:270,cim_graph::performance::parallel::parallel_degrees::<_, _>::{closure#0}
FN:38,<cim_graph::performance::NodeIndex<cim_graph::performance::tests::TestNode>>::insert
FN:203,<cim_graph::performance::NodePool<_>>::acquire
FN:370,cim_graph::performance::tests::test_cache_invalidation
FN:154,<cim_graph::performance::GraphCache>::invalidate
FN:38,<cim_graph::performance::NodeIndex<cim_graph::core::node::GenericNode<&str>>>::insert
FN:54,<cim_graph::performance::NodeIndex<cim_graph::performance::tests::TestNode>>::remove::{closure#0}
FN:123,<cim_graph::performance::EdgeIndex<cim_graph::core::edge::GenericEdge<()>>>::edges_to
FN:101,<cim_graph::performance::EdgeIndex<cim_graph::core::edge::GenericEdge<()>>>::insert
FN:63,<cim_graph::performance::NodeIndex<cim_graph::performance::tests::TestNode>>::get
FN:63,<cim_graph::performance::NodeIndex<cim_graph::core::node::GenericNode<&str>>>::get
FN:29,<cim_graph::performance::NodeIndex<cim_graph::performance::tests::TestNode>>::new
FN:92,<cim_graph::performance::EdgeIndex<cim_graph::core::edge::GenericEdge<()>>>::new
FN:165,<cim_graph::performance::GraphCache>::get_shortest_path::<cim_graph::tests::test_performance_features::{closure#1}>
FN:50,<cim_graph::performance::NodeIndex<cim_graph::performance::tests::TestNode>>::remove
FN:118,<cim_graph::performance::EdgeIndex<cim_graph::core::edge::GenericEdge<()>>>::edges_from
FN:261,cim_graph::performance::parallel::parallel_degrees::<_, _>
FN:236,cim_graph::performance::parallel::parallel_bfs::<_>::{closure#0}
FN:165,<cim_graph::performance::GraphCache>::get_shortest_path::<cim_graph::performance::tests::test_cache_invalidation::{closure#0}>
FNDA:0,<cim_graph::performance::NodePool<_>>::new
FNDA:0,<cim_graph::performance::monitoring::PerfCounter>::average_time
FNDA:0,cim_graph::performance::parallel::parallel_bfs::<_>::{closure#1}
FNDA:1,<cim_graph::performance::GraphCache>::get_shortest_path::<cim_graph::tests::test_performance_features::{closure#0}>
FNDA:1,<cim_graph::performance::GraphCache>::new
FNDA:0,<cim_graph::performance::monitoring::PerfCounter>::measure::<_, _>
FNDA:0,cim_graph::performance::parallel::parallel_bfs::<_>
FNDA:1,cim_graph::performance::tests::test_node_index
FNDA:1,<cim_graph::performance::NodeIndex<cim_graph::core::node::GenericNode<&str>>>::get_by_type
FNDA:0,<cim_graph::performance::NodePool<_>>::release
FNDA:1,<cim_graph::performance::tests::TestNode as cim_graph::core::node::Node>::id
FNDA:1,<cim_graph::performance::NodeIndex<cim_graph::core::node::GenericNode<&str>>>::new
FNDA:0,<cim_graph::performance::monitoring::PerfCounter>::new::<_>
FNDA:1,cim_graph::performance::tests::test_cache_invalidation::{closure#0}
FNDA:0,cim_graph::performance::parallel::parallel_degrees::<_, _>::{closure#0}
FNDA:1,<cim_graph::performance::NodeIndex<cim_graph::performance::tests::TestNode>>::insert
FNDA:0,<cim_graph::performance::NodePool<_>>::acquire
FNDA:1,cim_graph::performance::tests::test_cache_invalidation
FNDA:1,<cim_graph::performance::GraphCache>::invalidate
FNDA:1,<cim_graph::performance::NodeIndex<cim_graph::core::node::GenericNode<&str>>>::insert
FNDA:1,<cim_graph::performance::NodeIndex<cim_graph::performance::tests::TestNode>>::remove::{closure#0}
FNDA:1,<cim_graph::performance::EdgeIndex<cim_graph::core::edge::GenericEdge<()>>>::edges_to
FNDA:1,<cim_graph::performance::EdgeIndex<cim_graph::core::edge::GenericEdge<()>>>::insert
FNDA:1,<cim_graph::performance::NodeIndex<cim_graph::performance::tests::TestNode>>::get
FNDA:1,<cim_graph::performance::NodeIndex<cim_graph::core::node::GenericNode<&str>>>::get
FNDA:1,<cim_graph::performance::NodeIndex<cim_graph::performance::tests::TestNode>>::new
FNDA:1,<cim_graph::performance::EdgeIndex<cim_graph::core::edge::GenericEdge<()>>>::new
FNDA:1,<cim_graph::performance::GraphCache>::get_shortest_path::<cim_graph::tests::test_performance_features::{closure#1}>
FNDA:1,<cim_graph::performance::NodeIndex<cim_graph::performance::tests::TestNode>>::remove
FNDA:1,<cim_graph::performance::EdgeIndex<cim_graph::core::edge::GenericEdge<()>>>::edges_from
FNDA:0,cim_graph::performance::parallel::parallel_degrees::<_, _>
FNDA:0,cim_graph::performance::parallel::parallel_bfs::<_>::{closure#0}
FNDA:1,<cim_graph::performance::GraphCache>::get_shortest_path::<cim_graph::performance::tests::test_cache_invalidation::{closure#0}>
FNF:33
FNH:22
BRF:0
BRH:0
DA:29,2
DA:30,2
DA:31,2
DA:32,2
DA:33,2
DA:34,2
DA:35,2
DA:38,2
DA:39,2
DA:40,2
DA:44,2
DA:45,2
DA:46,2
DA:47,2
DA:50,1
DA:51,1
DA:53,1
DA:54,1
DA:56,1
DA:58,0
DA:60,1
DA:63,3
DA:64,3
DA:65,3
DA:68,1
DA:69,1
DA:70,1
DA:92,1
DA:93,1
DA:94,1
DA:95,1
DA:96,1
DA:97,1
DA:98,1
DA:101,1
DA:102,1
DA:103,1
DA:104,1
DA:106,1
DA:108,1
DA:109,1
DA:110,1
DA:112,1
DA:113,1
DA:114,1
DA:115,1
DA:118,1
DA:119,1
DA:120,1
DA:123,1
DA:124,1
DA:125,1
DA:144,2
DA:145,2
DA:146,2
DA:147,2
DA:148,2
DA:149,2
DA:150,2
DA:151,2
DA:154,1
DA:155,1
DA:156,1
DA:159,1
DA:160,1
DA:161,1
DA:162,1
DA:165,3
DA:166,3
DA:167,3
DA:168,3
DA:169,3
DA:170,3
DA:171,3
DA:172,3
DA:174,3
DA:177,3
DA:178,1
DA:179,2
DA:182,2
DA:183,2
DA:184,2
DA:185,3
DA:195,0
DA:196,0
DA:197,0
DA:198,0
DA:199,0
DA:200,0
DA:203,0
DA:204,0
DA:205,0
DA:208,0
DA:209,0
DA:210,0
DA:211,0
DA:212,0
DA:220,0
DA:221,0
DA:222,0
DA:223,0
DA:224,0
DA:225,0
DA:228,0
DA:229,0
DA:230,0
DA:232,0
DA:234,0
DA:235,0
DA:236,0
DA:237,0
DA:238,0
DA:239,0
DA:241,0
DA:243,0
DA:244,0
DA:246,0
DA:249,0
DA:250,0
DA:251,0
DA:252,0
DA:254,0
DA:257,0
DA:258,0
DA:261,0
DA:262,0
DA:263,0
DA:264,0
DA:265,0
DA:266,0
DA:267,0
DA:269,0
DA:270,0
DA:271,0
DA:272,0
DA:305,0
DA:306,0
DA:307,0
DA:308,0
DA:309,0
DA:310,0
DA:311,0
DA:314,0
DA:315,0
DA:316,0
DA:318,0
DA:319,0
DA:320,0
DA:322,0
DA:323,0
DA:325,0
DA:326,0
DA:329,0
DA:330,0
DA:331,0
DA:333,0
DA:334,0
DA:336,0
DA:338,0
DA:352,2
DA:353,2
DA:354,2
DA:358,1
DA:359,1
DA:360,1
DA:362,1
DA:363,1
DA:365,1
DA:366,1
DA:367,1
DA:370,1
DA:371,1
DA:374,1
DA:375,1
DA:378,1
DA:379,1
DA:380,1
DA:383,1
DA:386,1
DA:387,1
DA:388,1
LF:181
LH:104
end_of_record
SF:src/algorithms/pathfinding.rs
FN:77,cim_graph::algorithms::pathfinding::all_paths::<_, _>
FN:55,cim_graph::algorithms::pathfinding::shortest_path::<cim_graph::core::node::GenericNode<&str>, cim_graph::core::edge::GenericEdge<f64>>::{closure#0}
FN:158,<cim_graph::algorithms::pathfinding::State as core::cmp::PartialOrd>::partial_cmp
FN:55,cim_graph::algorithms::pathfinding::shortest_path::<cim_graph::core::node::GenericNode<&str>, cim_graph::core::edge::GenericEdge<()>>::{closure#0}
FN:106,cim_graph::algorithms::pathfinding::find_paths_dfs::<_, _>
FN:171,cim_graph::algorithms::pathfinding::tests::test_shortest_path
FN:151,<cim_graph::algorithms::pathfinding::State as core::cmp::Ord>::cmp
FN:11,cim_graph::algorithms::pathfinding::shortest_path::<cim_graph::core::node::GenericNode<&str>, cim_graph::core::edge::GenericEdge<()>>
FN:11,cim_graph::algorithms::pathfinding::shortest_path::<cim_graph::core::node::GenericNode<&str>, cim_graph::core::edge::GenericEdge<f64>>
FNDA:0,cim_graph::algorithms::pathfinding::all_paths::<_, _>
FNDA:1,cim_graph::algorithms::pathfinding::shortest_path::<cim_graph::core::node::GenericNode<&str>, cim_graph::core::edge::GenericEdge<f64>>::{closure#0}
FNDA:1,<cim_graph::algorithms::pathfinding::State as core::cmp::PartialOrd>::partial_cmp
FNDA:1,cim_graph::algorithms::pathfinding::shortest_path::<cim_graph::core::node::GenericNode<&str>, cim_graph::core::edge::GenericEdge<()>>::{closure#0}
FNDA:0,cim_graph::algorithms::pathfinding::find_paths_dfs::<_, _>
FNDA:1,cim_graph::algorithms::pathfinding::tests::test_shortest_path
FNDA:1,<cim_graph::algorithms::pathfinding::State as core::cmp::Ord>::cmp
FNDA:1,cim_graph::algorithms::pathfinding::shortest_path::<cim_graph::core::node::GenericNode<&str>, cim_graph::core::edge::GenericEdge<()>>
FNDA:1,cim_graph::algorithms::pathfinding::shortest_path::<cim_graph::core::node::GenericNode<&str>, cim_graph::core::edge::GenericEdge<f64>>
FNF:9
FNH:7
BRF:0
BRH:0
DA:11,2
DA:12,2
DA:13,2
DA:14,2
DA:15,2
DA:17,2
DA:18,0
DA:19,2
DA:21,2
DA:22,0
DA:23,2
DA:26,2
DA:27,2
DA:28,2
DA:31,2
DA:32,2
DA:35,7
DA:37,7
DA:38,2
DA:39,2
DA:41,6
DA:42,4
DA:43,4
DA:44,4
DA:45,0
DA:49,2
DA:50,2
DA:51,2
DA:52,5
DA:55,5
DA:56,0
DA:57,5
DA:60,5
DA:61,11
DA:62,6
DA:64,6
DA:65,5
DA:66,5
DA:67,5
DA:68,5
DA:70,0
DA:73,0
DA:74,2
DA:77,0
DA:78,0
DA:79,0
DA:80,0
DA:81,0
DA:82,0
DA:83,0
DA:84,0
DA:85,0
DA:87,0
DA:88,0
DA:89,0
DA:90,0
DA:92,0
DA:93,0
DA:94,0
DA:95,0
DA:96,0
DA:97,0
DA:98,0
DA:99,0
DA:100,0
DA:102,0
DA:103,0
DA:106,0
DA:107,0
DA:108,0
DA:109,0
DA:110,0
DA:111,0
DA:112,0
DA:113,0
DA:114,0
DA:115,0
DA:116,0
DA:117,0
DA:118,0
DA:120,0
DA:121,0
DA:122,0
DA:124,0
DA:125,0
DA:126,0
DA:127,0
DA:128,0
DA:130,0
DA:132,0
DA:133,0
DA:134,0
DA:136,0
DA:138,0
DA:139,0
DA:151,2
DA:153,2
DA:154,2
DA:158,2
DA:159,2
DA:160,2
DA:171,1
DA:172,1
DA:173,1
DA:174,1
DA:175,1
DA:179,1
DA:180,1
DA:181,1
DA:182,1
DA:184,1
DA:185,1
DA:186,1
DA:187,1
DA:190,1
DA:191,1
DA:193,1
DA:194,1
DA:195,1
DA:196,1
DA:197,1
LF:121
LH:63
end_of_record
SF:src/core/node.rs
FN:34,<cim_graph::core::node::GenericNode<_>>::data_mut
FN:50,cim_graph::core::node::tests::test_generic_node_creation
FN:21,<cim_graph::core::node::GenericNode<&str>>::new::<&str>
FN:29,<cim_graph::core::node::GenericNode<&str>>::data
FN:40,<cim_graph::core::node::GenericNode<i32> as cim_graph::core::node::Node>::id
FN:57,cim_graph::core::node::tests::test_node_trait_implementation
FN:21,<cim_graph::core::node::GenericNode<i32>>::new::<&str>
FN:40,<cim_graph::core::node::GenericNode<&str> as cim_graph::core::node::Node>::id
FNDA:0,<cim_graph::core::node::GenericNode<_>>::data_mut
FNDA:1,cim_graph::core::node::tests::test_generic_node_creation
FNDA:1,<cim_graph::core::node::GenericNode<&str>>::new::<&str>
FNDA:1,<cim_graph::core::node::GenericNode<&str>>::data
FNDA:1,<cim_graph::core::node::GenericNode<i32> as cim_graph::core::node::Node>::id
FNDA:1,cim_graph::core::node::tests::test_node_trait_implementation
FNDA:1,<cim_graph::core::node::GenericNode<i32>>::new::<&str>
FNDA:1,<cim_graph::core::node::GenericNode<&str> as cim_graph::core::node::Node>::id
FNF:8
FNH:7
BRF:0
BRH:0
DA:21,23
DA:22,23
DA:23,23
DA:24,23
DA:25,23
DA:26,23
DA:29,1
DA:30,1
DA:31,1
DA:34,0
DA:35,0
DA:36,0
DA:40,23
DA:41,23
DA:42,23
DA:50,1
DA:51,1
DA:52,1
DA:53,1
DA:54,1
DA:57,1
DA:58,1
DA:61,1
DA:62,1
LF:24
LH:21
end_of_record
SF:src/serde_support.rs
FN:106,<_ as cim_graph::serde_support::GraphSerialize>::save_to_file::{closure#0}
FN:120,cim_graph::serde_support::serialize_node::<_>::{closure#0}
FN:110,<_ as cim_graph::serde_support::GraphSerialize>::load_from_file
FN:89,<cim_graph::graphs::ipld::IpldGraph as cim_graph::serde_support::GraphSerialize>::to_json
FN:130,cim_graph::serde_support::serialize_edge::<_>
FN:98,<cim_graph::graphs::ipld::IpldGraph as cim_graph::serde_support::GraphSerialize>::from_json::{closure#0}
FN:96,<cim_graph::graphs::ipld::IpldGraph as cim_graph::serde_support::GraphSerialize>::from_json
FN:92,<cim_graph::graphs::ipld::IpldGraph as cim_graph::serde_support::GraphSerialize>::to_json::{closure#0}
FN:68,<cim_graph::serde_support::GraphMetadata as core::default::Default>::default
FN:112,<_ as cim_graph::serde_support::GraphSerialize>::load_from_file::{closure#0}
FN:118,cim_graph::serde_support::serialize_node::<_>
FN:132,cim_graph::serde_support::serialize_edge::<_>::{closure#0}
FN:103,<_ as cim_graph::serde_support::GraphSerialize>::save_to_file
FNDA:0,<_ as cim_graph::serde_support::GraphSerialize>::save_to_file::{closure#0}
FNDA:0,cim_graph::serde_support::serialize_node::<_>::{closure#0}
FNDA:0,<_ as cim_graph::serde_support::GraphSerialize>::load_from_file
FNDA:1,<cim_graph::graphs::ipld::IpldGraph as cim_graph::serde_support::GraphSerialize>::to_json
FNDA:0,cim_graph::serde_support::serialize_edge::<_>
FNDA:0,<cim_graph::graphs::ipld::IpldGraph as cim_graph::serde_support::GraphSerialize>::from_json::{closure#0}
FNDA:1,<cim_graph::graphs::ipld::IpldGraph as cim_graph::serde_support::GraphSerialize>::from_json
FNDA:0,<cim_graph::graphs::ipld::IpldGraph as cim_graph::serde_support::GraphSerialize>::to_json::{closure#0}
FNDA:1,<cim_graph::serde_support::GraphMetadata as core::default::Default>::default
FNDA:0,<_ as cim_graph::serde_support::GraphSerialize>::load_from_file::{closure#0}
FNDA:0,cim_graph::serde_support::serialize_node::<_>
FNDA:0,cim_graph::serde_support::serialize_edge::<_>::{closure#0}
FNDA:0,<_ as cim_graph::serde_support::GraphSerialize>::save_to_file
FNF:13
FNH:3
BRF:0
BRH:0
DA:68,2
DA:69,2
DA:70,2
DA:71,2
DA:72,2
DA:73,2
DA:74,2
DA:75,2
DA:76,2
DA:77,2
DA:89,2
DA:90,2
DA:91,2
DA:92,2
DA:93,2
DA:96,2
DA:97,2
DA:98,2
DA:99,2
DA:100,2
DA:103,0
DA:104,0
DA:105,0
DA:106,0
DA:107,0
DA:110,0
DA:111,0
DA:112,0
DA:113,0
DA:114,0
DA:118,0
DA:119,0
DA:120,0
DA:122,0
DA:123,0
DA:124,0
DA:125,0
DA:126,0
DA:127,0
DA:130,0
DA:131,0
DA:132,0
DA:134,0
DA:135,0
DA:136,0
DA:137,0
DA:138,0
DA:139,0
DA:140,0
DA:141,0
LF:50
LH:20
end_of_record
SF:src/lib.rs
FN:193,cim_graph::tests::test_workflow_graph_creation
FN:334,cim_graph::tests::test_performance_features
FN:88,cim_graph::tests::test_library_imports::_test_edge_trait::<_>
FN:92,cim_graph::tests::test_error_types
FN:173,cim_graph::tests::test_context_graph_creation
FN:271,cim_graph::tests::test_algorithms
FN:84,cim_graph::tests::test_library_imports
FN:246,cim_graph::tests::test_composed_graph_creation
FN:87,cim_graph::tests::test_library_imports::_test_node_trait::<_>
FN:144,cim_graph::tests::test_ipld_graph_creation
FN:127,cim_graph::tests::test_graph_builder
FN:219,cim_graph::tests::test_concept_graph_creation
FN:86,cim_graph::tests::test_library_imports::_test_graph_trait::<_>
FN:375,cim_graph::tests::test_performance_features::{closure#1}
FN:369,cim_graph::tests::test_performance_features::{closure#0}
FN:312,cim_graph::tests::test_serialization
FN:165,cim_graph::tests::test_ipld_graph_creation::{closure#0}
FNDA:1,cim_graph::tests::test_workflow_graph_creation
FNDA:1,cim_graph::tests::test_performance_features
FNDA:0,cim_graph::tests::test_library_imports::_test_edge_trait::<_>
FNDA:1,cim_graph::tests::test_error_types
FNDA:1,cim_graph::tests::test_context_graph_creation
FNDA:1,cim_graph::tests::test_algorithms
FNDA:1,cim_graph::tests::test_library_imports
FNDA:1,cim_graph::tests::test_composed_graph_creation
FNDA:0,cim_graph::tests::test_library_imports::_test_node_trait::<_>
FNDA:1,cim_graph::tests::test_ipld_graph_creation
FNDA:1,cim_graph::tests::test_graph_builder
FNDA:1,cim_graph::tests::test_concept_graph_creation
FNDA:0,cim_graph::tests::test_library_imports::_test_graph_trait::<_>
FNDA:0,cim_graph::tests::test_performance_features::{closure#1}
FNDA:1,cim_graph::tests::test_performance_features::{closure#0}
FNDA:1,cim_graph::tests::test_serialization
FNDA:1,cim_graph::tests::test_ipld_graph_creation::{closure#0}
FNF:17
FNH:13
BRF:0
BRH:0
DA:84,1
DA:86,0
DA:87,0
DA:88,0
DA:89,1
DA:92,1
DA:95,1
DA:96,1
DA:98,1
DA:99,1
DA:101,1
DA:102,1
DA:103,1
DA:104,1
DA:105,1
DA:107,1
DA:108,1
DA:110,1
DA:111,1
DA:113,1
DA:114,1
DA:116,1
DA:117,1
DA:119,1
DA:120,1
DA:121,1
DA:122,1
DA:123,1
DA:124,1
DA:127,1
DA:132,1
DA:133,1
DA:134,1
DA:135,1
DA:136,1
DA:137,1
DA:139,1
DA:140,1
DA:141,1
DA:144,1
DA:147,1
DA:150,1
DA:151,1
DA:152,1
DA:154,1
DA:155,1
DA:156,1
DA:159,1
DA:162,1
DA:163,1
DA:164,1
DA:165,1
DA:166,1
DA:167,1
DA:168,1
DA:169,1
DA:170,1
DA:173,1
DA:174,1
DA:177,1
DA:180,1
DA:183,1
DA:188,1
DA:189,1
DA:190,1
DA:193,1
DA:196,1
DA:199,1
DA:200,1
DA:201,1
DA:204,1
DA:205,1
DA:208,1
DA:209,1
DA:210,1
DA:211,1
DA:214,1
DA:215,1
DA:216,1
DA:219,1
DA:222,1
DA:225,1
DA:226,1
DA:227,1
DA:229,1
DA:230,1
DA:231,1
DA:234,1
DA:237,1
DA:238,1
DA:241,1
DA:242,1
DA:243,1
DA:246,1
DA:251,1
DA:254,1
DA:255,1
DA:257,1
DA:258,1
DA:262,1
DA:263,1
DA:264,1
DA:266,1
DA:267,1
DA:268,1
DA:271,1
DA:277,1
DA:278,1
DA:279,1
DA:280,1
DA:283,1
DA:284,1
DA:285,1
DA:287,1
DA:288,1
DA:291,1
DA:292,1
DA:295,1
DA:296,1
DA:299,1
DA:300,1
DA:303,1
DA:304,1
DA:307,1
DA:308,1
DA:309,1
DA:312,1
DA:316,1
DA:319,1
DA:320,1
DA:321,1
DA:324,1
DA:325,1
DA:328,1
DA:329,1
DA:330,1
DA:331,1
DA:334,1
DA:341,1
DA:342,1
DA:343,1
DA:344,1
DA:346,1
DA:348,1
DA:349,1
DA:350,1
DA:353,1
DA:354,1
DA:355,1
DA:356,1
DA:358,1
DA:359,1
DA:360,1
DA:361,1
DA:362,1
DA:363,1
DA:366,1
DA:369,1
DA:370,1
DA:371,1
DA:372,1
DA:375,1
DA:376,0
DA:377,1
DA:378,1
DA:379,1
LF:166
LH:162
end_of_record
SF:src/core/petgraph_impl.rs
FN:93,<cim_graph::core::petgraph_impl::EventGraph<cim_graph::graphs::workflow::WorkflowNode, cim_graph::graphs::workflow::WorkflowEdge>>::add_node
FN:351,<cim_graph::core::petgraph_impl::EventGraph<_, _>>::predecessors::{closure#1}
FN:334,<cim_graph::core::petgraph_impl::EventGraph<cim_graph::graphs::composed::ComposedNode, cim_graph::graphs::composed::ComposedEdge>>::neighbors::{closure#1}
FN:287,<cim_graph::core::petgraph_impl::EventGraph<cim_graph::graphs::concept::ConceptNode, cim_graph::graphs::concept::ConceptEdge>>::node_count
FN:287,<cim_graph::core::petgraph_impl::EventGraph<cim_graph::graphs::workflow::WorkflowNode, cim_graph::graphs::workflow::WorkflowEdge>>::node_count
FN:181,<cim_graph::core::petgraph_impl::EventGraph<cim_graph::graphs::composed::ComposedNode, cim_graph::graphs::composed::ComposedEdge>>::add_edge
FN:88,<cim_graph::core::petgraph_impl::EventGraph<cim_graph::graphs::workflow::WorkflowNode, cim_graph::graphs::workflow::WorkflowEdge>>::metadata_mut
FN:329,<cim_graph::core::petgraph_impl::EventGraph<cim_graph::graphs::ipld::IpldNode, cim_graph::graphs::ipld::IpldEdge>>::neighbors::{closure#0}
FN:363,<cim_graph::core::petgraph_impl::EventGraph<cim_graph::core::node::GenericNode<&str>, cim_graph::core::edge::GenericEdge<()>>>::degree::{closure#0}
FN:49,<cim_graph::core::petgraph_impl::EventGraph<cim_graph::graphs::composed::ComposedNode, cim_graph::graphs::composed::ComposedEdge>>::add_handler
FN:255,<cim_graph::core::petgraph_impl::EventGraph<cim_graph::graphs::ipld::IpldNode, cim_graph::graphs::ipld::IpldEdge>>::get_node
FN:54,<cim_graph::core::petgraph_impl::EventGraph<cim_graph::graphs::context::ContextNode, cim_graph::graphs::context::ContextEdge>>::emit_event
FN:93,<cim_graph::core::petgraph_impl::EventGraph<cim_graph::core::node::GenericNode<&str>, cim_graph::core::edge::GenericEdge<f64>>>::add_node
FN:389,<cim_graph::core::petgraph_impl::EventGraph<_, _>>::edges_from::{closure#1}::{closure#0}
FN:297,<cim_graph::core::petgraph_impl::EventGraph<cim_graph::core::node::GenericNode<&str>, cim_graph::core::edge::GenericEdge<()>>>::node_ids
FN:398,<cim_graph::core::petgraph_impl::EventGraph<_, _>>::clear
FN:83,<cim_graph::core::petgraph_impl::EventGraph<_, _>>::metadata
FN:32,<cim_graph::core::petgraph_impl::EventGraph<cim_graph::graphs::composed::ComposedNode, cim_graph::graphs::composed::ComposedEdge>>::new
FN:292,<cim_graph::core::petgraph_impl::EventGraph<cim_graph::graphs::concept::ConceptNode, cim_graph::graphs::concept::ConceptEdge>>::edge_count
FN:49,<cim_graph::core::petgraph_impl::EventGraph<cim_graph::graphs::workflow::WorkflowNode, cim_graph::graphs::workflow::WorkflowEdge>>::add_handler
FN:325,<cim_graph::core::petgraph_impl::EventGraph<cim_graph::graphs::ipld::IpldNode, cim_graph::graphs::ipld::IpldEdge>>::neighbors
FN:125,<cim_graph::core::petgraph_impl::EventGraph<_, _>>::remove_node::{closure#0}
FN:135,<cim_graph::core::petgraph_impl::EventGraph<_, _>>::remove_node::{closure#2}
FN:198,<cim_graph::core::petgraph_impl::EventGraph<cim_graph::graphs::composed::ComposedNode, cim_graph::graphs::composed::ComposedEdge>>::add_edge::{closure#0}
FN:334,<cim_graph::core::petgraph_impl::EventGraph<cim_graph::graphs::ipld::IpldNode, cim_graph::graphs::ipld::IpldEdge>>::neighbors::{closure#1}
FN:54,<cim_graph::core::petgraph_impl::EventGraph<cim_graph::graphs::workflow::WorkflowNode, cim_graph::graphs::workflow::WorkflowEdge>>::emit_event
FN:302,<cim_graph::core::petgraph_impl::EventGraph<cim_graph::graphs::context::ContextNode, cim_graph::graphs::context::ContextEdge>>::edge_ids
FN:387,<cim_graph::core::petgraph_impl::EventGraph<_, _>>::edges_from::{closure#1}
FN:49,<cim_graph::core::petgraph_impl::EventGraph<cim_graph::core::node::GenericNode<&str>, cim_graph::core::edge::GenericEdge<f64>>>::add_handler
FN:139,<cim_graph::core::petgraph_impl::EventGraph<_, _>>::remove_node::{closure#3}
FN:382,<cim_graph::core::petgraph_impl::EventGraph<_, _>>::edges_from
FN:282,<cim_graph::core::petgraph_impl::EventGraph<_, _>>::contains_edge
FN:287,<cim_graph::core::petgraph_impl::EventGraph<cim_graph::core::node::GenericNode<&str>, cim_graph::core::edge::GenericEdge<()>>>::node_count
FN:88,<cim_graph::core::petgraph_impl::EventGraph<cim_graph::graphs::concept::ConceptNode, cim_graph::graphs::concept::ConceptEdge>>::metadata_mut
FN:198,<cim_graph::core::petgraph_impl::EventGraph<cim_graph::graphs::ipld::IpldNode, cim_graph::graphs::ipld::IpldEdge>>::add_edge::{closure#0}
FN:54,<cim_graph::core::petgraph_impl::EventGraph<cim_graph::graphs::concept::ConceptNode, cim_graph::graphs::concept::ConceptEdge>>::emit_event
FN:270,<cim_graph::core::petgraph_impl::EventGraph<cim_graph::graphs::context::ContextNode, cim_graph::graphs::context::ContextEdge>>::get_edge
FN:78,<cim_graph::core::petgraph_impl::EventGraph<cim_graph::graphs::concept::ConceptNode, cim_graph::graphs::concept::ConceptEdge>>::graph_type
FN:88,<cim_graph::core::petgraph_impl::EventGraph<cim_graph::graphs::composed::ComposedNode, cim_graph::graphs::composed::ComposedEdge>>::metadata_mut
FN:277,<cim_graph::core::petgraph_impl::EventGraph<cim_graph::core::node::GenericNode<&str>, cim_graph::core::edge::GenericEdge<f64>>>::contains_node
FN:287,<cim_graph::core::petgraph_impl::EventGraph<cim_graph::graphs::composed::ComposedNode, cim_graph::graphs::composed::ComposedEdge>>::node_count
FN:88,<cim_graph::core::petgraph_impl::EventGraph<cim_graph::graphs::ipld::IpldNode, cim_graph::graphs::ipld::IpldEdge>>::metadata_mut
FN:198,<cim_graph::core::petgraph_impl::EventGraph<cim_graph::graphs::concept::ConceptNode, cim_graph::graphs::concept::ConceptEdge>>::add_edge::{closure#0}
FN:334,<cim_graph::core::petgraph_impl::EventGraph<cim_graph::core::node::GenericNode<&str>, cim_graph::core::edge::GenericEdge<()>>>::neighbors::{closure#1}
FN:258,<cim_graph::core::petgraph_impl::EventGraph<cim_graph::graphs::ipld::IpldNode, cim_graph::graphs::ipld::IpldEdge>>::get_node::{closure#0}
FN:329,<cim_graph::core::petgraph_impl::EventGraph<cim_graph::core::node::GenericNode<&str>, cim_graph::core::edge::GenericEdge<()>>>::neighbors::{closure#0}
FN:88,<cim_graph::core::petgraph_impl::EventGraph<cim_graph::core::node::GenericNode<&str>, cim_graph::core::edge::GenericEdge<f64>>>::metadata_mut
FN:181,<cim_graph::core::petgraph_impl::EventGraph<cim_graph::core::node::GenericNode<&str>, cim_graph::core::edge::GenericEdge<f64>>>::add_edge
FN:32,<cim_graph::core::petgraph_impl::EventGraph<cim_graph::core::node::GenericNode<&str>, cim_graph::core::edge::GenericEdge<f64>>>::new
FN:181,<cim_graph::core::petgraph_impl::EventGraph<cim_graph::graphs::ipld::IpldNode, cim_graph::graphs::ipld::IpldEdge>>::add_edge
FN:203,<cim_graph::core::petgraph_impl::EventGraph<cim_graph::graphs::concept::ConceptNode, cim_graph::graphs::concept::ConceptEdge>>::add_edge::{closure#1}
FN:287,<cim_graph::core::petgraph_impl::EventGraph<cim_graph::graphs::ipld::IpldNode, cim_graph::graphs::ipld::IpldEdge>>::node_count
FN:329,<cim_graph::core::petgraph_impl::EventGraph<cim_graph::graphs::composed::ComposedNode, cim_graph::graphs::composed::ComposedEdge>>::neighbors::{closure#0}
FN:49,<cim_graph::core::petgraph_impl::EventGraph<cim_graph::core::node::GenericNode<&str>, cim_graph::core::edge::GenericEdge<()>>>::add_handler
FN:266,<cim_graph::core::petgraph_impl::EventGraph<cim_graph::graphs::ipld::IpldNode, cim_graph::graphs::ipld::IpldEdge>>::get_node_mut::{closure#0}
FN:273,<cim_graph::core::petgraph_impl::EventGraph<cim_graph::graphs::ipld::IpldNode, cim_graph::graphs::ipld::IpldEdge>>::get_edge::{closure#0}
FN:49,<cim_graph::core::petgraph_impl::EventGraph<cim_graph::graphs::context::ContextNode, cim_graph::graphs::context::ContextEdge>>::add_handler
FN:88,<cim_graph::core::petgraph_impl::EventGraph<cim_graph::core::node::GenericNode<&str>, cim_graph::core::edge::GenericEdge<()>>>::metadata_mut
FN:292,<cim_graph::core::petgraph_impl::EventGraph<cim_graph::graphs::ipld::IpldNode, cim_graph::graphs::ipld::IpldEdge>>::edge_count
FN:297,<cim_graph::core::petgraph_impl::EventGraph<cim_graph::graphs::workflow::WorkflowNode, cim_graph::graphs::workflow::WorkflowEdge>>::node_ids
FN:236,<cim_graph::core::petgraph_impl::EventGraph<_, _>>::remove_edge::{closure#1}
FN:325,<cim_graph::core::petgraph_impl::EventGraph<cim_graph::graphs::composed::ComposedNode, cim_graph::graphs::composed::ComposedEdge>>::neighbors
FN:390,<cim_graph::core::petgraph_impl::EventGraph<_, _>>::edges_from::{closure#1}::{closure#1}
FN:78,<cim_graph::core::petgraph_impl::EventGraph<cim_graph::graphs::ipld::IpldNode, cim_graph::graphs::ipld::IpldEdge>>::graph_type
FN:88,<cim_graph::core::petgraph_impl::EventGraph<cim_graph::graphs::context::ContextNode, cim_graph::graphs::context::ContextEdge>>::metadata_mut
FN:78,<cim_graph::core::petgraph_impl::EventGraph<cim_graph::graphs::context::ContextNode, cim_graph::graphs::context::ContextEdge>>::graph_type
FN:273,<cim_graph::core::petgraph_impl::EventGraph<cim_graph::graphs::context::ContextNode, cim_graph::graphs::context::ContextEdge>>::get_edge::{closure#0}
FN:203,<cim_graph::core::petgraph_impl::EventGraph<cim_graph::core::node::GenericNode<&str>, cim_graph::core::edge::GenericEdge<f64>>>::add_edge::{closure#1}
FN:297,<cim_graph::core::petgraph_impl::EventGraph<cim_graph::core::node::GenericNode<&str>, cim_graph::core::edge::GenericEdge<f64>>>::node_ids
FN:78,<cim_graph::core::petgraph_impl::EventGraph<cim_graph::graphs::workflow::WorkflowNode, cim_graph::graphs::workflow::WorkflowEdge>>::graph_type
FN:255,<cim_graph::core::petgraph_impl::EventGraph<cim_graph::graphs::workflow::WorkflowNode, cim_graph::graphs::workflow::WorkflowEdge>>::get_node
FN:73,<cim_graph::core::petgraph_impl::EventGraph<_, _>>::id
FN:384,<cim_graph::core::petgraph_impl::EventGraph<_, _>>::edges_from::{closure#0}
FN:277,<cim_graph::core::petgraph_impl::EventGraph<cim_graph::graphs::ipld::IpldNode, cim_graph::graphs::ipld::IpldEdge>>::contains_node
FN:325,<cim_graph::core::petgraph_impl::EventGraph<cim_graph::graphs::concept::ConceptNode, cim_graph::graphs::concept::ConceptEdge>>::neighbors
FN:121,<cim_graph::core::petgraph_impl::EventGraph<_, _>>::remove_node
FN:203,<cim_graph::core::petgraph_impl::EventGraph<cim_graph::graphs::workflow::WorkflowNode, cim_graph::graphs::workflow::WorkflowEdge>>::add_edge::{closure#1}
FN:198,<cim_graph::core::petgraph_impl::EventGraph<cim_graph::core::node::GenericNode<&str>, cim_graph::core::edge::GenericEdge<f64>>>::add_edge::{closure#0}
FN:226,<cim_graph::core::petgraph_impl::EventGraph<_, _>>::remove_edge
FN:181,<cim_graph::core::petgraph_impl::EventGraph<cim_graph::graphs::concept::ConceptNode, cim_graph::graphs::concept::ConceptEdge>>::add_edge
FN:203,<cim_graph::core::petgraph_impl::EventGraph<cim_graph::graphs::context::ContextNode, cim_graph::graphs::context::ContextEdge>>::add_edge::{closure#1}
FN:203,<cim_graph::core::petgraph_impl::EventGraph<cim_graph::core::node::GenericNode<&str>, cim_graph::core::edge::GenericEdge<()>>>::add_edge::{closure#1}
FN:93,<cim_graph::core::petgraph_impl::EventGraph<cim_graph::graphs::ipld::IpldNode, cim_graph::graphs::ipld::IpldEdge>>::add_node
FN:32,<cim_graph::core::petgraph_impl::EventGraph<cim_graph::core::node::GenericNode<&str>, cim_graph::core::edge::GenericEdge<()>>>::new
FN:198,<cim_graph::core::petgraph_impl::EventGraph<cim_graph::graphs::context::ContextNode, cim_graph::graphs::context::ContextEdge>>::add_edge::{closure#0}
FN:203,<cim_graph::core::petgraph_impl::EventGraph<cim_graph::graphs::ipld::IpldNode, cim_graph::graphs::ipld::IpldEdge>>::add_edge::{closure#1}
FN:329,<cim_graph::core::petgraph_impl::EventGraph<cim_graph::graphs::concept::ConceptNode, cim_graph::graphs::concept::ConceptEdge>>::neighbors::{closure#0}
FN:329,<cim_graph::core::petgraph_impl::EventGraph<cim_graph::core::node::GenericNode<&str>, cim_graph::core::edge::GenericEdge<f64>>>::neighbors::{closure#0}
FN:181,<cim_graph::core::petgraph_impl::EventGraph<cim_graph::core::node::GenericNode<&str>, cim_graph::core::edge::GenericEdge<()>>>::add_edge
FN:255,<cim_graph::core::petgraph_impl::EventGraph<cim_graph::graphs::context::ContextNode, cim_graph::graphs::context::ContextEdge>>::get_node
FN:258,<cim_graph::core::petgraph_impl::EventGraph<cim_graph::graphs::workflow::WorkflowNode, cim_graph::graphs::workflow::WorkflowEdge>>::get_node::{closure#0}
FN:66,<cim_graph::core::petgraph_impl::EventGraph<_, _>>::petgraph_mut
FN:54,<cim_graph::core::petgraph_impl::EventGraph<cim_graph::core::node::GenericNode<&str>, cim_graph::core::edge::GenericEdge<f64>>>::emit_event
FN:369,<cim_graph::core::petgraph_impl::EventGraph<_, _>>::total_degree
FN:334,<cim_graph::core::petgraph_impl::EventGraph<cim_graph::graphs::concept::ConceptNode, cim_graph::graphs::concept::ConceptEdge>>::neighbors::{closure#1}
FN:49,<cim_graph::core::petgraph_impl::EventGraph<cim_graph::graphs::ipld::IpldNode, cim_graph::graphs::ipld::IpldEdge>>::add_handler
FN:270,<cim_graph::core::petgraph_impl::EventGraph<cim_graph::graphs::ipld::IpldNode, cim_graph::graphs::ipld::IpldEdge>>::get_edge
FN:302,<cim_graph::core::petgraph_impl::EventGraph<cim_graph::graphs::ipld::IpldNode, cim_graph::graphs::ipld::IpldEdge>>::edge_ids
FN:373,<cim_graph::core::petgraph_impl::EventGraph<_, _>>::total_degree::{closure#0}
FN:297,<cim_graph::core::petgraph_impl::EventGraph<cim_graph::graphs::concept::ConceptNode, cim_graph::graphs::concept::ConceptEdge>>::node_ids
FN:203,<cim_graph::core::petgraph_impl::EventGraph<cim_graph::graphs::composed::ComposedNode, cim_graph::graphs::composed::ComposedEdge>>::add_edge::{closure#1}
FN:198,<cim_graph::core::petgraph_impl::EventGraph<cim_graph::graphs::workflow::WorkflowNode, cim_graph::graphs::workflow::WorkflowEdge>>::add_edge::{closure#0}
FN:54,<cim_graph::core::petgraph_impl::EventGraph<cim_graph::core::node::GenericNode<&str>, cim_graph::core::edge::GenericEdge<()>>>::emit_event
FN:334,<cim_graph::core::petgraph_impl::EventGraph<cim_graph::graphs::workflow::WorkflowNode, cim_graph::graphs::workflow::WorkflowEdge>>::neighbors::{closure#1}
FN:412,<cim_graph::core::petgraph_impl::EventGraph<_, _>>::to_json
FN:258,<cim_graph::core::petgraph_impl::EventGraph<cim_graph::graphs::context::ContextNode, cim_graph::graphs::context::ContextEdge>>::get_node::{closure#0}
FN:325,<cim_graph::core::petgraph_impl::EventGraph<cim_graph::graphs::workflow::WorkflowNode, cim_graph::graphs::workflow::WorkflowEdge>>::neighbors
FN:198,<cim_graph::core::petgraph_impl::EventGraph<cim_graph::core::node::GenericNode<&str>, cim_graph::core::edge::GenericEdge<()>>>::add_edge::{closure#0}
FN:359,<cim_graph::core::petgraph_impl::EventGraph<cim_graph::core::node::GenericNode<&str>, cim_graph::core::edge::GenericEdge<f64>>>::degree
FN:320,<cim_graph::core::petgraph_impl::EventGraph<cim_graph::graphs::workflow::WorkflowNode, cim_graph::graphs::workflow::WorkflowEdge>>::edges_between::{closure#0}
FN:230,<cim_graph::core::petgraph_impl::EventGraph<_, _>>::remove_edge::{closure#0}
FN:54,<cim_graph::core::petgraph_impl::EventGraph<cim_graph::graphs::composed::ComposedNode, cim_graph::graphs::composed::ComposedEdge>>::emit_event
FN:54,<cim_graph::core::petgraph_impl::EventGraph<cim_graph::graphs::ipld::IpldNode, cim_graph::graphs::ipld::IpldEdge>>::emit_event
FN:32,<cim_graph::core::petgraph_impl::EventGraph<cim_graph::graphs::ipld::IpldNode, cim_graph::graphs::ipld::IpldEdge>>::new
FN:32,<cim_graph::core::petgraph_impl::EventGraph<cim_graph::graphs::concept::ConceptNode, cim_graph::graphs::concept::ConceptEdge>>::new
FN:181,<cim_graph::core::petgraph_impl::EventGraph<cim_graph::graphs::workflow::WorkflowNode, cim_graph::graphs::workflow::WorkflowEdge>>::add_edge
FN:32,<cim_graph::core::petgraph_impl::EventGraph<cim_graph::graphs::context::ContextNode, cim_graph::graphs::context::ContextEdge>>::new
FN:277,<cim_graph::core::petgraph_impl::EventGraph<cim_graph::core::node::GenericNode<&str>, cim_graph::core::edge::GenericEdge<()>>>::contains_node
FN:292,<cim_graph::core::petgraph_impl::EventGraph<cim_graph::graphs::context::ContextNode, cim_graph::graphs::context::ContextEdge>>::edge_count
FN:307,<cim_graph::core::petgraph_impl::EventGraph<cim_graph::graphs::concept::ConceptNode, cim_graph::graphs::concept::ConceptEdge>>::edges_between
FN:78,<cim_graph::core::petgraph_impl::EventGraph<cim_graph::graphs::composed::ComposedNode, cim_graph::graphs::composed::ComposedEdge>>::graph_type
FN:325,<cim_graph::core::petgraph_impl::EventGraph<cim_graph::core::node::GenericNode<&str>, cim_graph::core::edge::GenericEdge<()>>>::neighbors
FN:32,<cim_graph::core::petgraph_impl::EventGraph<cim_graph::graphs::workflow::WorkflowNode, cim_graph::graphs::workflow::WorkflowEdge>>::new
FN:320,<cim_graph::core::petgraph_impl::EventGraph<cim_graph::graphs::concept::ConceptNode, cim_graph::graphs::concept::ConceptEdge>>::edges_between::{closure#0}
FN:363,<cim_graph::core::petgraph_impl::EventGraph<cim_graph::core::node::GenericNode<&str>, cim_graph::core::edge::GenericEdge<f64>>>::degree::{closure#0}
FN:49,<cim_graph::core::petgraph_impl::EventGraph<cim_graph::graphs::concept::ConceptNode, cim_graph::graphs::concept::ConceptEdge>>::add_handler
FN:287,<cim_graph::core::petgraph_impl::EventGraph<cim_graph::graphs::context::ContextNode, cim_graph::graphs::context::ContextEdge>>::node_count
FN:181,<cim_graph::core::petgraph_impl::EventGraph<cim_graph::graphs::context::ContextNode, cim_graph::graphs::context::ContextEdge>>::add_edge
FN:307,<cim_graph::core::petgraph_impl::EventGraph<cim_graph::graphs::workflow::WorkflowNode, cim_graph::graphs::workflow::WorkflowEdge>>::edges_between
FN:297,<cim_graph::core::petgraph_impl::EventGraph<cim_graph::graphs::ipld::IpldNode, cim_graph::graphs::ipld::IpldEdge>>::node_ids
FN:131,<cim_graph::core::petgraph_impl::EventGraph<_, _>>::remove_node::{closure#1}
FN:329,<cim_graph::core::petgraph_impl::EventGraph<cim_graph::graphs::workflow::WorkflowNode, cim_graph::graphs::workflow::WorkflowEdge>>::neighbors::{closure#0}
FN:292,<cim_graph::core::petgraph_impl::EventGraph<cim_graph::graphs::composed::ComposedNode, cim_graph::graphs::composed::ComposedEdge>>::edge_count
FN:359,<cim_graph::core::petgraph_impl::EventGraph<cim_graph::core::node::GenericNode<&str>, cim_graph::core::edge::GenericEdge<()>>>::degree
FN:334,<cim_graph::core::petgraph_impl::EventGraph<cim_graph::core::node::GenericNode<&str>, cim_graph::core::edge::GenericEdge<f64>>>::neighbors::{closure#1}
FN:93,<cim_graph::core::petgraph_impl::EventGraph<cim_graph::graphs::context::ContextNode, cim_graph::graphs::context::ContextEdge>>::add_node
FN:61,<cim_graph::core::petgraph_impl::EventGraph<_, _>>::petgraph
FN:93,<cim_graph::core::petgraph_impl::EventGraph<cim_graph::graphs::concept::ConceptNode, cim_graph::graphs::concept::ConceptEdge>>::add_node
FN:93,<cim_graph::core::petgraph_impl::EventGraph<cim_graph::core::node::GenericNode<&str>, cim_graph::core::edge::GenericEdge<()>>>::add_node
FN:262,<cim_graph::core::petgraph_impl::EventGraph<cim_graph::graphs::ipld::IpldNode, cim_graph::graphs::ipld::IpldEdge>>::get_node_mut
FN:93,<cim_graph::core::petgraph_impl::EventGraph<cim_graph::graphs::composed::ComposedNode, cim_graph::graphs::composed::ComposedEdge>>::add_node
FN:287,<cim_graph::core::petgraph_impl::EventGraph<cim_graph::core::node::GenericNode<&str>, cim_graph::core::edge::GenericEdge<f64>>>::node_count
FN:346,<cim_graph::core::petgraph_impl::EventGraph<_, _>>::predecessors::{closure#0}
FN:342,<cim_graph::core::petgraph_impl::EventGraph<_, _>>::predecessors
FN:325,<cim_graph::core::petgraph_impl::EventGraph<cim_graph::core::node::GenericNode<&str>, cim_graph::core::edge::GenericEdge<f64>>>::neighbors
FNDA:1,<cim_graph::core::petgraph_impl::EventGraph<cim_graph::graphs::workflow::WorkflowNode, cim_graph::graphs::workflow::WorkflowEdge>>::add_node
FNDA:0,<cim_graph::core::petgraph_impl::EventGraph<_, _>>::predecessors::{closure#1}
FNDA:1,<cim_graph::core::petgraph_impl::EventGraph<cim_graph::graphs::composed::ComposedNode, cim_graph::graphs::composed::ComposedEdge>>::neighbors::{closure#1}
FNDA:1,<cim_graph::core::petgraph_impl::EventGraph<cim_graph::graphs::concept::ConceptNode, cim_graph::graphs::concept::ConceptEdge>>::node_count
FNDA:1,<cim_graph::core::petgraph_impl::EventGraph<cim_graph::graphs::workflow::WorkflowNode, cim_graph::graphs::workflow::WorkflowEdge>>::node_count
FNDA:1,<cim_graph::core::petgraph_impl::EventGraph<cim_graph::graphs::composed::ComposedNode, cim_graph::graphs::composed::ComposedEdge>>::add_edge
FNDA:0,<cim_graph::core::petgraph_impl::EventGraph<cim_graph::graphs::workflow::WorkflowNode, cim_graph::graphs::workflow::WorkflowEdge>>::metadata_mut
FNDA:0,<cim_graph::core::petgraph_impl::EventGraph<cim_graph::graphs::ipld::IpldNode, cim_graph::graphs::ipld::IpldEdge>>::neighbors::{closure#0}
FNDA:0,<cim_graph::core::petgraph_impl::EventGraph<cim_graph::core::node::GenericNode<&str>, cim_graph::core::edge::GenericEdge<()>>>::degree::{closure#0}
FNDA:0,<cim_graph::core::petgraph_impl::EventGraph<cim_graph::graphs::composed::ComposedNode, cim_graph::graphs::composed::ComposedEdge>>::add_handler
FNDA:1,<cim_graph::core::petgraph_impl::EventGraph<cim_graph::graphs::ipld::IpldNode, cim_graph::graphs::ipld::IpldEdge>>::get_node
FNDA:1,<cim_graph::core::petgraph_impl::EventGraph<cim_graph::graphs::context::ContextNode, cim_graph::graphs::context::ContextEdge>>::emit_event
FNDA:1,<cim_graph::core::petgraph_impl::EventGraph<cim_graph::core::node::GenericNode<&str>, cim_graph::core::edge::GenericEdge<f64>>>::add_node
FNDA:0,<cim_graph::core::petgraph_impl::EventGraph<_, _>>::edges_from::{closure#1}::{closure#0}
FNDA:1,<cim_graph::core::petgraph_impl::EventGraph<cim_graph::core::node::GenericNode<&str>, cim_graph::core::edge::GenericEdge<()>>>::node_ids
FNDA:0,<cim_graph::core::petgraph_impl::EventGraph<_, _>>::clear
FNDA:0,<cim_graph::core::petgraph_impl::EventGraph<_, _>>::metadata
FNDA:1,<cim_graph::core::petgraph_impl::EventGraph<cim_graph::graphs::composed::ComposedNode, cim_graph::graphs::composed::ComposedEdge>>::new
FNDA:1,<cim_graph::core::petgraph_impl::EventGraph<cim_graph::graphs::concept::ConceptNode, cim_graph::graphs::concept::ConceptEdge>>::edge_count
FNDA:0,<cim_graph::core::petgraph_impl::EventGraph<cim_graph::graphs::workflow::WorkflowNode, cim_graph::graphs::workflow::WorkflowEdge>>::add_handler
FNDA:1,<cim_graph::core::petgraph_impl::EventGraph<cim_graph::graphs::ipld::IpldNode, cim_graph::graphs::ipld::IpldEdge>>::neighbors
FNDA:0,<cim_graph::core::petgraph_impl::EventGraph<_, _>>::remove_node::{closure#0}
FNDA:0,<cim_graph::core::petgraph_impl::EventGraph<_, _>>::remove_node::{closure#2}
FNDA:0,<cim_graph::core::petgraph_impl::EventGraph<cim_graph::graphs::composed::ComposedNode, cim_graph::graphs::composed::ComposedEdge>>::add_edge::{closure#0}
FNDA:1,<cim_graph::core::petgraph_impl::EventGraph<cim_graph::graphs::ipld::IpldNode, cim_graph::graphs::ipld::IpldEdge>>::neighbors::{closure#1}
FNDA:1,<cim_graph::core::petgraph_impl::EventGraph<cim_graph::graphs::workflow::WorkflowNode, cim_graph::graphs::workflow::WorkflowEdge>>::emit_event
FNDA:1,<cim_graph::core::petgraph_impl::EventGraph<cim_graph::graphs::context::ContextNode, cim_graph::graphs::context::ContextEdge>>::edge_ids
FNDA:0,<cim_graph::core::petgraph_impl::EventGraph<_, _>>::edges_from::{closure#1}
FNDA:0,<cim_graph::core::petgraph_impl::EventGraph<cim_graph::core::node::GenericNode<&str>, cim_graph::core::edge::GenericEdge<f64>>>::add_handler
FNDA:0,<cim_graph::core::petgraph_impl::EventGraph<_, _>>::remove_node::{closure#3}
FNDA:0,<cim_graph::core::petgraph_impl::EventGraph<_, _>>::edges_from
FNDA:0,<cim_graph::core::petgraph_impl::EventGraph<_, _>>::contains_edge
FNDA:1,<cim_graph::core::petgraph_impl::EventGraph<cim_graph::core::node::GenericNode<&str>, cim_graph::core::edge::GenericEdge<()>>>::node_count
FNDA:0,<cim_graph::core::petgraph_impl::EventGraph<cim_graph::graphs::concept::ConceptNode, cim_graph::graphs::concept::ConceptEdge>>::metadata_mut
FNDA:0,<cim_graph::core::petgraph_impl::EventGraph<cim_graph::graphs::ipld::IpldNode, cim_graph::graphs::ipld::IpldEdge>>::add_edge::{closure#0}
FNDA:1,<cim_graph::core::petgraph_impl::EventGraph<cim_graph::graphs::concept::ConceptNode, cim_graph::graphs::concept::ConceptEdge>>::emit_event
FNDA:1,<cim_graph::core::petgraph_impl::EventGraph<cim_graph::graphs::context::ContextNode, cim_graph::graphs::context::ContextEdge>>::get_edge
FNDA:1,<cim_graph::core::petgraph_impl::EventGraph<cim_graph::graphs::concept::ConceptNode, cim_graph::graphs::concept::ConceptEdge>>::graph_type
FNDA:0,<cim_graph::core::petgraph_impl::EventGraph<cim_graph::graphs::composed::ComposedNode, cim_graph::graphs::composed::ComposedEdge>>::metadata_mut
FNDA:1,<cim_graph::core::petgraph_impl::EventGraph<cim_graph::core::node::GenericNode<&str>, cim_graph::core::edge::GenericEdge<f64>>>::contains_node
FNDA:1,<cim_graph::core::petgraph_impl::EventGraph<cim_graph::graphs::composed::ComposedNode, cim_graph::graphs::composed::ComposedEdge>>::node_count
FNDA:0,<cim_graph::core::petgraph_impl::EventGraph<cim_graph::graphs::ipld::IpldNode, cim_graph::graphs::ipld::IpldEdge>>::metadata_mut
FNDA:0,<cim_graph::core::petgraph_impl::EventGraph<cim_graph::graphs::concept::ConceptNode, cim_graph::graphs::concept::ConceptEdge>>::add_edge::{closure#0}
FNDA:1,<cim_graph::core::petgraph_impl::EventGraph<cim_graph::core::node::GenericNode<&str>, cim_graph::core::edge::GenericEdge<()>>>::neighbors::{closure#1}
FNDA:1,<cim_graph::core::petgraph_impl::EventGraph<cim_graph::graphs::ipld::IpldNode, cim_graph::graphs::ipld::IpldEdge>>::get_node::{closure#0}
FNDA:0,<cim_graph::core::petgraph_impl::EventGraph<cim_graph::core::node::GenericNode<&str>, cim_graph::core::edge::GenericEdge<()>>>::neighbors::{closure#0}
FNDA:0,<cim_graph::core::petgraph_impl::EventGraph<cim_graph::core::node::GenericNode<&str>, cim_graph::core::edge::GenericEdge<f64>>>::metadata_mut
FNDA:1,<cim_graph::core::petgraph_impl::EventGraph<cim_graph::core::node::GenericNode<&str>, cim_graph::core::edge::GenericEdge<f64>>>::add_edge
FNDA:1,<cim_graph::core::petgraph_impl::EventGraph<cim_graph::core::node::GenericNode<&str>, cim_graph::core::edge::GenericEdge<f64>>>::new
FNDA:1,<cim_graph::core::petgraph_impl::EventGraph<cim_graph::graphs::ipld::IpldNode, cim_graph::graphs::ipld::IpldEdge>>::add_edge
FNDA:0,<cim_graph::core::petgraph_impl::EventGraph<cim_graph::graphs::concept::ConceptNode, cim_graph::graphs::concept::ConceptEdge>>::add_edge::{closure#1}
FNDA:1,<cim_graph::core::petgraph_impl::EventGraph<cim_graph::graphs::ipld::IpldNode, cim_graph::graphs::ipld::IpldEdge>>::node_count
FNDA:0,<cim_graph::core::petgraph_impl::EventGraph<cim_graph::graphs::composed::ComposedNode, cim_graph::graphs::composed::ComposedEdge>>::neighbors::{closure#0}
FNDA:0,<cim_graph::core::petgraph_impl::EventGraph<cim_graph::core::node::GenericNode<&str>, cim_graph::core::edge::GenericEdge<()>>>::add_handler
FNDA:1,<cim_graph::core::petgraph_impl::EventGraph<cim_graph::graphs::ipld::IpldNode, cim_graph::graphs::ipld::IpldEdge>>::get_node_mut::{closure#0}
FNDA:1,<cim_graph::core::petgraph_impl::EventGraph<cim_graph::graphs::ipld::IpldNode, cim_graph::graphs::ipld::IpldEdge>>::get_edge::{closure#0}
FNDA:0,<cim_graph::core::petgraph_impl::EventGraph<cim_graph::graphs::context::ContextNode, cim_graph::graphs::context::ContextEdge>>::add_handler
FNDA:0,<cim_graph::core::petgraph_impl::EventGraph<cim_graph::core::node::GenericNode<&str>, cim_graph::core::edge::GenericEdge<()>>>::metadata_mut
FNDA:1,<cim_graph::core::petgraph_impl::EventGraph<cim_graph::graphs::ipld::IpldNode, cim_graph::graphs::ipld::IpldEdge>>::edge_count
FNDA:1,<cim_graph::core::petgraph_impl::EventGraph<cim_graph::graphs::workflow::WorkflowNode, cim_graph::graphs::workflow::WorkflowEdge>>::node_ids
FNDA:0,<cim_graph::core::petgraph_impl::EventGraph<_, _>>::remove_edge::{closure#1}
FNDA:1,<cim_graph::core::petgraph_impl::EventGraph<cim_graph::graphs::composed::ComposedNode, cim_graph::graphs::composed::ComposedEdge>>::neighbors
FNDA:0,<cim_graph::core::petgraph_impl::EventGraph<_, _>>::edges_from::{closure#1}::{closure#1}
FNDA:1,<cim_graph::core::petgraph_impl::EventGraph<cim_graph::graphs::ipld::IpldNode, cim_graph::graphs::ipld::IpldEdge>>::graph_type
FNDA:0,<cim_graph::core::petgraph_impl::EventGraph<cim_graph::graphs::context::ContextNode, cim_graph::graphs::context::ContextEdge>>::metadata_mut
FNDA:1,<cim_graph::core::petgraph_impl::EventGraph<cim_graph::graphs::context::ContextNode, cim_graph::graphs::context::ContextEdge>>::graph_type
FNDA:1,<cim_graph::core::petgraph_impl::EventGraph<cim_graph::graphs::context::ContextNode, cim_graph::graphs::context::ContextEdge>>::get_edge::{closure#0}
FNDA:0,<cim_graph::core::petgraph_impl::EventGraph<cim_graph::core::node::GenericNode<&str>, cim_graph::core::edge::GenericEdge<f64>>>::add_edge::{closure#1}
FNDA:1,<cim_graph::core::petgraph_impl::EventGraph<cim_graph::core::node::GenericNode<&str>, cim_graph::core::edge::GenericEdge<f64>>>::node_ids
FNDA:1,<cim_graph::core::petgraph_impl::EventGraph<cim_graph::graphs::workflow::WorkflowNode, cim_graph::graphs::workflow::WorkflowEdge>>::graph_type
FNDA:1,<cim_graph::core::petgraph_impl::EventGraph<cim_graph::graphs::workflow::WorkflowNode, cim_graph::graphs::workflow::WorkflowEdge>>::get_node
FNDA:0,<cim_graph::core::petgraph_impl::EventGraph<_, _>>::id
FNDA:0,<cim_graph::core::petgraph_impl::EventGraph<_, _>>::edges_from::{closure#0}
FNDA:1,<cim_graph::core::petgraph_impl::EventGraph<cim_graph::graphs::ipld::IpldNode, cim_graph::graphs::ipld::IpldEdge>>::contains_node
FNDA:1,<cim_graph::core::petgraph_impl::EventGraph<cim_graph::graphs::concept::ConceptNode, cim_graph::graphs::concept::ConceptEdge>>::neighbors
FNDA:0,<cim_graph::core::petgraph_impl::EventGraph<_, _>>::remove_node
FNDA:0,<cim_graph::core::petgraph_impl::EventGraph<cim_graph::graphs::workflow::WorkflowNode, cim_graph::graphs::workflow::WorkflowEdge>>::add_edge::{closure#1}
FNDA:0,<cim_graph::core::petgraph_impl::EventGraph<cim_graph::core::node::GenericNode<&str>, cim_graph::core::edge::GenericEdge<f64>>>::add_edge::{closure#0}
FNDA:0,<cim_graph::core::petgraph_impl::EventGraph<_, _>>::remove_edge
FNDA:1,<cim_graph::core::petgraph_impl::EventGraph<cim_graph::graphs::concept::ConceptNode, cim_graph::graphs::concept::ConceptEdge>>::add_edge
FNDA:0,<cim_graph::core::petgraph_impl::EventGraph<cim_graph::graphs::context::ContextNode, cim_graph::graphs::context::ContextEdge>>::add_edge::{closure#1}
FNDA:0,<cim_graph::core::petgraph_impl::EventGraph<cim_graph::core::node::GenericNode<&str>, cim_graph::core::edge::GenericEdge<()>>>::add_edge::{closure#1}
FNDA:1,<cim_graph::core::petgraph_impl::EventGraph<cim_graph::graphs::ipld::IpldNode, cim_graph::graphs::ipld::IpldEdge>>::add_node
FNDA:1,<cim_graph::core::petgraph_impl::EventGraph<cim_graph::core::node::GenericNode<&str>, cim_graph::core::edge::GenericEdge<()>>>::new
FNDA:0,<cim_graph::core::petgraph_impl::EventGraph<cim_graph::graphs::context::ContextNode, cim_graph::graphs::context::ContextEdge>>::add_edge::{closure#0}
FNDA:0,<cim_graph::core::petgraph_impl::EventGraph<cim_graph::graphs::ipld::IpldNode, cim_graph::graphs::ipld::IpldEdge>>::add_edge::{closure#1}
FNDA:0,<cim_graph::core::petgraph_impl::EventGraph<cim_graph::graphs::concept::ConceptNode, cim_graph::graphs::concept::ConceptEdge>>::neighbors::{closure#0}
FNDA:0,<cim_graph::core::petgraph_impl::EventGraph<cim_graph::core::node::GenericNode<&str>, cim_graph::core::edge::GenericEdge<f64>>>::neighbors::{closure#0}
FNDA:1,<cim_graph::core::petgraph_impl::EventGraph<cim_graph::core::node::GenericNode<&str>, cim_graph::core::edge::GenericEdge<()>>>::add_edge
FNDA:1,<cim_graph::core::petgraph_impl::EventGraph<cim_graph::graphs::context::ContextNode, cim_graph::graphs::context::ContextEdge>>::get_node
FNDA:1,<cim_graph::core::petgraph_impl::EventGraph<cim_graph::graphs::workflow::WorkflowNode, cim_graph::graphs::workflow::WorkflowEdge>>::get_node::{closure#0}
FNDA:0,<cim_graph::core::petgraph_impl::EventGraph<_, _>>::petgraph_mut
FNDA:1,<cim_graph::core::petgraph_impl::EventGraph<cim_graph::core::node::GenericNode<&str>, cim_graph::core::edge::GenericEdge<f64>>>::emit_event
FNDA:0,<cim_graph::core::petgraph_impl::EventGraph<_, _>>::total_degree
FNDA:1,<cim_graph::core::petgraph_impl::EventGraph<cim_graph::graphs::concept::ConceptNode, cim_graph::graphs::concept::ConceptEdge>>::neighbors::{closure#1}
FNDA:0,<cim_graph::core::petgraph_impl::EventGraph<cim_graph::graphs::ipld::IpldNode, cim_graph::graphs::ipld::IpldEdge>>::add_handler
FNDA:1,<cim_graph::core::petgraph_impl::EventGraph<cim_graph::graphs::ipld::IpldNode, cim_graph::graphs::ipld::IpldEdge>>::get_edge
FNDA:1,<cim_graph::core::petgraph_impl::EventGraph<cim_graph::graphs::ipld::IpldNode, cim_graph::graphs::ipld::IpldEdge>>::edge_ids
FNDA:0,<cim_graph::core::petgraph_impl::EventGraph<_, _>>::total_degree::{closure#0}
FNDA:1,<cim_graph::core::petgraph_impl::EventGraph<cim_graph::graphs::concept::ConceptNode, cim_graph::graphs::concept::ConceptEdge>>::node_ids
FNDA:0,<cim_graph::core::petgraph_impl::EventGraph<cim_graph::graphs::composed::ComposedNode, cim_graph::graphs::composed::ComposedEdge>>::add_edge::{closure#1}
FNDA:0,<cim_graph::core::petgraph_impl::EventGraph<cim_graph::graphs::workflow::WorkflowNode, cim_graph::graphs::workflow::WorkflowEdge>>::add_edge::{closure#0}
FNDA:1,<cim_graph::core::petgraph_impl::EventGraph<cim_graph::core::node::GenericNode<&str>, cim_graph::core::edge::GenericEdge<()>>>::emit_event
FNDA:1,<cim_graph::core::petgraph_impl::EventGraph<cim_graph::graphs::workflow::WorkflowNode, cim_graph::graphs::workflow::WorkflowEdge>>::neighbors::{closure#1}
FNDA:0,<cim_graph::core::petgraph_impl::EventGraph<_, _>>::to_json
FNDA:1,<cim_graph::core::petgraph_impl::EventGraph<cim_graph::graphs::context::ContextNode, cim_graph::graphs::context::ContextEdge>>::get_node::{closure#0}
FNDA:1,<cim_graph::core::petgraph_impl::EventGraph<cim_graph::graphs::workflow::WorkflowNode, cim_graph::graphs::workflow::WorkflowEdge>>::neighbors
FNDA:0,<cim_graph::core::petgraph_impl::EventGraph<cim_graph::core::node::GenericNode<&str>, cim_graph::core::edge::GenericEdge<()>>>::add_edge::{closure#0}
FNDA:1,<cim_graph::core::petgraph_impl::EventGraph<cim_graph::core::node::GenericNode<&str>, cim_graph::core::edge::GenericEdge<f64>>>::degree
FNDA:1,<cim_graph::core::petgraph_impl::EventGraph<cim_graph::graphs::workflow::WorkflowNode, cim_graph::graphs::workflow::WorkflowEdge>>::edges_between::{closure#0}
FNDA:0,<cim_graph::core::petgraph_impl::EventGraph<_, _>>::remove_edge::{closure#0}
FNDA:1,<cim_graph::core::petgraph_impl::EventGraph<cim_graph::graphs::composed::ComposedNode, cim_graph::graphs::composed::ComposedEdge>>::emit_event
FNDA:1,<cim_graph::core::petgraph_impl::EventGraph<cim_graph::graphs::ipld::IpldNode, cim_graph::graphs::ipld::IpldEdge>>::emit_event
FNDA:1,<cim_graph::core::petgraph_impl::EventGraph<cim_graph::graphs::ipld::IpldNode, cim_graph::graphs::ipld::IpldEdge>>::new
FNDA:1,<cim_graph::core::petgraph_impl::EventGraph<cim_graph::graphs::concept::ConceptNode, cim_graph::graphs::concept::ConceptEdge>>::new
FNDA:1,<cim_graph::core::petgraph_impl::EventGraph<cim_graph::graphs::workflow::WorkflowNode, cim_graph::graphs::workflow::WorkflowEdge>>::add_edge
FNDA:1,<cim_graph::core::petgraph_impl::EventGraph<cim_graph::graphs::context::ContextNode, cim_graph::graphs::context::ContextEdge>>::new
FNDA:1,<cim_graph::core::petgraph_impl::EventGraph<cim_graph::core::node::GenericNode<&str>, cim_graph::core::edge::GenericEdge<()>>>::contains_node
FNDA:1,<cim_graph::core::petgraph_impl::EventGraph<cim_graph::graphs::context::ContextNode, cim_graph::graphs::context::ContextEdge>>::edge_count
FNDA:1,<cim_graph::core::petgraph_impl::EventGraph<cim_graph::graphs::concept::ConceptNode, cim_graph::graphs::concept::ConceptEdge>>::edges_between
FNDA:1,<cim_graph::core::petgraph_impl::EventGraph<cim_graph::graphs::composed::ComposedNode, cim_graph::graphs::composed::ComposedEdge>>::graph_type
FNDA:1,<cim_graph::core::petgraph_impl::EventGraph<cim_graph::core::node::GenericNode<&str>, cim_graph::core::edge::GenericEdge<()>>>::neighbors
FNDA:1,<cim_graph::core::petgraph_impl::EventGraph<cim_graph::graphs::workflow::WorkflowNode, cim_graph::graphs::workflow::WorkflowEdge>>::new
FNDA:1,<cim_graph::core::petgraph_impl::EventGraph<cim_graph::graphs::concept::ConceptNode, cim_graph::graphs::concept::ConceptEdge>>::edges_between::{closure#0}
FNDA:0,<cim_graph::core::petgraph_impl::EventGraph<cim_graph::core::node::GenericNode<&str>, cim_graph::core::edge::GenericEdge<f64>>>::degree::{closure#0}
FNDA:0,<cim_graph::core::petgraph_impl::EventGraph<cim_graph::graphs::concept::ConceptNode, cim_graph::graphs::concept::ConceptEdge>>::add_handler
FNDA:1,<cim_graph::core::petgraph_impl::EventGraph<cim_graph::graphs::context::ContextNode, cim_graph::graphs::context::ContextEdge>>::node_count
FNDA:1,<cim_graph::core::petgraph_impl::EventGraph<cim_graph::graphs::context::ContextNode, cim_graph::graphs::context::ContextEdge>>::add_edge
FNDA:1,<cim_graph::core::petgraph_impl::EventGraph<cim_graph::graphs::workflow::WorkflowNode, cim_graph::graphs::workflow::WorkflowEdge>>::edges_between
FNDA:1,<cim_graph::core::petgraph_impl::EventGraph<cim_graph::graphs::ipld::IpldNode, cim_graph::graphs::ipld::IpldEdge>>::node_ids
FNDA:0,<cim_graph::core::petgraph_impl::EventGraph<_, _>>::remove_node::{closure#1}
FNDA:0,<cim_graph::core::petgraph_impl::EventGraph<cim_graph::graphs::workflow::WorkflowNode, cim_graph::graphs::workflow::WorkflowEdge>>::neighbors::{closure#0}
FNDA:1,<cim_graph::core::petgraph_impl::EventGraph<cim_graph::graphs::composed::ComposedNode, cim_graph::graphs::composed::ComposedEdge>>::edge_count
FNDA:1,<cim_graph::core::petgraph_impl::EventGraph<cim_graph::core::node::GenericNode<&str>, cim_graph::core::edge::GenericEdge<()>>>::degree
FNDA:1,<cim_graph::core::petgraph_impl::EventGraph<cim_graph::core::node::GenericNode<&str>, cim_graph::core::edge::GenericEdge<f64>>>::neighbors::{closure#1}
FNDA:1,<cim_graph::core::petgraph_impl::EventGraph<cim_graph::graphs::context::ContextNode, cim_graph::graphs::context::ContextEdge>>::add_node
FNDA:0,<cim_graph::core::petgraph_impl::EventGraph<_, _>>::petgraph
FNDA:1,<cim_graph::core::petgraph_impl::EventGraph<cim_graph::graphs::concept::ConceptNode, cim_graph::graphs::concept::ConceptEdge>>::add_node
FNDA:1,<cim_graph::core::petgraph_impl::EventGraph<cim_graph::core::node::GenericNode<&str>, cim_graph::core::edge::GenericEdge<()>>>::add_node
FNDA:1,<cim_graph::core::petgraph_impl::EventGraph<cim_graph::graphs::ipld::IpldNode, cim_graph::graphs::ipld::IpldEdge>>::get_node_mut
FNDA:1,<cim_graph::core::petgraph_impl::EventGraph<cim_graph::graphs::composed::ComposedNode, cim_graph::graphs::composed::ComposedEdge>>::add_node
FNDA:1,<cim_graph::core::petgraph_impl::EventGraph<cim_graph::core::node::GenericNode<&str>, cim_graph::core::edge::GenericEdge<f64>>>::node_count
FNDA:0,<cim_graph::core::petgraph_impl::EventGraph<_, _>>::predecessors::{closure#0}
FNDA:0,<cim_graph::core::petgraph_impl::EventGraph<_, _>>::predecessors
[...]
DA:227,5
DA:228,5
DA:229,5
DA:230,5
DA:231,5
DA:232,5
DA:233,5
DA:234,5
DA:235,5
DA:236,5
DA:237,5
DA:238,5
DA:239,5
DA:240,5
DA:241,5
DA:242,5
DA:243,5
DA:244,5
DA:246,5
DA:249,9
DA:250,9
DA:251,9
DA:253,9
DA:254,9
DA:256,9
DA:257,9
DA:260,4
DA:262,4
DA:263,3
DA:264,1
DA:265,1
DA:266,1
DA:267,1
DA:268,2
DA:269,1
DA:271,3
DA:272,4
DA:275,3
DA:277,11
DA:278,11
DA:279,7
DA:280,2
DA:281,11
DA:282,3
DA:285,2
DA:286,2
DA:287,2
DA:288,2
DA:289,2
DA:290,2
DA:291,2
DA:292,2
DA:293,2
DA:294,2
DA:295,2
DA:296,2
DA:297,2
DA:298,2
DA:301,0
DA:302,0
DA:303,0
DA:304,0
DA:305,0
DA:306,0
DA:307,0
DA:310,0
DA:311,0
DA:312,0
DA:313,0
DA:314,0
DA:315,0
DA:316,0
DA:319,1
DA:320,1
DA:323,1
DA:324,1
DA:325,3
DA:326,2
DA:327,1
DA:330,3
DA:331,2
DA:334,2
DA:335,3
DA:336,1
DA:337,1
DA:338,1
DA:340,0
DA:342,2
DA:345,1
DA:346,1
DA:349,0
DA:350,0
DA:352,0
DA:353,0
DA:354,0
DA:355,0
DA:356,0
DA:359,0
DA:360,0
DA:363,0
DA:364,0
DA:365,0
DA:366,0
DA:367,0
DA:368,0
DA:369,0
DA:372,0
DA:373,0
DA:374,0
DA:375,0
DA:376,0
DA:377,0
DA:378,0
DA:379,0
DA:381,0
DA:382,0
DA:383,0
DA:384,0
DA:385,0
DA:386,0
DA:387,0
DA:388,0
DA:389,0
DA:391,0
DA:392,0
DA:395,0
DA:396,0
DA:397,0
DA:398,0
DA:399,0
DA:402,0
DA:403,0
DA:404,0
DA:405,0
DA:408,0
DA:409,0
DA:410,0
DA:412,0
DA:413,0
DA:414,0
DA:415,0
DA:416,0
DA:417,0
DA:418,0
DA:420,0
DA:421,0
DA:422,0
DA:423,0
DA:424,0
DA:426,0
DA:427,0
DA:430,0
DA:431,0
DA:433,0
DA:434,0
DA:435,0
DA:436,0
DA:437,0
DA:438,0
DA:439,0
DA:440,0
DA:441,0
DA:442,0
DA:445,0
DA:446,0
DA:449,4
DA:450,4
DA:451,4
DA:454,0
DA:455,0
DA:456,0
DA:475,0
DA:476,0
DA:477,0
DA:487,1
DA:488,1
DA:489,1
DA:490,1
DA:491,1
DA:494,1
DA:495,1
DA:498,1
DA:499,1
DA:501,1
DA:502,1
DA:505,1
DA:514,1
DA:515,1
DA:518,1
DA:519,1
DA:522,1
DA:523,1
DA:525,1
DA:526,1
DA:529,1
DA:530,1
DA:533,1
DA:534,1
DA:537,1
DA:538,1
DA:539,1
DA:540,1
DA:543,1
DA:544,1
DA:547,1
DA:551,1
DA:555,1
DA:556,1
DA:558,1
DA:559,1
DA:562,1
DA:563,1
DA:564,1
LF:314
LH:177
end_of_record
SF:src/graphs/context.rs
FN:225,<cim_graph::graphs::context::ContextGraph>::add_entity::<&str, &str, &str>
FN:237,<cim_graph::graphs::context::ContextGraph>::add_entity::<&str, &str, &alloc::string::String>::{closure#1}
FN:140,<cim_graph::graphs::context::ContextEdge>::new::<alloc::string::String, alloc::string::String>
FN:213,<cim_graph::graphs::context::ContextGraph>::add_aggregate::<&str, &str, &str>
FN:264,<cim_graph::graphs::context::ContextGraph>::get_context_objects
FN:355,cim_graph::graphs::context::tests::test_aggregate_hierarchy
FN:344,cim_graph::graphs::context::tests::test_bounded_contexts
FN:225,<cim_graph::graphs::context::ContextGraph>::add_entity::<&str, &str, &alloc::string::String>
FN:237,<cim_graph::graphs::context::ContextGraph>::add_entity::<&str, &str, &str>::{closure#1}
FN:79,<cim_graph::graphs::context::ContextNode>::object_type
FN:74,<cim_graph::graphs::context::ContextNode>::add_invariant::<_>
FN:95,<cim_graph::graphs::context::ContextNode as cim_graph::core::node::Node>::id
FN:68,<cim_graph::graphs::context::ContextNode>::with_properties
FN:169,<cim_graph::graphs::context::ContextEdge as cim_graph::core::edge::Edge>::source
FN:268,<cim_graph::graphs::context::ContextGraph>::get_context_objects::{closure#1}
FN:46,<cim_graph::graphs::context::ContextNode>::new::<&str, &str>
FN:207,<cim_graph::graphs::context::ContextGraph>::add_bounded_context::<&str, &str>
FN:165,<cim_graph::graphs::context::ContextEdge as cim_graph::core::edge::Edge>::id
FN:316,<cim_graph::graphs::context::ContextGraph>::graph
FN:273,<cim_graph::graphs::context::ContextGraph>::get_aggregates
FN:186,<cim_graph::graphs::context::ContextGraph>::new
FN:281,<cim_graph::graphs::context::ContextGraph>::validate_boundaries
FN:84,<cim_graph::graphs::context::ContextNode>::name
FN:321,<cim_graph::graphs::context::ContextGraph>::graph_mut
FN:236,<cim_graph::graphs::context::ContextGraph>::add_entity::<&str, &str, &alloc::string::String>::{closure#0}
FN:236,<cim_graph::graphs::context::ContextGraph>::add_entity::<&str, &str, &str>::{closure#0}
FN:196,<cim_graph::graphs::context::ContextGraph>::with_handler
FN:327,<cim_graph::graphs::context::ContextGraph as core::default::Default>::default
FN:62,<cim_graph::graphs::context::ContextNode>::with_context::<alloc::string::String>
FN:253,<cim_graph::graphs::context::ContextGraph>::add_relationship::<&str, &str>
FN:62,<cim_graph::graphs::context::ContextNode>::with_context::<&str>
FN:267,<cim_graph::graphs::context::ContextGraph>::get_context_objects::{closure#0}
FN:46,<cim_graph::graphs::context::ContextNode>::new::<alloc::string::String, &str>
FN:276,<cim_graph::graphs::context::ContextGraph>::get_aggregates::{closure#0}
FN:173,<cim_graph::graphs::context::ContextEdge as cim_graph::core::edge::Edge>::target
FN:159,<cim_graph::graphs::context::ContextEdge>::relationship_type
FN:337,cim_graph::graphs::context::tests::test_context_graph_creation
FN:89,<cim_graph::graphs::context::ContextNode>::bounded_context
FN:375,cim_graph::graphs::context::tests::test_context_validation
FN:300,<cim_graph::graphs::context::ContextGraph>::validate_boundaries::{closure#1}
FN:140,<cim_graph::graphs::context::ContextEdge>::new::<&str, &str>
FN:298,<cim_graph::graphs::context::ContextGraph>::validate_boundaries::{closure#0}
FNDA:1,<cim_graph::graphs::context::ContextGraph>::add_entity::<&str, &str, &str>
FNDA:0,<cim_graph::graphs::context::ContextGraph>::add_entity::<&str, &str, &alloc::string::String>::{closure#1}
FNDA:1,<cim_graph::graphs::context::ContextEdge>::new::<alloc::string::String, alloc::string::String>
FNDA:1,<cim_graph::graphs::context::ContextGraph>::add_aggregate::<&str, &str, &str>
FNDA:0,<cim_graph::graphs::context::ContextGraph>::get_context_objects
FNDA:1,cim_graph::graphs::context::tests::test_aggregate_hierarchy
FNDA:1,cim_graph::graphs::context::tests::test_bounded_contexts
FNDA:1,<cim_graph::graphs::context::ContextGraph>::add_entity::<&str, &str, &alloc::string::String>
FNDA:0,<cim_graph::graphs::context::ContextGraph>::add_entity::<&str, &str, &str>::{closure#1}
FNDA:0,<cim_graph::graphs::context::ContextNode>::object_type
FNDA:0,<cim_graph::graphs::context::ContextNode>::add_invariant::<_>
FNDA:1,<cim_graph::graphs::context::ContextNode as cim_graph::core::node::Node>::id
FNDA:0,<cim_graph::graphs::context::ContextNode>::with_properties
FNDA:1,<cim_graph::graphs::context::ContextEdge as cim_graph::core::edge::Edge>::source
FNDA:0,<cim_graph::graphs::context::ContextGraph>::get_context_objects::{closure#1}
FNDA:1,<cim_graph::graphs::context::ContextNode>::new::<&str, &str>
FNDA:1,<cim_graph::graphs::context::ContextGraph>::add_bounded_context::<&str, &str>
FNDA:1,<cim_graph::graphs::context::ContextEdge as cim_graph::core::edge::Edge>::id
FNDA:1,<cim_graph::graphs::context::ContextGraph>::graph
FNDA:0,<cim_graph::graphs::context::ContextGraph>::get_aggregates
FNDA:1,<cim_graph::graphs::context::ContextGraph>::new
FNDA:1,<cim_graph::graphs::context::ContextGraph>::validate_boundaries
FNDA:0,<cim_graph::graphs::context::ContextNode>::name
FNDA:0,<cim_graph::graphs::context::ContextGraph>::graph_mut
FNDA:1,<cim_graph::graphs::context::ContextGraph>::add_entity::<&str, &str, &alloc::string::String>::{closure#0}
FNDA:1,<cim_graph::graphs::context::ContextGraph>::add_entity::<&str, &str, &str>::{closure#0}
FNDA:0,<cim_graph::graphs::context::ContextGraph>::with_handler
FNDA:0,<cim_graph::graphs::context::ContextGraph as core::default::Default>::default
FNDA:1,<cim_graph::graphs::context::ContextNode>::with_context::<alloc::string::String>
FNDA:1,<cim_graph::graphs::context::ContextGraph>::add_relationship::<&str, &str>
FNDA:1,<cim_graph::graphs::context::ContextNode>::with_context::<&str>
FNDA:0,<cim_graph::graphs::context::ContextGraph>::get_context_objects::{closure#0}
FNDA:1,<cim_graph::graphs::context::ContextNode>::new::<alloc::string::String, &str>
FNDA:0,<cim_graph::graphs::context::ContextGraph>::get_aggregates::{closure#0}
FNDA:1,<cim_graph::graphs::context::ContextEdge as cim_graph::core::edge::Edge>::target
FNDA:1,<cim_graph::graphs::context::ContextEdge>::relationship_type
FNDA:1,cim_graph::graphs::context::tests::test_context_graph_creation
FNDA:1,<cim_graph::graphs::context::ContextNode>::bounded_context
FNDA:1,cim_graph::graphs::context::tests::test_context_validation
FNDA:1,<cim_graph::graphs::context::ContextGraph>::validate_boundaries::{closure#1}
FNDA:1,<cim_graph::graphs::context::ContextEdge>::new::<&str, &str>
FNDA:1,<cim_graph::graphs::context::ContextGraph>::validate_boundaries::{closure#0}
FNF:42
FNH:28
BRF:0
BRH:0
DA:46,12
DA:47,12
DA:48,12
DA:49,12
DA:50,12
DA:51,12
DA:52,12
DA:53,12
DA:54,12
DA:55,12
DA:56,12
DA:57,12
DA:58,12
DA:59,12
DA:62,6
DA:63,6
DA:64,6
DA:65,6
DA:68,0
DA:69,0
DA:70,0
DA:71,0
DA:74,0
DA:75,0
DA:76,0
DA:79,0
DA:80,0
DA:81,0
DA:84,0
DA:85,0
DA:86,0
DA:89,5
DA:90,5
DA:91,5
DA:95,12
DA:96,12
DA:97,12
DA:140,3
DA:141,3
DA:142,3
DA:143,3
DA:144,3
DA:145,3
DA:146,3
DA:147,3
DA:149,3
DA:150,3
DA:151,3
DA:152,3
DA:153,3
DA:154,3
DA:155,3
DA:156,3
DA:159,1
DA:160,1
DA:161,1
DA:165,3
DA:166,3
DA:167,3
DA:169,5
DA:170,5
DA:171,5
DA:173,5
DA:174,5
DA:175,5
DA:186,5
DA:187,5
DA:188,5
DA:189,5
DA:190,5
DA:192,5
DA:193,5
DA:196,0
DA:197,0
DA:198,0
DA:199,0
DA:200,0
DA:201,0
DA:203,0
DA:204,0
DA:207,6
DA:208,6
DA:209,6
DA:210,6
DA:213,4
DA:214,4
DA:215,4
DA:216,4
DA:217,4
DA:218,4
DA:219,4
DA:220,4
DA:221,4
DA:222,4
DA:225,2
DA:226,2
DA:227,2
DA:228,2
DA:229,2
DA:230,2
DA:231,2
DA:232,2
DA:235,2
DA:236,2
DA:237,2
DA:238,2
DA:240,2
DA:241,2
DA:243,2
DA:246,2
DA:247,2
DA:249,2
DA:250,2
DA:253,1
DA:254,1
DA:255,1
DA:256,1
DA:257,1
DA:258,1
DA:259,1
DA:260,1
DA:261,1
DA:264,0
DA:265,0
DA:266,0
DA:267,0
DA:268,0
DA:269,0
DA:270,0
DA:273,0
DA:274,0
DA:275,0
DA:276,0
DA:277,0
DA:278,0
DA:281,1
DA:282,1
DA:284,1
DA:285,1
DA:287,1
DA:292,0
DA:293,1
DA:297,1
DA:298,1
DA:299,1
DA:300,1
DA:302,1
DA:303,1
DA:304,1
DA:305,1
DA:306,1
DA:307,1
DA:308,1
DA:309,0
DA:312,1
DA:313,1
DA:316,8
DA:317,8
DA:318,8
DA:321,0
DA:322,0
DA:323,0
DA:327,0
DA:328,0
DA:329,0
DA:337,1
DA:338,1
DA:339,1
DA:340,1
DA:341,1
DA:344,1
DA:345,1
DA:348,1
DA:349,1
DA:351,1
DA:352,1
DA:355,1
DA:356,1
DA:359,1
DA:360,1
DA:363,1
DA:366,1
DA:367,1
DA:370,1
DA:371,1
DA:372,1
DA:375,1
DA:376,1
DA:379,1
DA:380,1
DA:383,1
DA:384,1
DA:387,1
DA:390,1
DA:391,1
DA:392,1
DA:393,1
LF:197
LH:155
end_of_record
SF:src/graphs/concept.rs
FN:322,<cim_graph::graphs::concept::ConceptGraph>::add_concept
FN:347,<cim_graph::graphs::concept::ConceptGraph>::has_relation::{closure#0}
FN:280,<cim_graph::graphs::concept::ConceptGraph>::new::{closure#1}
FN:498,<cim_graph::graphs::concept::ConceptGraph>::get_relations
FN:540,<cim_graph::graphs::concept::ConceptGraph as core::default::Default>::default
FN:391,<cim_graph::graphs::concept::ConceptGraph>::get_superclasses
FN:609,cim_graph::graphs::concept::tests::test_consistency_checking
FN:222,<cim_graph::graphs::concept::ConceptEdge>::confidence
FN:189,<cim_graph::graphs::concept::ConceptEdge>::custom::<_, _, _>
FN:303,<cim_graph::graphs::concept::ConceptGraph>::with_handler
FN:236,<cim_graph::graphs::concept::ConceptEdge as cim_graph::core::edge::Edge>::target
FN:69,<cim_graph::graphs::concept::ConceptNode>::add_annotation::<_, _>
FN:64,<cim_graph::graphs::concept::ConceptNode>::get_property
FN:481,<cim_graph::graphs::concept::ConceptGraph>::add_rule
FN:420,<cim_graph::graphs::concept::ConceptGraph>::get_instances
FN:285,<cim_graph::graphs::concept::ConceptGraph>::new::{closure#2}
FN:167,<cim_graph::graphs::concept::ConceptEdge>::new::<&str, &str>
FN:524,<cim_graph::graphs::concept::ConceptGraph>::get_all_concepts::{closure#0}
FN:486,<cim_graph::graphs::concept::ConceptGraph>::rules
FN:529,<cim_graph::graphs::concept::ConceptGraph>::graph
FN:84,<cim_graph::graphs::concept::ConceptNode>::name
FN:74,<cim_graph::graphs::concept::ConceptNode>::concept_type
FN:336,<cim_graph::graphs::concept::ConceptGraph>::add_relation
FN:521,<cim_graph::graphs::concept::ConceptGraph>::get_all_concepts
FN:262,<cim_graph::graphs::concept::ConceptGraph>::new
FN:211,<cim_graph::graphs::concept::ConceptEdge>::with_confidence
FN:353,<cim_graph::graphs::concept::ConceptGraph>::has_relation::{closure#1}
FN:45,<cim_graph::graphs::concept::ConceptNode>::new::<&str, &str>
FN:273,<cim_graph::graphs::concept::ConceptGraph>::new::{closure#0}
FN:557,cim_graph::graphs::concept::tests::test_class_hierarchy
FN:442,<cim_graph::graphs::concept::ConceptGraph>::check_consistency
FN:514,<cim_graph::graphs::concept::ConceptGraph>::get_inferred
FN:292,<cim_graph::graphs::concept::ConceptGraph>::new::{closure#3}
FN:228,<cim_graph::graphs::concept::ConceptEdge as cim_graph::core::edge::Edge>::id
FN:275,<cim_graph::graphs::concept::ConceptGraph>::new::{closure#0}::{closure#0}
FN:491,<cim_graph::graphs::concept::ConceptGraph>::apply_inference
FN:287,<cim_graph::graphs::concept::ConceptGraph>::new::{closure#2}::{closure#0}
FN:217,<cim_graph::graphs::concept::ConceptEdge>::relation
FN:344,<cim_graph::graphs::concept::ConceptGraph>::has_relation
FN:90,<cim_graph::graphs::concept::ConceptNode as cim_graph::core::node::Node>::id
FN:534,<cim_graph::graphs::concept::ConceptGraph>::graph_mut
FN:56,<cim_graph::graphs::concept::ConceptNode>::add_property::<&alloc::string::String>
FN:232,<cim_graph::graphs::concept::ConceptEdge as cim_graph::core::edge::Edge>::source
FN:550,cim_graph::graphs::concept::tests::test_concept_graph_creation
FN:362,<cim_graph::graphs::concept::ConceptGraph>::run_inference
FN:79,<cim_graph::graphs::concept::ConceptNode>::label
FN:127,<cim_graph::graphs::concept::SemanticRelation as core::fmt::Display>::fmt
FN:585,cim_graph::graphs::concept::tests::test_instance_inference
FNDA:1,<cim_graph::graphs::concept::ConceptGraph>::add_concept
FNDA:1,<cim_graph::graphs::concept::ConceptGraph>::has_relation::{closure#0}
FNDA:1,<cim_graph::graphs::concept::ConceptGraph>::new::{closure#1}
FNDA:0,<cim_graph::graphs::concept::ConceptGraph>::get_relations
FNDA:0,<cim_graph::graphs::concept::ConceptGraph as core::default::Default>::default
FNDA:1,<cim_graph::graphs::concept::ConceptGraph>::get_superclasses
FNDA:1,cim_graph::graphs::concept::tests::test_consistency_checking
FNDA:0,<cim_graph::graphs::concept::ConceptEdge>::confidence
FNDA:0,<cim_graph::graphs::concept::ConceptEdge>::custom::<_, _, _>
FNDA:0,<cim_graph::graphs::concept::ConceptGraph>::with_handler
FNDA:1,<cim_graph::graphs::concept::ConceptEdge as cim_graph::core::edge::Edge>::target
FNDA:0,<cim_graph::graphs::concept::ConceptNode>::add_annotation::<_, _>
FNDA:0,<cim_graph::graphs::concept::ConceptNode>::get_property
FNDA:0,<cim_graph::graphs::concept::ConceptGraph>::add_rule
FNDA:1,<cim_graph::graphs::concept::ConceptGraph>::get_instances
FNDA:1,<cim_graph::graphs::concept::ConceptGraph>::new::{closure#2}
FNDA:1,<cim_graph::graphs::concept::ConceptEdge>::new::<&str, &str>
FNDA:0,<cim_graph::graphs::concept::ConceptGraph>::get_all_concepts::{closure#0}
FNDA:0,<cim_graph::graphs::concept::ConceptGraph>::rules
FNDA:1,<cim_graph::graphs::concept::ConceptGraph>::graph
FNDA:0,<cim_graph::graphs::concept::ConceptNode>::name
FNDA:0,<cim_graph::graphs::concept::ConceptNode>::concept_type
FNDA:1,<cim_graph::graphs::concept::ConceptGraph>::add_relation
FNDA:0,<cim_graph::graphs::concept::ConceptGraph>::get_all_concepts
FNDA:1,<cim_graph::graphs::concept::ConceptGraph>::new
FNDA:0,<cim_graph::graphs::concept::ConceptEdge>::with_confidence
FNDA:1,<cim_graph::graphs::concept::ConceptGraph>::has_relation::{closure#1}
FNDA:1,<cim_graph::graphs::concept::ConceptNode>::new::<&str, &str>
FNDA:1,<cim_graph::graphs::concept::ConceptGraph>::new::{closure#0}
FNDA:1,cim_graph::graphs::concept::tests::test_class_hierarchy
FNDA:1,<cim_graph::graphs::concept::ConceptGraph>::check_consistency
FNDA:0,<cim_graph::graphs::concept::ConceptGraph>::get_inferred
FNDA:1,<cim_graph::graphs::concept::ConceptGraph>::new::{closure#3}
FNDA:1,<cim_graph::graphs::concept::ConceptEdge as cim_graph::core::edge::Edge>::id
FNDA:1,<cim_graph::graphs::concept::ConceptGraph>::new::{closure#0}::{closure#0}
FNDA:1,<cim_graph::graphs::concept::ConceptGraph>::apply_inference
FNDA:1,<cim_graph::graphs::concept::ConceptGraph>::new::{closure#2}::{closure#0}
FNDA:1,<cim_graph::graphs::concept::ConceptEdge>::relation
FNDA:1,<cim_graph::graphs::concept::ConceptGraph>::has_relation
FNDA:1,<cim_graph::graphs::concept::ConceptNode as cim_graph::core::node::Node>::id
FNDA:0,<cim_graph::graphs::concept::ConceptGraph>::graph_mut
FNDA:1,<cim_graph::graphs::concept::ConceptNode>::add_property::<&alloc::string::String>
FNDA:1,<cim_graph::graphs::concept::ConceptEdge as cim_graph::core::edge::Edge>::source
FNDA:1,cim_graph::graphs::concept::tests::test_concept_graph_creation
FNDA:1,<cim_graph::graphs::concept::ConceptGraph>::run_inference
FNDA:0,<cim_graph::graphs::concept::ConceptNode>::label
FNDA:0,<cim_graph::graphs::concept::SemanticRelation as core::fmt::Display>::fmt
FNDA:1,cim_graph::graphs::concept::tests::test_instance_inference
FNF:48
FNH:30
BRF:0
BRH:0
DA:45,15
DA:46,15
DA:47,15
DA:48,15
DA:49,15
DA:50,15
DA:51,15
DA:52,15
DA:53,15
DA:56,4
DA:57,4
DA:58,4
DA:59,4
DA:60,4
DA:61,4
DA:64,0
DA:65,0
DA:66,0
DA:69,0
DA:70,0
DA:71,0
DA:74,0
DA:75,0
DA:76,0
DA:79,0
DA:80,0
DA:81,0
DA:84,0
DA:85,0
DA:86,0
DA:90,19
DA:91,19
DA:92,19
DA:127,0
DA:128,0
DA:129,0
DA:130,0
DA:131,0
DA:132,0
DA:133,0
DA:134,0
DA:135,0
DA:136,0
DA:137,0
DA:138,0
DA:139,0
DA:140,0
DA:141,0
DA:143,0
DA:167,8
DA:168,8
DA:169,8
DA:170,8
DA:171,8
DA:172,8
DA:173,8
DA:174,8
DA:175,8
DA:177,8
DA:178,8
DA:179,8
DA:180,8
DA:181,8
DA:182,8
DA:183,8
DA:184,8
DA:185,8
DA:186,8
DA:189,0
DA:190,0
DA:191,0
DA:192,0
DA:193,0
DA:194,0
DA:195,0
DA:196,0
DA:197,0
DA:199,0
DA:200,0
DA:201,0
DA:202,0
DA:203,0
DA:204,0
DA:205,0
DA:206,0
DA:207,0
DA:208,0
DA:211,0
DA:212,0
DA:213,0
DA:214,0
DA:217,32
DA:218,32
DA:219,32
DA:222,0
DA:223,0
DA:224,0
DA:228,8
DA:229,8
DA:230,8
DA:232,8
DA:233,8
DA:234,8
DA:236,8
DA:237,8
DA:238,8
DA:262,5
DA:263,5
DA:264,5
DA:265,5
DA:266,5
DA:268,5
DA:271,5
DA:272,5
DA:273,12
DA:275,36
DA:276,36
DA:277,6
DA:278,36
DA:279,12
DA:280,1
DA:283,5
DA:284,5
DA:285,12
DA:287,35
DA:288,35
DA:289,2
DA:290,35
DA:291,12
DA:292,1
DA:295,5
DA:296,5
DA:297,5
DA:298,5
DA:299,5
DA:300,5
DA:303,0
DA:304,0
DA:305,0
DA:306,0
DA:307,0
DA:308,0
DA:310,0
DA:311,0
DA:312,0
DA:313,0
DA:314,0
DA:317,0
DA:318,0
DA:319,0
DA:322,11
DA:323,11
DA:326,11
DA:327,15
DA:328,4
DA:329,4
DA:330,0
DA:332,11
DA:333,11
DA:336,8
DA:338,8
DA:339,8
DA:340,8
DA:341,8
DA:344,107
DA:346,107
DA:347,107
DA:348,16
DA:349,91
DA:352,91
DA:353,5
DA:354,3
DA:355,2
DA:356,86
DA:358,88
DA:359,107
DA:362,2
DA:363,2
DA:366,6
DA:367,12
DA:368,36
DA:369,36
DA:370,2
DA:373,2
DA:374,2
DA:375,2
DA:376,34
DA:382,4
DA:383,2
DA:384,2
DA:385,2
DA:386,2
DA:387,2
DA:388,2
DA:391,4
DA:392,4
DA:393,4
DA:395,10
DA:397,6
DA:398,5
DA:399,10
DA:400,5
DA:401,1
DA:402,4
DA:407,6
DA:408,2
DA:409,1
DA:410,1
DA:411,1
DA:413,5
DA:416,4
DA:417,4
DA:420,2
DA:421,2
DA:424,6
DA:425,6
DA:426,2
DA:427,4
DA:431,6
DA:432,6
DA:433,1
DA:434,1
DA:435,5
DA:438,2
DA:439,2
DA:442,1
DA:443,1
DA:446,3
DA:447,3
DA:448,3
DA:449,0
DA:450,3
DA:454,3
DA:455,3
DA:458,9
DA:459,9
DA:460,2
DA:461,7
DA:465,5
DA:466,6
DA:467,4
DA:468,1
DA:469,1
DA:470,1
DA:471,1
DA:472,3
DA:477,1
DA:478,1
DA:481,0
DA:482,0
DA:483,0
DA:486,0
DA:487,0
DA:488,0
DA:491,1
DA:494,1
DA:495,1
DA:498,0
DA:499,0
DA:502,0
DA:503,0
DA:504,0
DA:505,0
DA:506,0
DA:508,0
DA:510,0
DA:511,0
DA:514,0
DA:515,0
DA:516,0
DA:517,0
DA:518,0
DA:521,0
DA:522,0
DA:523,0
DA:524,0
DA:525,0
DA:526,0
DA:529,4
DA:530,4
DA:531,4
DA:534,0
DA:535,0
DA:536,0
DA:540,0
DA:541,0
DA:542,0
DA:550,1
DA:551,1
DA:552,1
DA:553,1
DA:554,1
DA:557,1
DA:558,1
DA:561,1
DA:562,1
DA:563,1
DA:566,1
DA:567,1
DA:570,1
DA:573,1
DA:576,1
DA:579,1
DA:580,1
DA:581,1
DA:582,1
DA:585,1
DA:586,1
DA:589,1
DA:590,1
DA:591,1
DA:594,1
DA:595,1
DA:598,1
DA:601,1
DA:604,1
DA:605,1
DA:606,1
DA:609,1
DA:610,1
DA:613,1
DA:614,1
DA:615,1
DA:618,1
DA:621,1
DA:622,1
DA:625,1
DA:626,1
DA:627,1
DA:628,1
LF:330
LH:224
end_of_record
